[2022-09-23T11:21:44.780+0000] {processor.py:156} INFO - Started process (PID=179) to work on /opt/airflow/dags/example_dag.py
[2022-09-23T11:21:44.782+0000] {processor.py:758} INFO - Processing file /opt/airflow/dags/example_dag.py for tasks to queue
[2022-09-23T11:21:44.785+0000] {logging_mixin.py:117} INFO - [2022-09-23T11:21:44.784+0000] {dagbag.py:525} INFO - Filling up the DagBag from /opt/airflow/dags/example_dag.py
[2022-09-23T11:21:46.228+0000] {processor.py:768} INFO - DAG(s) dict_keys(['exemplo-dag-docker']) retrieved from /opt/airflow/dags/example_dag.py
[2022-09-23T11:21:46.677+0000] {logging_mixin.py:117} INFO - [2022-09-23T11:21:46.677+0000] {dag.py:2573} INFO - Sync 1 DAGs
[2022-09-23T11:21:46.959+0000] {logging_mixin.py:117} INFO - [2022-09-23T11:21:46.959+0000] {dag.py:3328} INFO - Setting next_dagrun for exemplo-dag-docker to None, run_after=None
[2022-09-23T11:21:47.112+0000] {processor.py:178} INFO - Processing /opt/airflow/dags/example_dag.py took 2.378 seconds
[2022-09-23T11:22:18.280+0000] {processor.py:156} INFO - Started process (PID=202) to work on /opt/airflow/dags/example_dag.py
[2022-09-23T11:22:18.288+0000] {processor.py:758} INFO - Processing file /opt/airflow/dags/example_dag.py for tasks to queue
[2022-09-23T11:22:18.326+0000] {logging_mixin.py:117} INFO - [2022-09-23T11:22:18.293+0000] {dagbag.py:525} INFO - Filling up the DagBag from /opt/airflow/dags/example_dag.py
[2022-09-23T11:22:20.991+0000] {processor.py:768} INFO - DAG(s) dict_keys(['exemplo-dag-docker']) retrieved from /opt/airflow/dags/example_dag.py
[2022-09-23T11:22:22.048+0000] {logging_mixin.py:117} INFO - [2022-09-23T11:22:22.047+0000] {dag.py:2573} INFO - Sync 1 DAGs
[2022-09-23T11:22:33.390+0000] {logging_mixin.py:117} INFO - [2022-09-23T11:22:33.390+0000] {dag.py:3328} INFO - Setting next_dagrun for exemplo-dag-docker to None, run_after=None
[2022-09-23T11:22:33.437+0000] {processor.py:178} INFO - Processing /opt/airflow/dags/example_dag.py took 15.311 seconds
[2022-09-23T11:23:03.880+0000] {processor.py:156} INFO - Started process (PID=224) to work on /opt/airflow/dags/example_dag.py
[2022-09-23T11:23:03.884+0000] {processor.py:758} INFO - Processing file /opt/airflow/dags/example_dag.py for tasks to queue
[2022-09-23T11:23:03.885+0000] {logging_mixin.py:117} INFO - [2022-09-23T11:23:03.884+0000] {dagbag.py:525} INFO - Filling up the DagBag from /opt/airflow/dags/example_dag.py
[2022-09-23T11:23:04.311+0000] {processor.py:768} INFO - DAG(s) dict_keys(['exemplo-dag-docker']) retrieved from /opt/airflow/dags/example_dag.py
[2022-09-23T11:23:04.563+0000] {logging_mixin.py:117} INFO - [2022-09-23T11:23:04.562+0000] {dag.py:2573} INFO - Sync 1 DAGs
[2022-09-23T11:23:04.944+0000] {logging_mixin.py:117} INFO - [2022-09-23T11:23:04.943+0000] {dag.py:3328} INFO - Setting next_dagrun for exemplo-dag-docker to None, run_after=None
[2022-09-23T11:23:04.992+0000] {processor.py:178} INFO - Processing /opt/airflow/dags/example_dag.py took 1.115 seconds
[2022-09-23T11:23:35.207+0000] {processor.py:156} INFO - Started process (PID=255) to work on /opt/airflow/dags/example_dag.py
[2022-09-23T11:23:35.210+0000] {processor.py:758} INFO - Processing file /opt/airflow/dags/example_dag.py for tasks to queue
[2022-09-23T11:23:35.212+0000] {logging_mixin.py:117} INFO - [2022-09-23T11:23:35.212+0000] {dagbag.py:525} INFO - Filling up the DagBag from /opt/airflow/dags/example_dag.py
[2022-09-23T11:23:35.416+0000] {processor.py:768} INFO - DAG(s) dict_keys(['exemplo-dag-docker']) retrieved from /opt/airflow/dags/example_dag.py
[2022-09-23T11:23:35.913+0000] {logging_mixin.py:117} INFO - [2022-09-23T11:23:35.913+0000] {dag.py:2573} INFO - Sync 1 DAGs
[2022-09-23T11:23:35.994+0000] {logging_mixin.py:117} INFO - [2022-09-23T11:23:35.994+0000] {dag.py:3328} INFO - Setting next_dagrun for exemplo-dag-docker to None, run_after=None
[2022-09-23T11:23:36.030+0000] {processor.py:178} INFO - Processing /opt/airflow/dags/example_dag.py took 0.828 seconds
[2022-09-23T11:24:06.713+0000] {processor.py:156} INFO - Started process (PID=278) to work on /opt/airflow/dags/example_dag.py
[2022-09-23T11:24:06.716+0000] {processor.py:758} INFO - Processing file /opt/airflow/dags/example_dag.py for tasks to queue
[2022-09-23T11:24:06.717+0000] {logging_mixin.py:117} INFO - [2022-09-23T11:24:06.717+0000] {dagbag.py:525} INFO - Filling up the DagBag from /opt/airflow/dags/example_dag.py
[2022-09-23T11:24:06.808+0000] {processor.py:768} INFO - DAG(s) dict_keys(['exemplo-dag-docker']) retrieved from /opt/airflow/dags/example_dag.py
[2022-09-23T11:24:07.073+0000] {logging_mixin.py:117} INFO - [2022-09-23T11:24:07.073+0000] {dag.py:2573} INFO - Sync 1 DAGs
[2022-09-23T11:24:07.108+0000] {logging_mixin.py:117} INFO - [2022-09-23T11:24:07.108+0000] {dag.py:3328} INFO - Setting next_dagrun for exemplo-dag-docker to None, run_after=None
[2022-09-23T11:24:07.157+0000] {processor.py:178} INFO - Processing /opt/airflow/dags/example_dag.py took 0.450 seconds
[2022-09-23T11:24:37.511+0000] {processor.py:156} INFO - Started process (PID=310) to work on /opt/airflow/dags/example_dag.py
[2022-09-23T11:24:37.513+0000] {processor.py:758} INFO - Processing file /opt/airflow/dags/example_dag.py for tasks to queue
[2022-09-23T11:24:37.515+0000] {logging_mixin.py:117} INFO - [2022-09-23T11:24:37.514+0000] {dagbag.py:525} INFO - Filling up the DagBag from /opt/airflow/dags/example_dag.py
[2022-09-23T11:24:37.589+0000] {processor.py:768} INFO - DAG(s) dict_keys(['exemplo-dag-docker']) retrieved from /opt/airflow/dags/example_dag.py
[2022-09-23T11:24:37.758+0000] {logging_mixin.py:117} INFO - [2022-09-23T11:24:37.758+0000] {dag.py:2573} INFO - Sync 1 DAGs
[2022-09-23T11:24:37.784+0000] {logging_mixin.py:117} INFO - [2022-09-23T11:24:37.784+0000] {dag.py:3328} INFO - Setting next_dagrun for exemplo-dag-docker to None, run_after=None
[2022-09-23T11:24:37.821+0000] {processor.py:178} INFO - Processing /opt/airflow/dags/example_dag.py took 0.313 seconds
[2022-09-23T11:25:08.727+0000] {processor.py:156} INFO - Started process (PID=333) to work on /opt/airflow/dags/example_dag.py
[2022-09-23T11:25:08.734+0000] {processor.py:758} INFO - Processing file /opt/airflow/dags/example_dag.py for tasks to queue
[2022-09-23T11:25:08.735+0000] {logging_mixin.py:117} INFO - [2022-09-23T11:25:08.735+0000] {dagbag.py:525} INFO - Filling up the DagBag from /opt/airflow/dags/example_dag.py
[2022-09-23T11:25:09.700+0000] {processor.py:768} INFO - DAG(s) dict_keys(['exemplo-dag-docker']) retrieved from /opt/airflow/dags/example_dag.py
[2022-09-23T11:25:11.561+0000] {logging_mixin.py:117} INFO - [2022-09-23T11:25:11.561+0000] {dag.py:2573} INFO - Sync 1 DAGs
[2022-09-23T11:25:11.833+0000] {logging_mixin.py:117} INFO - [2022-09-23T11:25:11.833+0000] {dag.py:3328} INFO - Setting next_dagrun for exemplo-dag-docker to None, run_after=None
[2022-09-23T11:25:11.880+0000] {processor.py:178} INFO - Processing /opt/airflow/dags/example_dag.py took 3.158 seconds
[2022-09-23T11:25:42.192+0000] {processor.py:156} INFO - Started process (PID=363) to work on /opt/airflow/dags/example_dag.py
[2022-09-23T11:25:42.195+0000] {processor.py:758} INFO - Processing file /opt/airflow/dags/example_dag.py for tasks to queue
[2022-09-23T11:25:42.197+0000] {logging_mixin.py:117} INFO - [2022-09-23T11:25:42.195+0000] {dagbag.py:525} INFO - Filling up the DagBag from /opt/airflow/dags/example_dag.py
[2022-09-23T11:25:43.949+0000] {processor.py:768} INFO - DAG(s) dict_keys(['exemplo-dag-docker']) retrieved from /opt/airflow/dags/example_dag.py
[2022-09-23T11:25:44.144+0000] {logging_mixin.py:117} INFO - [2022-09-23T11:25:44.143+0000] {dag.py:2573} INFO - Sync 1 DAGs
[2022-09-23T11:25:44.262+0000] {logging_mixin.py:117} INFO - [2022-09-23T11:25:44.262+0000] {dag.py:3328} INFO - Setting next_dagrun for exemplo-dag-docker to None, run_after=None
[2022-09-23T11:25:44.365+0000] {processor.py:178} INFO - Processing /opt/airflow/dags/example_dag.py took 2.179 seconds
[2022-09-23T11:26:15.059+0000] {processor.py:156} INFO - Started process (PID=388) to work on /opt/airflow/dags/example_dag.py
[2022-09-23T11:26:15.061+0000] {processor.py:758} INFO - Processing file /opt/airflow/dags/example_dag.py for tasks to queue
[2022-09-23T11:26:15.072+0000] {logging_mixin.py:117} INFO - [2022-09-23T11:26:15.061+0000] {dagbag.py:525} INFO - Filling up the DagBag from /opt/airflow/dags/example_dag.py
[2022-09-23T11:26:15.877+0000] {processor.py:768} INFO - DAG(s) dict_keys(['exemplo-dag-docker']) retrieved from /opt/airflow/dags/example_dag.py
[2022-09-23T11:26:15.939+0000] {logging_mixin.py:117} INFO - [2022-09-23T11:26:15.939+0000] {dag.py:2573} INFO - Sync 1 DAGs
[2022-09-23T11:26:15.982+0000] {logging_mixin.py:117} INFO - [2022-09-23T11:26:15.982+0000] {dag.py:3328} INFO - Setting next_dagrun for exemplo-dag-docker to None, run_after=None
[2022-09-23T11:26:16.064+0000] {processor.py:178} INFO - Processing /opt/airflow/dags/example_dag.py took 1.040 seconds
[2022-09-23T11:26:46.642+0000] {processor.py:156} INFO - Started process (PID=419) to work on /opt/airflow/dags/example_dag.py
[2022-09-23T11:26:46.652+0000] {processor.py:758} INFO - Processing file /opt/airflow/dags/example_dag.py for tasks to queue
[2022-09-23T11:26:46.653+0000] {logging_mixin.py:117} INFO - [2022-09-23T11:26:46.653+0000] {dagbag.py:525} INFO - Filling up the DagBag from /opt/airflow/dags/example_dag.py
[2022-09-23T11:26:46.897+0000] {processor.py:768} INFO - DAG(s) dict_keys(['exemplo-dag-docker']) retrieved from /opt/airflow/dags/example_dag.py
[2022-09-23T11:26:46.942+0000] {logging_mixin.py:117} INFO - [2022-09-23T11:26:46.942+0000] {dag.py:2573} INFO - Sync 1 DAGs
[2022-09-23T11:26:47.008+0000] {logging_mixin.py:117} INFO - [2022-09-23T11:26:47.008+0000] {dag.py:3328} INFO - Setting next_dagrun for exemplo-dag-docker to None, run_after=None
[2022-09-23T11:26:47.066+0000] {processor.py:178} INFO - Processing /opt/airflow/dags/example_dag.py took 0.427 seconds
[2022-09-23T11:27:17.164+0000] {processor.py:156} INFO - Started process (PID=444) to work on /opt/airflow/dags/example_dag.py
[2022-09-23T11:27:17.170+0000] {processor.py:758} INFO - Processing file /opt/airflow/dags/example_dag.py for tasks to queue
[2022-09-23T11:27:17.171+0000] {logging_mixin.py:117} INFO - [2022-09-23T11:27:17.171+0000] {dagbag.py:525} INFO - Filling up the DagBag from /opt/airflow/dags/example_dag.py
[2022-09-23T11:27:17.489+0000] {processor.py:768} INFO - DAG(s) dict_keys(['exemplo-dag-docker']) retrieved from /opt/airflow/dags/example_dag.py
[2022-09-23T11:27:17.599+0000] {logging_mixin.py:117} INFO - [2022-09-23T11:27:17.599+0000] {dag.py:2573} INFO - Sync 1 DAGs
[2022-09-23T11:27:17.662+0000] {logging_mixin.py:117} INFO - [2022-09-23T11:27:17.661+0000] {dag.py:3328} INFO - Setting next_dagrun for exemplo-dag-docker to None, run_after=None
[2022-09-23T11:27:17.728+0000] {processor.py:178} INFO - Processing /opt/airflow/dags/example_dag.py took 0.579 seconds
[2022-09-23T11:27:48.365+0000] {processor.py:156} INFO - Started process (PID=474) to work on /opt/airflow/dags/example_dag.py
[2022-09-23T11:27:48.372+0000] {processor.py:758} INFO - Processing file /opt/airflow/dags/example_dag.py for tasks to queue
[2022-09-23T11:27:48.373+0000] {logging_mixin.py:117} INFO - [2022-09-23T11:27:48.373+0000] {dagbag.py:525} INFO - Filling up the DagBag from /opt/airflow/dags/example_dag.py
[2022-09-23T11:27:48.716+0000] {processor.py:768} INFO - DAG(s) dict_keys(['exemplo-dag-docker']) retrieved from /opt/airflow/dags/example_dag.py
[2022-09-23T11:27:48.762+0000] {logging_mixin.py:117} INFO - [2022-09-23T11:27:48.762+0000] {dag.py:2573} INFO - Sync 1 DAGs
[2022-09-23T11:27:48.793+0000] {logging_mixin.py:117} INFO - [2022-09-23T11:27:48.793+0000] {dag.py:3328} INFO - Setting next_dagrun for exemplo-dag-docker to None, run_after=None
[2022-09-23T11:27:48.828+0000] {processor.py:178} INFO - Processing /opt/airflow/dags/example_dag.py took 0.467 seconds
[2022-09-23T11:28:18.924+0000] {processor.py:156} INFO - Started process (PID=498) to work on /opt/airflow/dags/example_dag.py
[2022-09-23T11:28:18.926+0000] {processor.py:758} INFO - Processing file /opt/airflow/dags/example_dag.py for tasks to queue
[2022-09-23T11:28:18.927+0000] {logging_mixin.py:117} INFO - [2022-09-23T11:28:18.927+0000] {dagbag.py:525} INFO - Filling up the DagBag from /opt/airflow/dags/example_dag.py
[2022-09-23T11:28:19.131+0000] {processor.py:768} INFO - DAG(s) dict_keys(['exemplo-dag-docker']) retrieved from /opt/airflow/dags/example_dag.py
[2022-09-23T11:28:19.179+0000] {logging_mixin.py:117} INFO - [2022-09-23T11:28:19.179+0000] {dag.py:2573} INFO - Sync 1 DAGs
[2022-09-23T11:28:19.207+0000] {logging_mixin.py:117} INFO - [2022-09-23T11:28:19.206+0000] {dag.py:3328} INFO - Setting next_dagrun for exemplo-dag-docker to None, run_after=None
[2022-09-23T11:28:19.248+0000] {processor.py:178} INFO - Processing /opt/airflow/dags/example_dag.py took 0.329 seconds
[2022-09-23T11:28:49.803+0000] {processor.py:156} INFO - Started process (PID=530) to work on /opt/airflow/dags/example_dag.py
[2022-09-23T11:28:49.807+0000] {processor.py:758} INFO - Processing file /opt/airflow/dags/example_dag.py for tasks to queue
[2022-09-23T11:28:49.808+0000] {logging_mixin.py:117} INFO - [2022-09-23T11:28:49.808+0000] {dagbag.py:525} INFO - Filling up the DagBag from /opt/airflow/dags/example_dag.py
[2022-09-23T11:28:50.798+0000] {processor.py:768} INFO - DAG(s) dict_keys(['exemplo-dag-docker']) retrieved from /opt/airflow/dags/example_dag.py
[2022-09-23T11:28:50.883+0000] {logging_mixin.py:117} INFO - [2022-09-23T11:28:50.883+0000] {dag.py:2573} INFO - Sync 1 DAGs
[2022-09-23T11:28:50.916+0000] {logging_mixin.py:117} INFO - [2022-09-23T11:28:50.916+0000] {dag.py:3328} INFO - Setting next_dagrun for exemplo-dag-docker to None, run_after=None
[2022-09-23T11:28:50.944+0000] {processor.py:178} INFO - Processing /opt/airflow/dags/example_dag.py took 1.144 seconds
[2022-09-23T11:29:21.625+0000] {processor.py:156} INFO - Started process (PID=553) to work on /opt/airflow/dags/example_dag.py
[2022-09-23T11:29:21.642+0000] {processor.py:758} INFO - Processing file /opt/airflow/dags/example_dag.py for tasks to queue
[2022-09-23T11:29:21.643+0000] {logging_mixin.py:117} INFO - [2022-09-23T11:29:21.643+0000] {dagbag.py:525} INFO - Filling up the DagBag from /opt/airflow/dags/example_dag.py
[2022-09-23T11:29:23.369+0000] {processor.py:768} INFO - DAG(s) dict_keys(['exemplo-dag-docker']) retrieved from /opt/airflow/dags/example_dag.py
[2022-09-23T11:29:23.650+0000] {logging_mixin.py:117} INFO - [2022-09-23T11:29:23.650+0000] {dag.py:2573} INFO - Sync 1 DAGs
[2022-09-23T11:29:23.703+0000] {logging_mixin.py:117} INFO - [2022-09-23T11:29:23.703+0000] {dag.py:3328} INFO - Setting next_dagrun for exemplo-dag-docker to None, run_after=None
[2022-09-23T11:29:23.761+0000] {processor.py:178} INFO - Processing /opt/airflow/dags/example_dag.py took 2.140 seconds
[2022-09-23T11:29:55.845+0000] {processor.py:156} INFO - Started process (PID=576) to work on /opt/airflow/dags/example_dag.py
[2022-09-23T11:29:56.230+0000] {processor.py:758} INFO - Processing file /opt/airflow/dags/example_dag.py for tasks to queue
[2022-09-23T11:29:57.597+0000] {logging_mixin.py:117} INFO - [2022-09-23T11:29:57.596+0000] {dagbag.py:525} INFO - Filling up the DagBag from /opt/airflow/dags/example_dag.py
[2022-09-23T11:30:08.168+0000] {processor.py:768} INFO - DAG(s) dict_keys(['exemplo-dag-docker']) retrieved from /opt/airflow/dags/example_dag.py
[2022-09-23T11:30:08.232+0000] {logging_mixin.py:117} INFO - [2022-09-23T11:30:08.232+0000] {dag.py:2573} INFO - Sync 1 DAGs
[2022-09-23T11:30:08.267+0000] {logging_mixin.py:117} INFO - [2022-09-23T11:30:08.267+0000] {dag.py:3328} INFO - Setting next_dagrun for exemplo-dag-docker to None, run_after=None
[2022-09-23T11:30:08.323+0000] {processor.py:178} INFO - Processing /opt/airflow/dags/example_dag.py took 13.257 seconds
[2022-09-23T11:30:39.084+0000] {processor.py:156} INFO - Started process (PID=608) to work on /opt/airflow/dags/example_dag.py
[2022-09-23T11:30:39.111+0000] {processor.py:758} INFO - Processing file /opt/airflow/dags/example_dag.py for tasks to queue
[2022-09-23T11:30:39.117+0000] {logging_mixin.py:117} INFO - [2022-09-23T11:30:39.116+0000] {dagbag.py:525} INFO - Filling up the DagBag from /opt/airflow/dags/example_dag.py
[2022-09-23T11:30:40.224+0000] {processor.py:768} INFO - DAG(s) dict_keys(['exemplo-dag-docker']) retrieved from /opt/airflow/dags/example_dag.py
[2022-09-23T11:30:40.499+0000] {logging_mixin.py:117} INFO - [2022-09-23T11:30:40.499+0000] {dag.py:2573} INFO - Sync 1 DAGs
[2022-09-23T11:30:40.939+0000] {logging_mixin.py:117} INFO - [2022-09-23T11:30:40.938+0000] {dag.py:3328} INFO - Setting next_dagrun for exemplo-dag-docker to None, run_after=None
[2022-09-23T11:30:41.042+0000] {processor.py:178} INFO - Processing /opt/airflow/dags/example_dag.py took 2.011 seconds
[2022-09-23T11:31:11.963+0000] {processor.py:156} INFO - Started process (PID=630) to work on /opt/airflow/dags/example_dag.py
[2022-09-23T11:31:11.967+0000] {processor.py:758} INFO - Processing file /opt/airflow/dags/example_dag.py for tasks to queue
[2022-09-23T11:31:11.968+0000] {logging_mixin.py:117} INFO - [2022-09-23T11:31:11.968+0000] {dagbag.py:525} INFO - Filling up the DagBag from /opt/airflow/dags/example_dag.py
[2022-09-23T11:31:12.148+0000] {processor.py:768} INFO - DAG(s) dict_keys(['exemplo-dag-docker']) retrieved from /opt/airflow/dags/example_dag.py
[2022-09-23T11:31:12.247+0000] {logging_mixin.py:117} INFO - [2022-09-23T11:31:12.246+0000] {dag.py:2573} INFO - Sync 1 DAGs
[2022-09-23T11:31:12.308+0000] {logging_mixin.py:117} INFO - [2022-09-23T11:31:12.307+0000] {dag.py:3328} INFO - Setting next_dagrun for exemplo-dag-docker to None, run_after=None
[2022-09-23T11:31:12.371+0000] {processor.py:178} INFO - Processing /opt/airflow/dags/example_dag.py took 0.414 seconds
[2022-09-23T11:31:43.203+0000] {processor.py:156} INFO - Started process (PID=653) to work on /opt/airflow/dags/example_dag.py
[2022-09-23T11:31:45.592+0000] {processor.py:758} INFO - Processing file /opt/airflow/dags/example_dag.py for tasks to queue
[2022-09-23T11:31:45.593+0000] {logging_mixin.py:117} INFO - [2022-09-23T11:31:45.593+0000] {dagbag.py:525} INFO - Filling up the DagBag from /opt/airflow/dags/example_dag.py
[2022-09-23T11:31:45.757+0000] {processor.py:768} INFO - DAG(s) dict_keys(['exemplo-dag-docker']) retrieved from /opt/airflow/dags/example_dag.py
[2022-09-23T11:31:45.824+0000] {logging_mixin.py:117} INFO - [2022-09-23T11:31:45.823+0000] {dag.py:2573} INFO - Sync 1 DAGs
[2022-09-23T11:31:45.873+0000] {logging_mixin.py:117} INFO - [2022-09-23T11:31:45.873+0000] {dag.py:3328} INFO - Setting next_dagrun for exemplo-dag-docker to None, run_after=None
[2022-09-23T11:31:46.330+0000] {processor.py:178} INFO - Processing /opt/airflow/dags/example_dag.py took 3.131 seconds
[2022-09-23T11:32:16.597+0000] {processor.py:156} INFO - Started process (PID=676) to work on /opt/airflow/dags/example_dag.py
[2022-09-23T11:32:16.616+0000] {processor.py:758} INFO - Processing file /opt/airflow/dags/example_dag.py for tasks to queue
[2022-09-23T11:32:16.617+0000] {logging_mixin.py:117} INFO - [2022-09-23T11:32:16.617+0000] {dagbag.py:525} INFO - Filling up the DagBag from /opt/airflow/dags/example_dag.py
[2022-09-23T11:32:17.090+0000] {processor.py:768} INFO - DAG(s) dict_keys(['exemplo-dag-docker']) retrieved from /opt/airflow/dags/example_dag.py
[2022-09-23T11:32:17.212+0000] {logging_mixin.py:117} INFO - [2022-09-23T11:32:17.211+0000] {dag.py:2573} INFO - Sync 1 DAGs
[2022-09-23T11:32:17.329+0000] {logging_mixin.py:117} INFO - [2022-09-23T11:32:17.329+0000] {dag.py:3328} INFO - Setting next_dagrun for exemplo-dag-docker to None, run_after=None
[2022-09-23T11:32:17.381+0000] {processor.py:178} INFO - Processing /opt/airflow/dags/example_dag.py took 0.807 seconds
[2022-09-23T11:32:48.410+0000] {processor.py:156} INFO - Started process (PID=706) to work on /opt/airflow/dags/example_dag.py
[2022-09-23T11:32:48.619+0000] {processor.py:758} INFO - Processing file /opt/airflow/dags/example_dag.py for tasks to queue
[2022-09-23T11:32:48.620+0000] {logging_mixin.py:117} INFO - [2022-09-23T11:32:48.620+0000] {dagbag.py:525} INFO - Filling up the DagBag from /opt/airflow/dags/example_dag.py
[2022-09-23T11:32:50.157+0000] {processor.py:768} INFO - DAG(s) dict_keys(['exemplo-dag-docker']) retrieved from /opt/airflow/dags/example_dag.py
[2022-09-23T11:32:50.439+0000] {logging_mixin.py:117} INFO - [2022-09-23T11:32:50.439+0000] {dag.py:2573} INFO - Sync 1 DAGs
[2022-09-23T11:32:50.625+0000] {logging_mixin.py:117} INFO - [2022-09-23T11:32:50.624+0000] {dag.py:3328} INFO - Setting next_dagrun for exemplo-dag-docker to None, run_after=None
[2022-09-23T11:32:50.705+0000] {processor.py:178} INFO - Processing /opt/airflow/dags/example_dag.py took 2.301 seconds
[2022-09-23T11:33:21.017+0000] {processor.py:156} INFO - Started process (PID=731) to work on /opt/airflow/dags/example_dag.py
[2022-09-23T11:33:21.022+0000] {processor.py:758} INFO - Processing file /opt/airflow/dags/example_dag.py for tasks to queue
[2022-09-23T11:33:21.023+0000] {logging_mixin.py:117} INFO - [2022-09-23T11:33:21.023+0000] {dagbag.py:525} INFO - Filling up the DagBag from /opt/airflow/dags/example_dag.py
[2022-09-23T11:33:21.206+0000] {processor.py:768} INFO - DAG(s) dict_keys(['exemplo-dag-docker']) retrieved from /opt/airflow/dags/example_dag.py
[2022-09-23T11:33:21.271+0000] {logging_mixin.py:117} INFO - [2022-09-23T11:33:21.271+0000] {dag.py:2573} INFO - Sync 1 DAGs
[2022-09-23T11:33:21.304+0000] {logging_mixin.py:117} INFO - [2022-09-23T11:33:21.304+0000] {dag.py:3328} INFO - Setting next_dagrun for exemplo-dag-docker to None, run_after=None
[2022-09-23T11:33:21.345+0000] {processor.py:178} INFO - Processing /opt/airflow/dags/example_dag.py took 0.334 seconds
[2022-09-23T11:33:51.871+0000] {processor.py:156} INFO - Started process (PID=754) to work on /opt/airflow/dags/example_dag.py
[2022-09-23T11:33:53.429+0000] {processor.py:758} INFO - Processing file /opt/airflow/dags/example_dag.py for tasks to queue
[2022-09-23T11:33:53.430+0000] {logging_mixin.py:117} INFO - [2022-09-23T11:33:53.430+0000] {dagbag.py:525} INFO - Filling up the DagBag from /opt/airflow/dags/example_dag.py
[2022-09-23T11:33:53.600+0000] {processor.py:768} INFO - DAG(s) dict_keys(['exemplo-dag-docker']) retrieved from /opt/airflow/dags/example_dag.py
[2022-09-23T11:33:53.695+0000] {logging_mixin.py:117} INFO - [2022-09-23T11:33:53.695+0000] {dag.py:2573} INFO - Sync 1 DAGs
[2022-09-23T11:33:53.730+0000] {logging_mixin.py:117} INFO - [2022-09-23T11:33:53.729+0000] {dag.py:3328} INFO - Setting next_dagrun for exemplo-dag-docker to None, run_after=None
[2022-09-23T11:33:56.905+0000] {processor.py:178} INFO - Processing /opt/airflow/dags/example_dag.py took 5.043 seconds
[2022-09-23T11:34:27.036+0000] {processor.py:156} INFO - Started process (PID=783) to work on /opt/airflow/dags/example_dag.py
[2022-09-23T11:34:27.065+0000] {processor.py:758} INFO - Processing file /opt/airflow/dags/example_dag.py for tasks to queue
[2022-09-23T11:34:27.065+0000] {logging_mixin.py:117} INFO - [2022-09-23T11:34:27.065+0000] {dagbag.py:525} INFO - Filling up the DagBag from /opt/airflow/dags/example_dag.py
[2022-09-23T11:34:27.461+0000] {processor.py:768} INFO - DAG(s) dict_keys(['exemplo-dag-docker']) retrieved from /opt/airflow/dags/example_dag.py
[2022-09-23T11:34:28.097+0000] {logging_mixin.py:117} INFO - [2022-09-23T11:34:28.094+0000] {dag.py:2573} INFO - Sync 1 DAGs
[2022-09-23T11:34:28.241+0000] {logging_mixin.py:117} INFO - [2022-09-23T11:34:28.240+0000] {dag.py:3328} INFO - Setting next_dagrun for exemplo-dag-docker to None, run_after=None
[2022-09-23T11:34:28.282+0000] {processor.py:178} INFO - Processing /opt/airflow/dags/example_dag.py took 1.247 seconds
[2022-09-23T11:34:58.710+0000] {processor.py:156} INFO - Started process (PID=808) to work on /opt/airflow/dags/example_dag.py
[2022-09-23T11:34:58.712+0000] {processor.py:758} INFO - Processing file /opt/airflow/dags/example_dag.py for tasks to queue
[2022-09-23T11:34:58.713+0000] {logging_mixin.py:117} INFO - [2022-09-23T11:34:58.713+0000] {dagbag.py:525} INFO - Filling up the DagBag from /opt/airflow/dags/example_dag.py
[2022-09-23T11:34:58.849+0000] {processor.py:768} INFO - DAG(s) dict_keys(['exemplo-dag-docker']) retrieved from /opt/airflow/dags/example_dag.py
[2022-09-23T11:34:58.927+0000] {logging_mixin.py:117} INFO - [2022-09-23T11:34:58.926+0000] {dag.py:2573} INFO - Sync 1 DAGs
[2022-09-23T11:34:59.025+0000] {logging_mixin.py:117} INFO - [2022-09-23T11:34:59.025+0000] {dag.py:3328} INFO - Setting next_dagrun for exemplo-dag-docker to None, run_after=None
[2022-09-23T11:34:59.084+0000] {processor.py:178} INFO - Processing /opt/airflow/dags/example_dag.py took 0.383 seconds
[2022-09-23T11:35:29.885+0000] {processor.py:156} INFO - Started process (PID=830) to work on /opt/airflow/dags/example_dag.py
[2022-09-23T11:35:29.888+0000] {processor.py:758} INFO - Processing file /opt/airflow/dags/example_dag.py for tasks to queue
[2022-09-23T11:35:29.889+0000] {logging_mixin.py:117} INFO - [2022-09-23T11:35:29.889+0000] {dagbag.py:525} INFO - Filling up the DagBag from /opt/airflow/dags/example_dag.py
[2022-09-23T11:35:29.969+0000] {processor.py:768} INFO - DAG(s) dict_keys(['exemplo-dag-docker']) retrieved from /opt/airflow/dags/example_dag.py
[2022-09-23T11:35:30.028+0000] {logging_mixin.py:117} INFO - [2022-09-23T11:35:30.028+0000] {dag.py:2573} INFO - Sync 1 DAGs
[2022-09-23T11:35:30.059+0000] {logging_mixin.py:117} INFO - [2022-09-23T11:35:30.059+0000] {dag.py:3328} INFO - Setting next_dagrun for exemplo-dag-docker to None, run_after=None
[2022-09-23T11:35:30.098+0000] {processor.py:178} INFO - Processing /opt/airflow/dags/example_dag.py took 0.218 seconds
[2022-09-23T11:36:00.635+0000] {processor.py:156} INFO - Started process (PID=862) to work on /opt/airflow/dags/example_dag.py
[2022-09-23T11:36:00.654+0000] {processor.py:758} INFO - Processing file /opt/airflow/dags/example_dag.py for tasks to queue
[2022-09-23T11:36:00.655+0000] {logging_mixin.py:117} INFO - [2022-09-23T11:36:00.655+0000] {dagbag.py:525} INFO - Filling up the DagBag from /opt/airflow/dags/example_dag.py
[2022-09-23T11:36:00.881+0000] {processor.py:768} INFO - DAG(s) dict_keys(['exemplo-dag-docker']) retrieved from /opt/airflow/dags/example_dag.py
[2022-09-23T11:36:00.994+0000] {logging_mixin.py:117} INFO - [2022-09-23T11:36:00.993+0000] {dag.py:2573} INFO - Sync 1 DAGs
[2022-09-23T11:36:01.076+0000] {logging_mixin.py:117} INFO - [2022-09-23T11:36:01.075+0000] {dag.py:3328} INFO - Setting next_dagrun for exemplo-dag-docker to None, run_after=None
[2022-09-23T11:36:01.300+0000] {processor.py:178} INFO - Processing /opt/airflow/dags/example_dag.py took 0.670 seconds
[2022-09-23T11:36:31.968+0000] {processor.py:156} INFO - Started process (PID=886) to work on /opt/airflow/dags/example_dag.py
[2022-09-23T11:36:31.973+0000] {processor.py:758} INFO - Processing file /opt/airflow/dags/example_dag.py for tasks to queue
[2022-09-23T11:36:31.974+0000] {logging_mixin.py:117} INFO - [2022-09-23T11:36:31.974+0000] {dagbag.py:525} INFO - Filling up the DagBag from /opt/airflow/dags/example_dag.py
[2022-09-23T11:36:32.066+0000] {processor.py:768} INFO - DAG(s) dict_keys(['exemplo-dag-docker']) retrieved from /opt/airflow/dags/example_dag.py
[2022-09-23T11:36:32.132+0000] {logging_mixin.py:117} INFO - [2022-09-23T11:36:32.132+0000] {dag.py:2573} INFO - Sync 1 DAGs
[2022-09-23T11:36:32.167+0000] {logging_mixin.py:117} INFO - [2022-09-23T11:36:32.167+0000] {dag.py:3328} INFO - Setting next_dagrun for exemplo-dag-docker to None, run_after=None
[2022-09-23T11:36:32.210+0000] {processor.py:178} INFO - Processing /opt/airflow/dags/example_dag.py took 0.250 seconds
[2022-09-23T11:37:03.072+0000] {processor.py:156} INFO - Started process (PID=917) to work on /opt/airflow/dags/example_dag.py
[2022-09-23T11:37:03.083+0000] {processor.py:758} INFO - Processing file /opt/airflow/dags/example_dag.py for tasks to queue
[2022-09-23T11:37:03.084+0000] {logging_mixin.py:117} INFO - [2022-09-23T11:37:03.083+0000] {dagbag.py:525} INFO - Filling up the DagBag from /opt/airflow/dags/example_dag.py
[2022-09-23T11:37:03.616+0000] {processor.py:768} INFO - DAG(s) dict_keys(['exemplo-dag-docker']) retrieved from /opt/airflow/dags/example_dag.py
[2022-09-23T11:37:03.942+0000] {logging_mixin.py:117} INFO - [2022-09-23T11:37:03.941+0000] {dag.py:2573} INFO - Sync 1 DAGs
[2022-09-23T11:37:04.131+0000] {logging_mixin.py:117} INFO - [2022-09-23T11:37:04.130+0000] {dag.py:3328} INFO - Setting next_dagrun for exemplo-dag-docker to None, run_after=None
[2022-09-23T11:37:04.270+0000] {processor.py:178} INFO - Processing /opt/airflow/dags/example_dag.py took 1.202 seconds
[2022-09-23T11:37:34.515+0000] {processor.py:156} INFO - Started process (PID=941) to work on /opt/airflow/dags/example_dag.py
[2022-09-23T11:37:34.517+0000] {processor.py:758} INFO - Processing file /opt/airflow/dags/example_dag.py for tasks to queue
[2022-09-23T11:37:34.519+0000] {logging_mixin.py:117} INFO - [2022-09-23T11:37:34.518+0000] {dagbag.py:525} INFO - Filling up the DagBag from /opt/airflow/dags/example_dag.py
[2022-09-23T11:37:34.614+0000] {processor.py:768} INFO - DAG(s) dict_keys(['exemplo-dag-docker']) retrieved from /opt/airflow/dags/example_dag.py
[2022-09-23T11:37:34.684+0000] {logging_mixin.py:117} INFO - [2022-09-23T11:37:34.683+0000] {dag.py:2573} INFO - Sync 1 DAGs
[2022-09-23T11:37:34.719+0000] {logging_mixin.py:117} INFO - [2022-09-23T11:37:34.719+0000] {dag.py:3328} INFO - Setting next_dagrun for exemplo-dag-docker to None, run_after=None
[2022-09-23T11:37:34.758+0000] {processor.py:178} INFO - Processing /opt/airflow/dags/example_dag.py took 0.250 seconds
[2022-09-23T11:38:05.399+0000] {processor.py:156} INFO - Started process (PID=974) to work on /opt/airflow/dags/example_dag.py
[2022-09-23T11:38:05.415+0000] {processor.py:758} INFO - Processing file /opt/airflow/dags/example_dag.py for tasks to queue
[2022-09-23T11:38:05.416+0000] {logging_mixin.py:117} INFO - [2022-09-23T11:38:05.416+0000] {dagbag.py:525} INFO - Filling up the DagBag from /opt/airflow/dags/example_dag.py
[2022-09-23T11:38:05.602+0000] {processor.py:768} INFO - DAG(s) dict_keys(['exemplo-dag-docker']) retrieved from /opt/airflow/dags/example_dag.py
[2022-09-23T11:38:05.717+0000] {logging_mixin.py:117} INFO - [2022-09-23T11:38:05.716+0000] {dag.py:2573} INFO - Sync 1 DAGs
[2022-09-23T11:38:05.759+0000] {logging_mixin.py:117} INFO - [2022-09-23T11:38:05.759+0000] {dag.py:3328} INFO - Setting next_dagrun for exemplo-dag-docker to None, run_after=None
[2022-09-23T11:38:05.807+0000] {processor.py:178} INFO - Processing /opt/airflow/dags/example_dag.py took 0.412 seconds
[2022-09-23T11:38:35.952+0000] {processor.py:156} INFO - Started process (PID=996) to work on /opt/airflow/dags/example_dag.py
[2022-09-23T11:38:35.954+0000] {processor.py:758} INFO - Processing file /opt/airflow/dags/example_dag.py for tasks to queue
[2022-09-23T11:38:35.955+0000] {logging_mixin.py:117} INFO - [2022-09-23T11:38:35.955+0000] {dagbag.py:525} INFO - Filling up the DagBag from /opt/airflow/dags/example_dag.py
[2022-09-23T11:38:36.046+0000] {processor.py:768} INFO - DAG(s) dict_keys(['exemplo-dag-docker']) retrieved from /opt/airflow/dags/example_dag.py
[2022-09-23T11:38:36.104+0000] {logging_mixin.py:117} INFO - [2022-09-23T11:38:36.104+0000] {dag.py:2573} INFO - Sync 1 DAGs
[2022-09-23T11:38:36.140+0000] {logging_mixin.py:117} INFO - [2022-09-23T11:38:36.140+0000] {dag.py:3328} INFO - Setting next_dagrun for exemplo-dag-docker to None, run_after=None
[2022-09-23T11:38:36.177+0000] {processor.py:178} INFO - Processing /opt/airflow/dags/example_dag.py took 0.230 seconds
[2022-09-23T11:39:06.847+0000] {processor.py:156} INFO - Started process (PID=1025) to work on /opt/airflow/dags/example_dag.py
[2022-09-23T11:39:06.858+0000] {processor.py:758} INFO - Processing file /opt/airflow/dags/example_dag.py for tasks to queue
[2022-09-23T11:39:06.859+0000] {logging_mixin.py:117} INFO - [2022-09-23T11:39:06.859+0000] {dagbag.py:525} INFO - Filling up the DagBag from /opt/airflow/dags/example_dag.py
[2022-09-23T11:39:07.729+0000] {processor.py:768} INFO - DAG(s) dict_keys(['exemplo-dag-docker']) retrieved from /opt/airflow/dags/example_dag.py
[2022-09-23T11:39:08.058+0000] {logging_mixin.py:117} INFO - [2022-09-23T11:39:08.057+0000] {dag.py:2573} INFO - Sync 1 DAGs
[2022-09-23T11:39:08.152+0000] {logging_mixin.py:117} INFO - [2022-09-23T11:39:08.152+0000] {dag.py:3328} INFO - Setting next_dagrun for exemplo-dag-docker to None, run_after=None
[2022-09-23T11:39:08.307+0000] {processor.py:178} INFO - Processing /opt/airflow/dags/example_dag.py took 1.463 seconds
[2022-09-23T11:39:38.504+0000] {processor.py:156} INFO - Started process (PID=1051) to work on /opt/airflow/dags/example_dag.py
[2022-09-23T11:39:38.506+0000] {processor.py:758} INFO - Processing file /opt/airflow/dags/example_dag.py for tasks to queue
[2022-09-23T11:39:38.508+0000] {logging_mixin.py:117} INFO - [2022-09-23T11:39:38.507+0000] {dagbag.py:525} INFO - Filling up the DagBag from /opt/airflow/dags/example_dag.py
[2022-09-23T11:39:38.590+0000] {processor.py:768} INFO - DAG(s) dict_keys(['exemplo-dag-docker']) retrieved from /opt/airflow/dags/example_dag.py
[2022-09-23T11:39:38.645+0000] {logging_mixin.py:117} INFO - [2022-09-23T11:39:38.645+0000] {dag.py:2573} INFO - Sync 1 DAGs
[2022-09-23T11:39:38.676+0000] {logging_mixin.py:117} INFO - [2022-09-23T11:39:38.676+0000] {dag.py:3328} INFO - Setting next_dagrun for exemplo-dag-docker to None, run_after=None
[2022-09-23T11:39:38.714+0000] {processor.py:178} INFO - Processing /opt/airflow/dags/example_dag.py took 0.216 seconds
[2022-09-23T11:40:09.382+0000] {processor.py:156} INFO - Started process (PID=1085) to work on /opt/airflow/dags/example_dag.py
[2022-09-23T11:40:09.385+0000] {processor.py:758} INFO - Processing file /opt/airflow/dags/example_dag.py for tasks to queue
[2022-09-23T11:40:09.407+0000] {logging_mixin.py:117} INFO - [2022-09-23T11:40:09.406+0000] {dagbag.py:525} INFO - Filling up the DagBag from /opt/airflow/dags/example_dag.py
[2022-09-23T11:40:09.647+0000] {processor.py:768} INFO - DAG(s) dict_keys(['exemplo-dag-docker']) retrieved from /opt/airflow/dags/example_dag.py
[2022-09-23T11:40:09.733+0000] {logging_mixin.py:117} INFO - [2022-09-23T11:40:09.732+0000] {dag.py:2573} INFO - Sync 1 DAGs
[2022-09-23T11:40:09.855+0000] {logging_mixin.py:117} INFO - [2022-09-23T11:40:09.855+0000] {dag.py:3328} INFO - Setting next_dagrun for exemplo-dag-docker to None, run_after=None
[2022-09-23T11:40:10.005+0000] {processor.py:178} INFO - Processing /opt/airflow/dags/example_dag.py took 0.751 seconds
[2022-09-23T11:40:40.669+0000] {processor.py:156} INFO - Started process (PID=1108) to work on /opt/airflow/dags/example_dag.py
[2022-09-23T11:40:40.671+0000] {processor.py:758} INFO - Processing file /opt/airflow/dags/example_dag.py for tasks to queue
[2022-09-23T11:40:40.672+0000] {logging_mixin.py:117} INFO - [2022-09-23T11:40:40.672+0000] {dagbag.py:525} INFO - Filling up the DagBag from /opt/airflow/dags/example_dag.py
[2022-09-23T11:40:40.766+0000] {processor.py:768} INFO - DAG(s) dict_keys(['exemplo-dag-docker']) retrieved from /opt/airflow/dags/example_dag.py
[2022-09-23T11:40:40.823+0000] {logging_mixin.py:117} INFO - [2022-09-23T11:40:40.822+0000] {dag.py:2573} INFO - Sync 1 DAGs
[2022-09-23T11:40:40.856+0000] {logging_mixin.py:117} INFO - [2022-09-23T11:40:40.855+0000] {dag.py:3328} INFO - Setting next_dagrun for exemplo-dag-docker to None, run_after=None
[2022-09-23T11:40:40.893+0000] {processor.py:178} INFO - Processing /opt/airflow/dags/example_dag.py took 0.229 seconds
[2022-09-23T11:41:11.641+0000] {processor.py:156} INFO - Started process (PID=1133) to work on /opt/airflow/dags/example_dag.py
[2022-09-23T11:41:11.643+0000] {processor.py:758} INFO - Processing file /opt/airflow/dags/example_dag.py for tasks to queue
[2022-09-23T11:41:11.644+0000] {logging_mixin.py:117} INFO - [2022-09-23T11:41:11.644+0000] {dagbag.py:525} INFO - Filling up the DagBag from /opt/airflow/dags/example_dag.py
[2022-09-23T11:41:11.845+0000] {processor.py:768} INFO - DAG(s) dict_keys(['exemplo-dag-docker']) retrieved from /opt/airflow/dags/example_dag.py
[2022-09-23T11:41:11.940+0000] {logging_mixin.py:117} INFO - [2022-09-23T11:41:11.940+0000] {dag.py:2573} INFO - Sync 1 DAGs
[2022-09-23T11:41:12.019+0000] {logging_mixin.py:117} INFO - [2022-09-23T11:41:12.019+0000] {dag.py:3328} INFO - Setting next_dagrun for exemplo-dag-docker to None, run_after=None
[2022-09-23T11:41:12.091+0000] {processor.py:178} INFO - Processing /opt/airflow/dags/example_dag.py took 0.481 seconds
[2022-09-23T11:41:42.294+0000] {processor.py:156} INFO - Started process (PID=1156) to work on /opt/airflow/dags/example_dag.py
[2022-09-23T11:41:42.297+0000] {processor.py:758} INFO - Processing file /opt/airflow/dags/example_dag.py for tasks to queue
[2022-09-23T11:41:42.299+0000] {logging_mixin.py:117} INFO - [2022-09-23T11:41:42.298+0000] {dagbag.py:525} INFO - Filling up the DagBag from /opt/airflow/dags/example_dag.py
[2022-09-23T11:41:42.493+0000] {processor.py:768} INFO - DAG(s) dict_keys(['exemplo-dag-docker']) retrieved from /opt/airflow/dags/example_dag.py
[2022-09-23T11:41:42.728+0000] {logging_mixin.py:117} INFO - [2022-09-23T11:41:42.728+0000] {dag.py:2573} INFO - Sync 1 DAGs
[2022-09-23T11:41:42.771+0000] {logging_mixin.py:117} INFO - [2022-09-23T11:41:42.771+0000] {dag.py:3328} INFO - Setting next_dagrun for exemplo-dag-docker to None, run_after=None
[2022-09-23T11:41:42.824+0000] {processor.py:178} INFO - Processing /opt/airflow/dags/example_dag.py took 0.541 seconds
[2022-09-23T11:42:13.375+0000] {processor.py:156} INFO - Started process (PID=1179) to work on /opt/airflow/dags/example_dag.py
[2022-09-23T11:42:13.378+0000] {processor.py:758} INFO - Processing file /opt/airflow/dags/example_dag.py for tasks to queue
[2022-09-23T11:42:13.379+0000] {logging_mixin.py:117} INFO - [2022-09-23T11:42:13.379+0000] {dagbag.py:525} INFO - Filling up the DagBag from /opt/airflow/dags/example_dag.py
[2022-09-23T11:42:13.472+0000] {processor.py:768} INFO - DAG(s) dict_keys(['exemplo-dag-docker']) retrieved from /opt/airflow/dags/example_dag.py
[2022-09-23T11:42:13.551+0000] {logging_mixin.py:117} INFO - [2022-09-23T11:42:13.550+0000] {dag.py:2573} INFO - Sync 1 DAGs
[2022-09-23T11:42:13.592+0000] {logging_mixin.py:117} INFO - [2022-09-23T11:42:13.591+0000] {dag.py:3328} INFO - Setting next_dagrun for exemplo-dag-docker to None, run_after=None
[2022-09-23T11:42:13.653+0000] {processor.py:178} INFO - Processing /opt/airflow/dags/example_dag.py took 0.284 seconds
[2022-09-23T11:42:43.939+0000] {processor.py:156} INFO - Started process (PID=1210) to work on /opt/airflow/dags/example_dag.py
[2022-09-23T11:42:43.948+0000] {processor.py:758} INFO - Processing file /opt/airflow/dags/example_dag.py for tasks to queue
[2022-09-23T11:42:43.949+0000] {logging_mixin.py:117} INFO - [2022-09-23T11:42:43.949+0000] {dagbag.py:525} INFO - Filling up the DagBag from /opt/airflow/dags/example_dag.py
[2022-09-23T11:42:44.098+0000] {processor.py:768} INFO - DAG(s) dict_keys(['exemplo-dag-docker']) retrieved from /opt/airflow/dags/example_dag.py
[2022-09-23T11:42:44.157+0000] {logging_mixin.py:117} INFO - [2022-09-23T11:42:44.157+0000] {dag.py:2573} INFO - Sync 1 DAGs
[2022-09-23T11:42:44.191+0000] {logging_mixin.py:117} INFO - [2022-09-23T11:42:44.191+0000] {dag.py:3328} INFO - Setting next_dagrun for exemplo-dag-docker to None, run_after=None
[2022-09-23T11:42:44.221+0000] {processor.py:178} INFO - Processing /opt/airflow/dags/example_dag.py took 0.282 seconds
[2022-09-23T11:43:15.093+0000] {processor.py:156} INFO - Started process (PID=1233) to work on /opt/airflow/dags/example_dag.py
[2022-09-23T11:43:15.111+0000] {processor.py:758} INFO - Processing file /opt/airflow/dags/example_dag.py for tasks to queue
[2022-09-23T11:43:15.112+0000] {logging_mixin.py:117} INFO - [2022-09-23T11:43:15.112+0000] {dagbag.py:525} INFO - Filling up the DagBag from /opt/airflow/dags/example_dag.py
[2022-09-23T11:43:15.592+0000] {processor.py:768} INFO - DAG(s) dict_keys(['exemplo-dag-docker']) retrieved from /opt/airflow/dags/example_dag.py
[2022-09-23T11:43:15.819+0000] {logging_mixin.py:117} INFO - [2022-09-23T11:43:15.818+0000] {dag.py:2573} INFO - Sync 1 DAGs
[2022-09-23T11:43:15.857+0000] {logging_mixin.py:117} INFO - [2022-09-23T11:43:15.857+0000] {dag.py:3328} INFO - Setting next_dagrun for exemplo-dag-docker to None, run_after=None
[2022-09-23T11:43:15.957+0000] {processor.py:178} INFO - Processing /opt/airflow/dags/example_dag.py took 0.951 seconds
[2022-09-23T11:43:46.632+0000] {processor.py:156} INFO - Started process (PID=1256) to work on /opt/airflow/dags/example_dag.py
[2022-09-23T11:43:46.635+0000] {processor.py:758} INFO - Processing file /opt/airflow/dags/example_dag.py for tasks to queue
[2022-09-23T11:43:46.636+0000] {logging_mixin.py:117} INFO - [2022-09-23T11:43:46.635+0000] {dagbag.py:525} INFO - Filling up the DagBag from /opt/airflow/dags/example_dag.py
[2022-09-23T11:43:46.721+0000] {processor.py:768} INFO - DAG(s) dict_keys(['exemplo-dag-docker']) retrieved from /opt/airflow/dags/example_dag.py
[2022-09-23T11:43:46.799+0000] {logging_mixin.py:117} INFO - [2022-09-23T11:43:46.799+0000] {dag.py:2573} INFO - Sync 1 DAGs
[2022-09-23T11:43:46.830+0000] {logging_mixin.py:117} INFO - [2022-09-23T11:43:46.829+0000] {dag.py:3328} INFO - Setting next_dagrun for exemplo-dag-docker to None, run_after=None
[2022-09-23T11:43:46.864+0000] {processor.py:178} INFO - Processing /opt/airflow/dags/example_dag.py took 0.236 seconds
[2022-09-23T11:44:17.712+0000] {processor.py:156} INFO - Started process (PID=1288) to work on /opt/airflow/dags/example_dag.py
[2022-09-23T11:44:17.718+0000] {processor.py:758} INFO - Processing file /opt/airflow/dags/example_dag.py for tasks to queue
[2022-09-23T11:44:17.720+0000] {logging_mixin.py:117} INFO - [2022-09-23T11:44:17.720+0000] {dagbag.py:525} INFO - Filling up the DagBag from /opt/airflow/dags/example_dag.py
[2022-09-23T11:44:17.829+0000] {processor.py:768} INFO - DAG(s) dict_keys(['exemplo-dag-docker']) retrieved from /opt/airflow/dags/example_dag.py
[2022-09-23T11:44:17.893+0000] {logging_mixin.py:117} INFO - [2022-09-23T11:44:17.893+0000] {dag.py:2573} INFO - Sync 1 DAGs
[2022-09-23T11:44:17.925+0000] {logging_mixin.py:117} INFO - [2022-09-23T11:44:17.925+0000] {dag.py:3328} INFO - Setting next_dagrun for exemplo-dag-docker to None, run_after=None
[2022-09-23T11:44:17.967+0000] {processor.py:178} INFO - Processing /opt/airflow/dags/example_dag.py took 0.261 seconds
