[2022-09-20T18:07:13.502+0000] {taskinstance.py:1165} INFO - Dependencies all met for <TaskInstance: exemplo-dag-docker.print_message manual__2022-09-20T18:05:48.471052+00:00 [queued]>
[2022-09-20T18:07:14.903+0000] {taskinstance.py:1165} INFO - Dependencies all met for <TaskInstance: exemplo-dag-docker.print_message manual__2022-09-20T18:05:48.471052+00:00 [queued]>
[2022-09-20T18:07:14.904+0000] {taskinstance.py:1362} INFO - 
--------------------------------------------------------------------------------
[2022-09-20T18:07:14.904+0000] {taskinstance.py:1363} INFO - Starting attempt 1 of 1
[2022-09-20T18:07:14.905+0000] {taskinstance.py:1364} INFO - 
--------------------------------------------------------------------------------
[2022-09-20T18:07:16.216+0000] {taskinstance.py:1383} INFO - Executing <Task(PythonOperator): print_message> on 2022-09-20 18:05:48.471052+00:00
[2022-09-20T18:07:16.220+0000] {standard_task_runner.py:54} INFO - Started process 600 to run task
[2022-09-20T18:07:16.386+0000] {standard_task_runner.py:82} INFO - Running: ['***', 'tasks', 'run', 'exemplo-dag-docker', 'print_message', 'manual__2022-09-20T18:05:48.471052+00:00', '--job-id', '5', '--raw', '--subdir', 'DAGS_FOLDER/example_dag.py', '--cfg-path', '/tmp/tmpd4a1o0a5']
[2022-09-20T18:07:16.387+0000] {standard_task_runner.py:83} INFO - Job 5: Subtask print_message
[2022-09-20T18:07:16.536+0000] {dagbag.py:525} INFO - Filling up the DagBag from /opt/***/dags/example_dag.py
[2022-09-20T18:07:20.775+0000] {task_command.py:384} INFO - Running <TaskInstance: exemplo-dag-docker.print_message manual__2022-09-20T18:05:48.471052+00:00 [running]> on host cf4fc66d14cf
[2022-09-20T18:08:02.406+0000] {taskinstance.py:1592} INFO - Exporting the following env vars:
AIRFLOW_CTX_DAG_OWNER=***
AIRFLOW_CTX_DAG_ID=exemplo-dag-docker
AIRFLOW_CTX_TASK_ID=print_message
AIRFLOW_CTX_EXECUTION_DATE=2022-09-20T18:05:48.471052+00:00
AIRFLOW_CTX_TRY_NUMBER=1
AIRFLOW_CTX_DAG_RUN_ID=manual__2022-09-20T18:05:48.471052+00:00
[2022-09-20T18:08:02.407+0000] {logging_mixin.py:117} INFO - testando
[2022-09-20T18:08:02.407+0000] {python.py:177} INFO - Done. Returned value was: None
[2022-09-20T18:08:02.801+0000] {taskinstance.py:1406} INFO - Marking task as SUCCESS. dag_id=exemplo-dag-docker, task_id=print_message, execution_date=20220920T180548, start_date=20220920T180714, end_date=20220920T180802
[2022-09-20T18:08:03.255+0000] {local_task_job.py:164} INFO - Task exited with return code 0
[2022-09-20T18:08:03.419+0000] {local_task_job.py:273} INFO - 0 downstream tasks scheduled from follow-on schedule check
