[2022-09-20T17:47:51.998+0000] {processor.py:156} INFO - Started process (PID=325) to work on /home/airflow/.local/lib/python3.7/site-packages/airflow/example_dags/example_trigger_target_dag.py
[2022-09-20T17:47:52.002+0000] {processor.py:758} INFO - Processing file /home/airflow/.local/lib/python3.7/site-packages/airflow/example_dags/example_trigger_target_dag.py for tasks to queue
[2022-09-20T17:47:52.008+0000] {logging_mixin.py:117} INFO - [2022-09-20T17:47:52.007+0000] {dagbag.py:525} INFO - Filling up the DagBag from /home/airflow/.local/lib/python3.7/site-packages/airflow/example_dags/example_trigger_target_dag.py
[2022-09-20T17:47:52.477+0000] {processor.py:768} INFO - DAG(s) dict_keys(['example_trigger_target_dag']) retrieved from /home/airflow/.local/lib/python3.7/site-packages/airflow/example_dags/example_trigger_target_dag.py
[2022-09-20T17:47:54.310+0000] {logging_mixin.py:117} INFO - [2022-09-20T17:47:54.310+0000] {manager.py:508} INFO - Created Permission View: can delete on DAG:example_trigger_target_dag
[2022-09-20T17:47:54.357+0000] {logging_mixin.py:117} INFO - [2022-09-20T17:47:54.357+0000] {manager.py:508} INFO - Created Permission View: can read on DAG:example_trigger_target_dag
[2022-09-20T17:47:54.395+0000] {logging_mixin.py:117} INFO - [2022-09-20T17:47:54.395+0000] {manager.py:508} INFO - Created Permission View: can edit on DAG:example_trigger_target_dag
[2022-09-20T17:47:54.395+0000] {logging_mixin.py:117} INFO - [2022-09-20T17:47:54.395+0000] {dag.py:2573} INFO - Sync 1 DAGs
[2022-09-20T17:47:54.476+0000] {logging_mixin.py:117} INFO - [2022-09-20T17:47:54.476+0000] {dag.py:2594} INFO - Creating ORM DAG for example_trigger_target_dag
[2022-09-20T17:47:54.528+0000] {logging_mixin.py:117} INFO - [2022-09-20T17:47:54.527+0000] {dag.py:3328} INFO - Setting next_dagrun for example_trigger_target_dag to None, run_after=None
[2022-09-20T17:47:54.630+0000] {processor.py:178} INFO - Processing /home/airflow/.local/lib/python3.7/site-packages/airflow/example_dags/example_trigger_target_dag.py took 2.645 seconds
[2022-09-20T17:48:26.294+0000] {processor.py:156} INFO - Started process (PID=525) to work on /home/airflow/.local/lib/python3.7/site-packages/airflow/example_dags/example_trigger_target_dag.py
[2022-09-20T17:48:26.327+0000] {processor.py:758} INFO - Processing file /home/airflow/.local/lib/python3.7/site-packages/airflow/example_dags/example_trigger_target_dag.py for tasks to queue
[2022-09-20T17:48:26.327+0000] {logging_mixin.py:117} INFO - [2022-09-20T17:48:26.327+0000] {dagbag.py:525} INFO - Filling up the DagBag from /home/airflow/.local/lib/python3.7/site-packages/airflow/example_dags/example_trigger_target_dag.py
[2022-09-20T17:48:26.477+0000] {processor.py:768} INFO - DAG(s) dict_keys(['example_trigger_target_dag']) retrieved from /home/airflow/.local/lib/python3.7/site-packages/airflow/example_dags/example_trigger_target_dag.py
[2022-09-20T17:48:26.674+0000] {logging_mixin.py:117} INFO - [2022-09-20T17:48:26.674+0000] {dag.py:2573} INFO - Sync 1 DAGs
[2022-09-20T17:48:28.549+0000] {logging_mixin.py:117} INFO - [2022-09-20T17:48:28.542+0000] {dag.py:3328} INFO - Setting next_dagrun for example_trigger_target_dag to None, run_after=None
[2022-09-20T17:48:29.172+0000] {processor.py:178} INFO - Processing /home/airflow/.local/lib/python3.7/site-packages/airflow/example_dags/example_trigger_target_dag.py took 2.905 seconds
[2022-09-20T17:49:00.070+0000] {processor.py:156} INFO - Started process (PID=723) to work on /home/airflow/.local/lib/python3.7/site-packages/airflow/example_dags/example_trigger_target_dag.py
[2022-09-20T17:49:00.085+0000] {processor.py:758} INFO - Processing file /home/airflow/.local/lib/python3.7/site-packages/airflow/example_dags/example_trigger_target_dag.py for tasks to queue
[2022-09-20T17:49:00.086+0000] {logging_mixin.py:117} INFO - [2022-09-20T17:49:00.086+0000] {dagbag.py:525} INFO - Filling up the DagBag from /home/airflow/.local/lib/python3.7/site-packages/airflow/example_dags/example_trigger_target_dag.py
[2022-09-20T17:49:00.190+0000] {processor.py:768} INFO - DAG(s) dict_keys(['example_trigger_target_dag']) retrieved from /home/airflow/.local/lib/python3.7/site-packages/airflow/example_dags/example_trigger_target_dag.py
[2022-09-20T17:49:00.644+0000] {logging_mixin.py:117} INFO - [2022-09-20T17:49:00.644+0000] {dag.py:2573} INFO - Sync 1 DAGs
[2022-09-20T17:49:00.698+0000] {logging_mixin.py:117} INFO - [2022-09-20T17:49:00.698+0000] {dag.py:3328} INFO - Setting next_dagrun for example_trigger_target_dag to None, run_after=None
[2022-09-20T17:49:00.746+0000] {processor.py:178} INFO - Processing /home/airflow/.local/lib/python3.7/site-packages/airflow/example_dags/example_trigger_target_dag.py took 0.680 seconds
[2022-09-20T17:49:46.329+0000] {processor.py:156} INFO - Started process (PID=928) to work on /home/airflow/.local/lib/python3.7/site-packages/airflow/example_dags/example_trigger_target_dag.py
[2022-09-20T17:49:46.368+0000] {processor.py:758} INFO - Processing file /home/airflow/.local/lib/python3.7/site-packages/airflow/example_dags/example_trigger_target_dag.py for tasks to queue
[2022-09-20T17:49:46.377+0000] {logging_mixin.py:117} INFO - [2022-09-20T17:49:46.377+0000] {dagbag.py:525} INFO - Filling up the DagBag from /home/airflow/.local/lib/python3.7/site-packages/airflow/example_dags/example_trigger_target_dag.py
[2022-09-20T17:49:47.159+0000] {processor.py:768} INFO - DAG(s) dict_keys(['example_trigger_target_dag']) retrieved from /home/airflow/.local/lib/python3.7/site-packages/airflow/example_dags/example_trigger_target_dag.py
[2022-09-20T17:50:02.854+0000] {logging_mixin.py:117} INFO - [2022-09-20T17:50:02.740+0000] {dag.py:2573} INFO - Sync 1 DAGs
[2022-09-20T17:50:04.359+0000] {logging_mixin.py:117} INFO - [2022-09-20T17:50:04.358+0000] {dag.py:3328} INFO - Setting next_dagrun for example_trigger_target_dag to None, run_after=None
[2022-09-20T17:50:05.006+0000] {processor.py:178} INFO - Processing /home/airflow/.local/lib/python3.7/site-packages/airflow/example_dags/example_trigger_target_dag.py took 18.682 seconds
[2022-09-20T17:51:40.239+0000] {processor.py:156} INFO - Started process (PID=1155) to work on /home/airflow/.local/lib/python3.7/site-packages/airflow/example_dags/example_trigger_target_dag.py
[2022-09-20T17:51:40.241+0000] {processor.py:758} INFO - Processing file /home/airflow/.local/lib/python3.7/site-packages/airflow/example_dags/example_trigger_target_dag.py for tasks to queue
[2022-09-20T17:51:40.242+0000] {logging_mixin.py:117} INFO - [2022-09-20T17:51:40.242+0000] {dagbag.py:525} INFO - Filling up the DagBag from /home/airflow/.local/lib/python3.7/site-packages/airflow/example_dags/example_trigger_target_dag.py
[2022-09-20T17:51:40.448+0000] {processor.py:768} INFO - DAG(s) dict_keys(['example_trigger_target_dag']) retrieved from /home/airflow/.local/lib/python3.7/site-packages/airflow/example_dags/example_trigger_target_dag.py
[2022-09-20T17:51:41.516+0000] {logging_mixin.py:117} INFO - [2022-09-20T17:51:41.516+0000] {dag.py:2573} INFO - Sync 1 DAGs
[2022-09-20T17:51:42.041+0000] {logging_mixin.py:117} INFO - [2022-09-20T17:51:42.040+0000] {dag.py:3328} INFO - Setting next_dagrun for example_trigger_target_dag to None, run_after=None
[2022-09-20T17:51:42.604+0000] {processor.py:178} INFO - Processing /home/airflow/.local/lib/python3.7/site-packages/airflow/example_dags/example_trigger_target_dag.py took 2.391 seconds
