[2022-09-20T17:47:58.948+0000] {processor.py:156} INFO - Started process (PID=365) to work on /home/airflow/.local/lib/python3.7/site-packages/airflow/example_dags/example_datasets.py
[2022-09-20T17:47:58.949+0000] {processor.py:758} INFO - Processing file /home/airflow/.local/lib/python3.7/site-packages/airflow/example_dags/example_datasets.py for tasks to queue
[2022-09-20T17:47:58.950+0000] {logging_mixin.py:117} INFO - [2022-09-20T17:47:58.950+0000] {dagbag.py:525} INFO - Filling up the DagBag from /home/airflow/.local/lib/python3.7/site-packages/airflow/example_dags/example_datasets.py
[2022-09-20T17:47:59.014+0000] {processor.py:768} INFO - DAG(s) dict_keys(['dataset_produces_1', 'dataset_consumes_unknown_never_scheduled', 'dataset_consumes_1', 'dataset_produces_2', 'dataset_consumes_1_and_2', 'dataset_consumes_1_never_scheduled']) retrieved from /home/airflow/.local/lib/python3.7/site-packages/airflow/example_dags/example_datasets.py
[2022-09-20T17:48:00.255+0000] {logging_mixin.py:117} INFO - [2022-09-20T17:48:00.255+0000] {manager.py:508} INFO - Created Permission View: can delete on DAG:dataset_produces_1
[2022-09-20T17:48:00.281+0000] {logging_mixin.py:117} INFO - [2022-09-20T17:48:00.281+0000] {manager.py:508} INFO - Created Permission View: can read on DAG:dataset_produces_1
[2022-09-20T17:48:00.312+0000] {logging_mixin.py:117} INFO - [2022-09-20T17:48:00.312+0000] {manager.py:508} INFO - Created Permission View: can edit on DAG:dataset_produces_1
[2022-09-20T17:48:00.396+0000] {logging_mixin.py:117} INFO - [2022-09-20T17:48:00.396+0000] {manager.py:508} INFO - Created Permission View: can delete on DAG:dataset_consumes_unknown_never_scheduled
[2022-09-20T17:48:00.426+0000] {logging_mixin.py:117} INFO - [2022-09-20T17:48:00.426+0000] {manager.py:508} INFO - Created Permission View: can read on DAG:dataset_consumes_unknown_never_scheduled
[2022-09-20T17:48:00.459+0000] {logging_mixin.py:117} INFO - [2022-09-20T17:48:00.459+0000] {manager.py:508} INFO - Created Permission View: can edit on DAG:dataset_consumes_unknown_never_scheduled
[2022-09-20T17:48:00.508+0000] {logging_mixin.py:117} INFO - [2022-09-20T17:48:00.508+0000] {manager.py:508} INFO - Created Permission View: can delete on DAG:dataset_consumes_1
[2022-09-20T17:48:00.526+0000] {logging_mixin.py:117} INFO - [2022-09-20T17:48:00.526+0000] {manager.py:508} INFO - Created Permission View: can read on DAG:dataset_consumes_1
[2022-09-20T17:48:00.557+0000] {logging_mixin.py:117} INFO - [2022-09-20T17:48:00.557+0000] {manager.py:508} INFO - Created Permission View: can edit on DAG:dataset_consumes_1
[2022-09-20T17:48:00.582+0000] {logging_mixin.py:117} INFO - [2022-09-20T17:48:00.582+0000] {manager.py:508} INFO - Created Permission View: can delete on DAG:dataset_produces_2
[2022-09-20T17:48:00.596+0000] {logging_mixin.py:117} INFO - [2022-09-20T17:48:00.596+0000] {manager.py:508} INFO - Created Permission View: can read on DAG:dataset_produces_2
[2022-09-20T17:48:00.617+0000] {logging_mixin.py:117} INFO - [2022-09-20T17:48:00.617+0000] {manager.py:508} INFO - Created Permission View: can edit on DAG:dataset_produces_2
[2022-09-20T17:48:00.646+0000] {logging_mixin.py:117} INFO - [2022-09-20T17:48:00.646+0000] {manager.py:508} INFO - Created Permission View: can delete on DAG:dataset_consumes_1_and_2
[2022-09-20T17:48:00.658+0000] {logging_mixin.py:117} INFO - [2022-09-20T17:48:00.658+0000] {manager.py:508} INFO - Created Permission View: can read on DAG:dataset_consumes_1_and_2
[2022-09-20T17:48:00.672+0000] {logging_mixin.py:117} INFO - [2022-09-20T17:48:00.672+0000] {manager.py:508} INFO - Created Permission View: can edit on DAG:dataset_consumes_1_and_2
[2022-09-20T17:48:00.704+0000] {logging_mixin.py:117} INFO - [2022-09-20T17:48:00.704+0000] {manager.py:508} INFO - Created Permission View: can delete on DAG:dataset_consumes_1_never_scheduled
[2022-09-20T17:48:00.725+0000] {logging_mixin.py:117} INFO - [2022-09-20T17:48:00.724+0000] {manager.py:508} INFO - Created Permission View: can read on DAG:dataset_consumes_1_never_scheduled
[2022-09-20T17:48:00.746+0000] {logging_mixin.py:117} INFO - [2022-09-20T17:48:00.746+0000] {manager.py:508} INFO - Created Permission View: can edit on DAG:dataset_consumes_1_never_scheduled
[2022-09-20T17:48:00.746+0000] {logging_mixin.py:117} INFO - [2022-09-20T17:48:00.746+0000] {dag.py:2573} INFO - Sync 6 DAGs
[2022-09-20T17:48:00.770+0000] {logging_mixin.py:117} INFO - [2022-09-20T17:48:00.769+0000] {dag.py:2594} INFO - Creating ORM DAG for dataset_produces_1
[2022-09-20T17:48:00.770+0000] {logging_mixin.py:117} INFO - [2022-09-20T17:48:00.770+0000] {dag.py:2594} INFO - Creating ORM DAG for dataset_consumes_1_never_scheduled
[2022-09-20T17:48:00.771+0000] {logging_mixin.py:117} INFO - [2022-09-20T17:48:00.770+0000] {dag.py:2594} INFO - Creating ORM DAG for dataset_consumes_unknown_never_scheduled
[2022-09-20T17:48:00.784+0000] {logging_mixin.py:117} INFO - [2022-09-20T17:48:00.784+0000] {dag.py:2594} INFO - Creating ORM DAG for dataset_produces_2
[2022-09-20T17:48:00.784+0000] {logging_mixin.py:117} INFO - [2022-09-20T17:48:00.784+0000] {dag.py:2594} INFO - Creating ORM DAG for dataset_consumes_1_and_2
[2022-09-20T17:48:00.785+0000] {logging_mixin.py:117} INFO - [2022-09-20T17:48:00.785+0000] {dag.py:2594} INFO - Creating ORM DAG for dataset_consumes_1
[2022-09-20T17:48:00.805+0000] {logging_mixin.py:117} INFO - [2022-09-20T17:48:00.805+0000] {dag.py:3328} INFO - Setting next_dagrun for dataset_consumes_1 to None, run_after=None
[2022-09-20T17:48:00.806+0000] {logging_mixin.py:117} INFO - [2022-09-20T17:48:00.806+0000] {dag.py:3328} INFO - Setting next_dagrun for dataset_consumes_1_and_2 to None, run_after=None
[2022-09-20T17:48:00.807+0000] {logging_mixin.py:117} INFO - [2022-09-20T17:48:00.807+0000] {dag.py:3328} INFO - Setting next_dagrun for dataset_consumes_1_never_scheduled to None, run_after=None
[2022-09-20T17:48:00.807+0000] {logging_mixin.py:117} INFO - [2022-09-20T17:48:00.807+0000] {dag.py:3328} INFO - Setting next_dagrun for dataset_consumes_unknown_never_scheduled to None, run_after=None
[2022-09-20T17:48:00.809+0000] {logging_mixin.py:117} INFO - [2022-09-20T17:48:00.809+0000] {dag.py:3328} INFO - Setting next_dagrun for dataset_produces_1 to 2022-09-19T00:00:00+00:00, run_after=2022-09-20T00:00:00+00:00
[2022-09-20T17:48:00.809+0000] {logging_mixin.py:117} INFO - [2022-09-20T17:48:00.809+0000] {dag.py:3328} INFO - Setting next_dagrun for dataset_produces_2 to None, run_after=None
[2022-09-20T17:48:00.897+0000] {processor.py:178} INFO - Processing /home/airflow/.local/lib/python3.7/site-packages/airflow/example_dags/example_datasets.py took 1.964 seconds
[2022-09-20T17:48:34.585+0000] {processor.py:156} INFO - Started process (PID=565) to work on /home/airflow/.local/lib/python3.7/site-packages/airflow/example_dags/example_datasets.py
[2022-09-20T17:48:34.597+0000] {processor.py:758} INFO - Processing file /home/airflow/.local/lib/python3.7/site-packages/airflow/example_dags/example_datasets.py for tasks to queue
[2022-09-20T17:48:34.598+0000] {logging_mixin.py:117} INFO - [2022-09-20T17:48:34.598+0000] {dagbag.py:525} INFO - Filling up the DagBag from /home/airflow/.local/lib/python3.7/site-packages/airflow/example_dags/example_datasets.py
[2022-09-20T17:48:34.677+0000] {processor.py:768} INFO - DAG(s) dict_keys(['dataset_consumes_1', 'dataset_produces_2', 'dataset_produces_1', 'dataset_consumes_unknown_never_scheduled', 'dataset_consumes_1_and_2', 'dataset_consumes_1_never_scheduled']) retrieved from /home/airflow/.local/lib/python3.7/site-packages/airflow/example_dags/example_datasets.py
[2022-09-20T17:48:35.090+0000] {logging_mixin.py:117} INFO - [2022-09-20T17:48:35.090+0000] {dag.py:2573} INFO - Sync 6 DAGs
[2022-09-20T17:48:35.931+0000] {logging_mixin.py:117} INFO - [2022-09-20T17:48:35.931+0000] {dag.py:3328} INFO - Setting next_dagrun for dataset_consumes_1 to None, run_after=None
[2022-09-20T17:48:35.938+0000] {logging_mixin.py:117} INFO - [2022-09-20T17:48:35.938+0000] {dag.py:3328} INFO - Setting next_dagrun for dataset_consumes_1_and_2 to None, run_after=None
[2022-09-20T17:48:35.953+0000] {logging_mixin.py:117} INFO - [2022-09-20T17:48:35.953+0000] {dag.py:3328} INFO - Setting next_dagrun for dataset_consumes_1_never_scheduled to None, run_after=None
[2022-09-20T17:48:35.961+0000] {logging_mixin.py:117} INFO - [2022-09-20T17:48:35.961+0000] {dag.py:3328} INFO - Setting next_dagrun for dataset_consumes_unknown_never_scheduled to None, run_after=None
[2022-09-20T17:48:35.964+0000] {logging_mixin.py:117} INFO - [2022-09-20T17:48:35.964+0000] {dag.py:3328} INFO - Setting next_dagrun for dataset_produces_1 to 2022-09-19T00:00:00+00:00, run_after=2022-09-20T00:00:00+00:00
[2022-09-20T17:48:35.966+0000] {logging_mixin.py:117} INFO - [2022-09-20T17:48:35.965+0000] {dag.py:3328} INFO - Setting next_dagrun for dataset_produces_2 to None, run_after=None
[2022-09-20T17:48:36.065+0000] {processor.py:178} INFO - Processing /home/airflow/.local/lib/python3.7/site-packages/airflow/example_dags/example_datasets.py took 1.484 seconds
[2022-09-20T17:49:06.799+0000] {processor.py:156} INFO - Started process (PID=772) to work on /home/airflow/.local/lib/python3.7/site-packages/airflow/example_dags/example_datasets.py
[2022-09-20T17:49:06.810+0000] {processor.py:758} INFO - Processing file /home/airflow/.local/lib/python3.7/site-packages/airflow/example_dags/example_datasets.py for tasks to queue
[2022-09-20T17:49:06.812+0000] {logging_mixin.py:117} INFO - [2022-09-20T17:49:06.812+0000] {dagbag.py:525} INFO - Filling up the DagBag from /home/airflow/.local/lib/python3.7/site-packages/airflow/example_dags/example_datasets.py
[2022-09-20T17:49:06.868+0000] {processor.py:768} INFO - DAG(s) dict_keys(['dataset_consumes_unknown_never_scheduled', 'dataset_consumes_1_never_scheduled', 'dataset_consumes_1', 'dataset_consumes_1_and_2', 'dataset_produces_1', 'dataset_produces_2']) retrieved from /home/airflow/.local/lib/python3.7/site-packages/airflow/example_dags/example_datasets.py
[2022-09-20T17:49:07.677+0000] {logging_mixin.py:117} INFO - [2022-09-20T17:49:07.676+0000] {dag.py:2573} INFO - Sync 6 DAGs
[2022-09-20T17:49:07.746+0000] {logging_mixin.py:117} INFO - [2022-09-20T17:49:07.745+0000] {dag.py:3328} INFO - Setting next_dagrun for dataset_consumes_1 to None, run_after=None
[2022-09-20T17:49:07.749+0000] {logging_mixin.py:117} INFO - [2022-09-20T17:49:07.749+0000] {dag.py:3328} INFO - Setting next_dagrun for dataset_consumes_1_and_2 to None, run_after=None
[2022-09-20T17:49:07.753+0000] {logging_mixin.py:117} INFO - [2022-09-20T17:49:07.753+0000] {dag.py:3328} INFO - Setting next_dagrun for dataset_consumes_1_never_scheduled to None, run_after=None
[2022-09-20T17:49:07.764+0000] {logging_mixin.py:117} INFO - [2022-09-20T17:49:07.764+0000] {dag.py:3328} INFO - Setting next_dagrun for dataset_consumes_unknown_never_scheduled to None, run_after=None
[2022-09-20T17:49:07.775+0000] {logging_mixin.py:117} INFO - [2022-09-20T17:49:07.775+0000] {dag.py:3328} INFO - Setting next_dagrun for dataset_produces_1 to 2022-09-19T00:00:00+00:00, run_after=2022-09-20T00:00:00+00:00
[2022-09-20T17:49:07.776+0000] {logging_mixin.py:117} INFO - [2022-09-20T17:49:07.776+0000] {dag.py:3328} INFO - Setting next_dagrun for dataset_produces_2 to None, run_after=None
[2022-09-20T17:49:07.886+0000] {processor.py:178} INFO - Processing /home/airflow/.local/lib/python3.7/site-packages/airflow/example_dags/example_datasets.py took 1.091 seconds
[2022-09-20T17:50:56.728+0000] {processor.py:156} INFO - Started process (PID=995) to work on /home/airflow/.local/lib/python3.7/site-packages/airflow/example_dags/example_datasets.py
[2022-09-20T17:50:56.785+0000] {processor.py:758} INFO - Processing file /home/airflow/.local/lib/python3.7/site-packages/airflow/example_dags/example_datasets.py for tasks to queue
[2022-09-20T17:50:56.786+0000] {logging_mixin.py:117} INFO - [2022-09-20T17:50:56.786+0000] {dagbag.py:525} INFO - Filling up the DagBag from /home/airflow/.local/lib/python3.7/site-packages/airflow/example_dags/example_datasets.py
[2022-09-20T17:50:59.545+0000] {processor.py:768} INFO - DAG(s) dict_keys(['dataset_consumes_1', 'dataset_consumes_1_and_2', 'dataset_consumes_unknown_never_scheduled', 'dataset_produces_2', 'dataset_consumes_1_never_scheduled', 'dataset_produces_1']) retrieved from /home/airflow/.local/lib/python3.7/site-packages/airflow/example_dags/example_datasets.py
[2022-09-20T17:51:00.213+0000] {logging_mixin.py:117} INFO - [2022-09-20T17:51:00.192+0000] {dag.py:2573} INFO - Sync 6 DAGs
[2022-09-20T17:51:00.460+0000] {logging_mixin.py:117} INFO - [2022-09-20T17:51:00.460+0000] {dag.py:3328} INFO - Setting next_dagrun for dataset_consumes_1 to None, run_after=None
[2022-09-20T17:51:00.475+0000] {logging_mixin.py:117} INFO - [2022-09-20T17:51:00.475+0000] {dag.py:3328} INFO - Setting next_dagrun for dataset_consumes_1_and_2 to None, run_after=None
[2022-09-20T17:51:00.497+0000] {logging_mixin.py:117} INFO - [2022-09-20T17:51:00.497+0000] {dag.py:3328} INFO - Setting next_dagrun for dataset_consumes_1_never_scheduled to None, run_after=None
[2022-09-20T17:51:00.518+0000] {logging_mixin.py:117} INFO - [2022-09-20T17:51:00.517+0000] {dag.py:3328} INFO - Setting next_dagrun for dataset_consumes_unknown_never_scheduled to None, run_after=None
[2022-09-20T17:51:00.534+0000] {logging_mixin.py:117} INFO - [2022-09-20T17:51:00.534+0000] {dag.py:3328} INFO - Setting next_dagrun for dataset_produces_1 to 2022-09-19T00:00:00+00:00, run_after=2022-09-20T00:00:00+00:00
[2022-09-20T17:51:00.580+0000] {logging_mixin.py:117} INFO - [2022-09-20T17:51:00.580+0000] {dag.py:3328} INFO - Setting next_dagrun for dataset_produces_2 to None, run_after=None
[2022-09-20T17:51:00.887+0000] {processor.py:178} INFO - Processing /home/airflow/.local/lib/python3.7/site-packages/airflow/example_dags/example_datasets.py took 4.163 seconds
