[2022-09-20T17:47:38.875+0000] {processor.py:156} INFO - Started process (PID=281) to work on /home/airflow/.local/lib/python3.7/site-packages/airflow/example_dags/example_latest_only_with_trigger.py
[2022-09-20T17:47:38.928+0000] {processor.py:758} INFO - Processing file /home/airflow/.local/lib/python3.7/site-packages/airflow/example_dags/example_latest_only_with_trigger.py for tasks to queue
[2022-09-20T17:47:38.934+0000] {logging_mixin.py:117} INFO - [2022-09-20T17:47:38.934+0000] {dagbag.py:525} INFO - Filling up the DagBag from /home/airflow/.local/lib/python3.7/site-packages/airflow/example_dags/example_latest_only_with_trigger.py
[2022-09-20T17:47:39.059+0000] {processor.py:768} INFO - DAG(s) dict_keys(['latest_only_with_trigger']) retrieved from /home/airflow/.local/lib/python3.7/site-packages/airflow/example_dags/example_latest_only_with_trigger.py
[2022-09-20T17:47:41.115+0000] {logging_mixin.py:117} INFO - [2022-09-20T17:47:41.114+0000] {manager.py:508} INFO - Created Permission View: can delete on DAG:latest_only_with_trigger
[2022-09-20T17:47:41.206+0000] {logging_mixin.py:117} INFO - [2022-09-20T17:47:41.205+0000] {manager.py:508} INFO - Created Permission View: can read on DAG:latest_only_with_trigger
[2022-09-20T17:47:41.241+0000] {logging_mixin.py:117} INFO - [2022-09-20T17:47:41.240+0000] {manager.py:508} INFO - Created Permission View: can edit on DAG:latest_only_with_trigger
[2022-09-20T17:47:41.241+0000] {logging_mixin.py:117} INFO - [2022-09-20T17:47:41.241+0000] {dag.py:2573} INFO - Sync 1 DAGs
[2022-09-20T17:47:41.301+0000] {logging_mixin.py:117} INFO - [2022-09-20T17:47:41.301+0000] {dag.py:2594} INFO - Creating ORM DAG for latest_only_with_trigger
[2022-09-20T17:47:41.424+0000] {logging_mixin.py:117} INFO - [2022-09-20T17:47:41.424+0000] {dag.py:3328} INFO - Setting next_dagrun for latest_only_with_trigger to 2022-09-20T13:47:41.424243+00:00, run_after=2022-09-20T17:47:41.424243+00:00
[2022-09-20T17:47:41.549+0000] {processor.py:178} INFO - Processing /home/airflow/.local/lib/python3.7/site-packages/airflow/example_dags/example_latest_only_with_trigger.py took 2.725 seconds
[2022-09-20T17:48:13.867+0000] {processor.py:156} INFO - Started process (PID=479) to work on /home/airflow/.local/lib/python3.7/site-packages/airflow/example_dags/example_latest_only_with_trigger.py
[2022-09-20T17:48:13.879+0000] {processor.py:758} INFO - Processing file /home/airflow/.local/lib/python3.7/site-packages/airflow/example_dags/example_latest_only_with_trigger.py for tasks to queue
[2022-09-20T17:48:13.881+0000] {logging_mixin.py:117} INFO - [2022-09-20T17:48:13.880+0000] {dagbag.py:525} INFO - Filling up the DagBag from /home/airflow/.local/lib/python3.7/site-packages/airflow/example_dags/example_latest_only_with_trigger.py
[2022-09-20T17:48:13.944+0000] {processor.py:768} INFO - DAG(s) dict_keys(['latest_only_with_trigger']) retrieved from /home/airflow/.local/lib/python3.7/site-packages/airflow/example_dags/example_latest_only_with_trigger.py
[2022-09-20T17:48:14.130+0000] {logging_mixin.py:117} INFO - [2022-09-20T17:48:14.130+0000] {dag.py:2573} INFO - Sync 1 DAGs
[2022-09-20T17:48:14.545+0000] {logging_mixin.py:117} INFO - [2022-09-20T17:48:14.544+0000] {dag.py:3328} INFO - Setting next_dagrun for latest_only_with_trigger to 2022-09-20T13:48:14.544791+00:00, run_after=2022-09-20T17:48:14.544791+00:00
[2022-09-20T17:48:14.582+0000] {processor.py:178} INFO - Processing /home/airflow/.local/lib/python3.7/site-packages/airflow/example_dags/example_latest_only_with_trigger.py took 0.719 seconds
[2022-09-20T17:48:50.015+0000] {processor.py:156} INFO - Started process (PID=677) to work on /home/airflow/.local/lib/python3.7/site-packages/airflow/example_dags/example_latest_only_with_trigger.py
[2022-09-20T17:48:50.018+0000] {processor.py:758} INFO - Processing file /home/airflow/.local/lib/python3.7/site-packages/airflow/example_dags/example_latest_only_with_trigger.py for tasks to queue
[2022-09-20T17:48:50.019+0000] {logging_mixin.py:117} INFO - [2022-09-20T17:48:50.019+0000] {dagbag.py:525} INFO - Filling up the DagBag from /home/airflow/.local/lib/python3.7/site-packages/airflow/example_dags/example_latest_only_with_trigger.py
[2022-09-20T17:48:50.118+0000] {processor.py:768} INFO - DAG(s) dict_keys(['latest_only_with_trigger']) retrieved from /home/airflow/.local/lib/python3.7/site-packages/airflow/example_dags/example_latest_only_with_trigger.py
[2022-09-20T17:48:50.244+0000] {logging_mixin.py:117} INFO - [2022-09-20T17:48:50.244+0000] {dag.py:2573} INFO - Sync 1 DAGs
[2022-09-20T17:48:50.928+0000] {logging_mixin.py:117} INFO - [2022-09-20T17:48:50.928+0000] {dag.py:3328} INFO - Setting next_dagrun for latest_only_with_trigger to 2022-09-20T13:48:50.928551+00:00, run_after=2022-09-20T17:48:50.928551+00:00
[2022-09-20T17:48:50.992+0000] {processor.py:178} INFO - Processing /home/airflow/.local/lib/python3.7/site-packages/airflow/example_dags/example_latest_only_with_trigger.py took 0.981 seconds
[2022-09-20T17:49:25.172+0000] {processor.py:156} INFO - Started process (PID=879) to work on /home/airflow/.local/lib/python3.7/site-packages/airflow/example_dags/example_latest_only_with_trigger.py
[2022-09-20T17:49:25.277+0000] {processor.py:758} INFO - Processing file /home/airflow/.local/lib/python3.7/site-packages/airflow/example_dags/example_latest_only_with_trigger.py for tasks to queue
[2022-09-20T17:49:25.300+0000] {logging_mixin.py:117} INFO - [2022-09-20T17:49:25.300+0000] {dagbag.py:525} INFO - Filling up the DagBag from /home/airflow/.local/lib/python3.7/site-packages/airflow/example_dags/example_latest_only_with_trigger.py
[2022-09-20T17:49:26.385+0000] {processor.py:768} INFO - DAG(s) dict_keys(['latest_only_with_trigger']) retrieved from /home/airflow/.local/lib/python3.7/site-packages/airflow/example_dags/example_latest_only_with_trigger.py
[2022-09-20T17:49:35.801+0000] {logging_mixin.py:117} INFO - [2022-09-20T17:49:35.800+0000] {dag.py:2573} INFO - Sync 1 DAGs
[2022-09-20T17:49:35.954+0000] {logging_mixin.py:117} INFO - [2022-09-20T17:49:35.954+0000] {dag.py:3328} INFO - Setting next_dagrun for latest_only_with_trigger to 2022-09-20T13:49:35.952800+00:00, run_after=2022-09-20T17:49:35.952800+00:00
[2022-09-20T17:49:36.029+0000] {processor.py:178} INFO - Processing /home/airflow/.local/lib/python3.7/site-packages/airflow/example_dags/example_latest_only_with_trigger.py took 10.956 seconds
[2022-09-20T17:51:32.601+0000] {processor.py:156} INFO - Started process (PID=1113) to work on /home/airflow/.local/lib/python3.7/site-packages/airflow/example_dags/example_latest_only_with_trigger.py
[2022-09-20T17:51:32.608+0000] {processor.py:758} INFO - Processing file /home/airflow/.local/lib/python3.7/site-packages/airflow/example_dags/example_latest_only_with_trigger.py for tasks to queue
[2022-09-20T17:51:32.608+0000] {logging_mixin.py:117} INFO - [2022-09-20T17:51:32.608+0000] {dagbag.py:525} INFO - Filling up the DagBag from /home/airflow/.local/lib/python3.7/site-packages/airflow/example_dags/example_latest_only_with_trigger.py
[2022-09-20T17:51:32.739+0000] {processor.py:768} INFO - DAG(s) dict_keys(['latest_only_with_trigger']) retrieved from /home/airflow/.local/lib/python3.7/site-packages/airflow/example_dags/example_latest_only_with_trigger.py
[2022-09-20T17:51:33.146+0000] {logging_mixin.py:117} INFO - [2022-09-20T17:51:33.145+0000] {dag.py:2573} INFO - Sync 1 DAGs
[2022-09-20T17:51:33.364+0000] {logging_mixin.py:117} INFO - [2022-09-20T17:51:33.364+0000] {dag.py:3328} INFO - Setting next_dagrun for latest_only_with_trigger to 2022-09-20T13:51:33.358577+00:00, run_after=2022-09-20T17:51:33.358577+00:00
[2022-09-20T17:51:33.528+0000] {processor.py:178} INFO - Processing /home/airflow/.local/lib/python3.7/site-packages/airflow/example_dags/example_latest_only_with_trigger.py took 0.955 seconds
