[2022-09-20T17:47:58.103+0000] {processor.py:156} INFO - Started process (PID=360) to work on /home/airflow/.local/lib/python3.7/site-packages/airflow/example_dags/example_dag_decorator.py
[2022-09-20T17:47:58.124+0000] {processor.py:758} INFO - Processing file /home/airflow/.local/lib/python3.7/site-packages/airflow/example_dags/example_dag_decorator.py for tasks to queue
[2022-09-20T17:47:58.146+0000] {logging_mixin.py:117} INFO - [2022-09-20T17:47:58.145+0000] {dagbag.py:525} INFO - Filling up the DagBag from /home/airflow/.local/lib/python3.7/site-packages/airflow/example_dags/example_dag_decorator.py
[2022-09-20T17:47:58.328+0000] {processor.py:768} INFO - DAG(s) dict_keys(['example_dag_decorator']) retrieved from /home/airflow/.local/lib/python3.7/site-packages/airflow/example_dags/example_dag_decorator.py
[2022-09-20T17:47:59.123+0000] {logging_mixin.py:117} INFO - [2022-09-20T17:47:59.122+0000] {manager.py:508} INFO - Created Permission View: can delete on DAG:example_dag_decorator
[2022-09-20T17:47:59.145+0000] {logging_mixin.py:117} INFO - [2022-09-20T17:47:59.145+0000] {manager.py:508} INFO - Created Permission View: can read on DAG:example_dag_decorator
[2022-09-20T17:47:59.161+0000] {logging_mixin.py:117} INFO - [2022-09-20T17:47:59.160+0000] {manager.py:508} INFO - Created Permission View: can edit on DAG:example_dag_decorator
[2022-09-20T17:47:59.161+0000] {logging_mixin.py:117} INFO - [2022-09-20T17:47:59.161+0000] {dag.py:2573} INFO - Sync 1 DAGs
[2022-09-20T17:47:59.185+0000] {logging_mixin.py:117} INFO - [2022-09-20T17:47:59.184+0000] {dag.py:2594} INFO - Creating ORM DAG for example_dag_decorator
[2022-09-20T17:47:59.244+0000] {logging_mixin.py:117} INFO - [2022-09-20T17:47:59.239+0000] {dag.py:3328} INFO - Setting next_dagrun for example_dag_decorator to None, run_after=None
[2022-09-20T17:47:59.334+0000] {processor.py:178} INFO - Processing /home/airflow/.local/lib/python3.7/site-packages/airflow/example_dags/example_dag_decorator.py took 1.249 seconds
[2022-09-20T17:48:34.152+0000] {processor.py:156} INFO - Started process (PID=560) to work on /home/airflow/.local/lib/python3.7/site-packages/airflow/example_dags/example_dag_decorator.py
[2022-09-20T17:48:34.154+0000] {processor.py:758} INFO - Processing file /home/airflow/.local/lib/python3.7/site-packages/airflow/example_dags/example_dag_decorator.py for tasks to queue
[2022-09-20T17:48:34.155+0000] {logging_mixin.py:117} INFO - [2022-09-20T17:48:34.155+0000] {dagbag.py:525} INFO - Filling up the DagBag from /home/airflow/.local/lib/python3.7/site-packages/airflow/example_dags/example_dag_decorator.py
[2022-09-20T17:48:34.191+0000] {processor.py:768} INFO - DAG(s) dict_keys(['example_dag_decorator']) retrieved from /home/airflow/.local/lib/python3.7/site-packages/airflow/example_dags/example_dag_decorator.py
[2022-09-20T17:48:34.492+0000] {logging_mixin.py:117} INFO - [2022-09-20T17:48:34.491+0000] {dag.py:2573} INFO - Sync 1 DAGs
[2022-09-20T17:48:34.519+0000] {logging_mixin.py:117} INFO - [2022-09-20T17:48:34.518+0000] {dag.py:3328} INFO - Setting next_dagrun for example_dag_decorator to None, run_after=None
[2022-09-20T17:48:34.544+0000] {processor.py:178} INFO - Processing /home/airflow/.local/lib/python3.7/site-packages/airflow/example_dags/example_dag_decorator.py took 0.395 seconds
[2022-09-20T17:49:04.694+0000] {processor.py:156} INFO - Started process (PID=756) to work on /home/airflow/.local/lib/python3.7/site-packages/airflow/example_dags/example_dag_decorator.py
[2022-09-20T17:49:04.694+0000] {processor.py:758} INFO - Processing file /home/airflow/.local/lib/python3.7/site-packages/airflow/example_dags/example_dag_decorator.py for tasks to queue
[2022-09-20T17:49:04.695+0000] {logging_mixin.py:117} INFO - [2022-09-20T17:49:04.695+0000] {dagbag.py:525} INFO - Filling up the DagBag from /home/airflow/.local/lib/python3.7/site-packages/airflow/example_dags/example_dag_decorator.py
[2022-09-20T17:49:04.774+0000] {processor.py:768} INFO - DAG(s) dict_keys(['example_dag_decorator']) retrieved from /home/airflow/.local/lib/python3.7/site-packages/airflow/example_dags/example_dag_decorator.py
[2022-09-20T17:49:05.765+0000] {logging_mixin.py:117} INFO - [2022-09-20T17:49:05.765+0000] {dag.py:2573} INFO - Sync 1 DAGs
[2022-09-20T17:49:05.830+0000] {logging_mixin.py:117} INFO - [2022-09-20T17:49:05.830+0000] {dag.py:3328} INFO - Setting next_dagrun for example_dag_decorator to None, run_after=None
[2022-09-20T17:49:05.895+0000] {processor.py:178} INFO - Processing /home/airflow/.local/lib/python3.7/site-packages/airflow/example_dags/example_dag_decorator.py took 1.206 seconds
[2022-09-20T17:50:47.999+0000] {processor.py:156} INFO - Started process (PID=988) to work on /home/airflow/.local/lib/python3.7/site-packages/airflow/example_dags/example_dag_decorator.py
[2022-09-20T17:50:48.232+0000] {processor.py:758} INFO - Processing file /home/airflow/.local/lib/python3.7/site-packages/airflow/example_dags/example_dag_decorator.py for tasks to queue
[2022-09-20T17:50:48.239+0000] {logging_mixin.py:117} INFO - [2022-09-20T17:50:48.239+0000] {dagbag.py:525} INFO - Filling up the DagBag from /home/airflow/.local/lib/python3.7/site-packages/airflow/example_dags/example_dag_decorator.py
[2022-09-20T17:50:56.295+0000] {processor.py:768} INFO - DAG(s) dict_keys(['example_dag_decorator']) retrieved from /home/airflow/.local/lib/python3.7/site-packages/airflow/example_dags/example_dag_decorator.py
[2022-09-20T17:50:56.597+0000] {logging_mixin.py:117} INFO - [2022-09-20T17:50:56.597+0000] {dag.py:2573} INFO - Sync 1 DAGs
[2022-09-20T17:50:56.781+0000] {logging_mixin.py:117} INFO - [2022-09-20T17:50:56.780+0000] {dag.py:3328} INFO - Setting next_dagrun for example_dag_decorator to None, run_after=None
[2022-09-20T17:50:57.089+0000] {processor.py:178} INFO - Processing /home/airflow/.local/lib/python3.7/site-packages/airflow/example_dags/example_dag_decorator.py took 9.094 seconds
