[2022-09-20T17:46:25.340+0000] {processor.py:156} INFO - Started process (PID=201) to work on /home/airflow/.local/lib/python3.7/site-packages/airflow/example_dags/example_local_kubernetes_executor.py
[2022-09-20T17:46:25.441+0000] {processor.py:758} INFO - Processing file /home/airflow/.local/lib/python3.7/site-packages/airflow/example_dags/example_local_kubernetes_executor.py for tasks to queue
[2022-09-20T17:46:25.450+0000] {logging_mixin.py:117} INFO - [2022-09-20T17:46:25.450+0000] {dagbag.py:525} INFO - Filling up the DagBag from /home/airflow/.local/lib/python3.7/site-packages/airflow/example_dags/example_local_kubernetes_executor.py
[2022-09-20T17:46:26.305+0000] {processor.py:768} INFO - DAG(s) dict_keys(['example_local_kubernetes_executor']) retrieved from /home/airflow/.local/lib/python3.7/site-packages/airflow/example_dags/example_local_kubernetes_executor.py
[2022-09-20T17:46:31.465+0000] {logging_mixin.py:117} INFO - [2022-09-20T17:46:31.465+0000] {manager.py:508} INFO - Created Permission View: can delete on DAG:example_local_kubernetes_executor
[2022-09-20T17:46:31.518+0000] {logging_mixin.py:117} INFO - [2022-09-20T17:46:31.518+0000] {manager.py:508} INFO - Created Permission View: can read on DAG:example_local_kubernetes_executor
[2022-09-20T17:46:31.636+0000] {logging_mixin.py:117} INFO - [2022-09-20T17:46:31.636+0000] {manager.py:508} INFO - Created Permission View: can edit on DAG:example_local_kubernetes_executor
[2022-09-20T17:46:31.636+0000] {logging_mixin.py:117} INFO - [2022-09-20T17:46:31.636+0000] {dag.py:2573} INFO - Sync 1 DAGs
[2022-09-20T17:46:31.740+0000] {logging_mixin.py:117} INFO - [2022-09-20T17:46:31.740+0000] {dag.py:2594} INFO - Creating ORM DAG for example_local_kubernetes_executor
[2022-09-20T17:46:31.795+0000] {logging_mixin.py:117} INFO - [2022-09-20T17:46:31.794+0000] {dag.py:3328} INFO - Setting next_dagrun for example_local_kubernetes_executor to None, run_after=None
[2022-09-20T17:46:31.891+0000] {processor.py:178} INFO - Processing /home/airflow/.local/lib/python3.7/site-packages/airflow/example_dags/example_local_kubernetes_executor.py took 6.555 seconds
[2022-09-20T17:48:08.157+0000] {processor.py:156} INFO - Started process (PID=429) to work on /home/airflow/.local/lib/python3.7/site-packages/airflow/example_dags/example_local_kubernetes_executor.py
[2022-09-20T17:48:08.160+0000] {processor.py:758} INFO - Processing file /home/airflow/.local/lib/python3.7/site-packages/airflow/example_dags/example_local_kubernetes_executor.py for tasks to queue
[2022-09-20T17:48:08.161+0000] {logging_mixin.py:117} INFO - [2022-09-20T17:48:08.161+0000] {dagbag.py:525} INFO - Filling up the DagBag from /home/airflow/.local/lib/python3.7/site-packages/airflow/example_dags/example_local_kubernetes_executor.py
[2022-09-20T17:48:08.276+0000] {processor.py:768} INFO - DAG(s) dict_keys(['example_local_kubernetes_executor']) retrieved from /home/airflow/.local/lib/python3.7/site-packages/airflow/example_dags/example_local_kubernetes_executor.py
[2022-09-20T17:48:08.440+0000] {logging_mixin.py:117} INFO - [2022-09-20T17:48:08.440+0000] {dag.py:2573} INFO - Sync 1 DAGs
[2022-09-20T17:48:09.130+0000] {logging_mixin.py:117} INFO - [2022-09-20T17:48:09.130+0000] {dag.py:3328} INFO - Setting next_dagrun for example_local_kubernetes_executor to None, run_after=None
[2022-09-20T17:48:09.182+0000] {processor.py:178} INFO - Processing /home/airflow/.local/lib/python3.7/site-packages/airflow/example_dags/example_local_kubernetes_executor.py took 1.028 seconds
[2022-09-20T17:48:40.542+0000] {processor.py:156} INFO - Started process (PID=627) to work on /home/airflow/.local/lib/python3.7/site-packages/airflow/example_dags/example_local_kubernetes_executor.py
[2022-09-20T17:48:40.566+0000] {processor.py:758} INFO - Processing file /home/airflow/.local/lib/python3.7/site-packages/airflow/example_dags/example_local_kubernetes_executor.py for tasks to queue
[2022-09-20T17:48:40.570+0000] {logging_mixin.py:117} INFO - [2022-09-20T17:48:40.570+0000] {dagbag.py:525} INFO - Filling up the DagBag from /home/airflow/.local/lib/python3.7/site-packages/airflow/example_dags/example_local_kubernetes_executor.py
[2022-09-20T17:48:41.194+0000] {processor.py:768} INFO - DAG(s) dict_keys(['example_local_kubernetes_executor']) retrieved from /home/airflow/.local/lib/python3.7/site-packages/airflow/example_dags/example_local_kubernetes_executor.py
[2022-09-20T17:48:42.033+0000] {logging_mixin.py:117} INFO - [2022-09-20T17:48:42.033+0000] {dag.py:2573} INFO - Sync 1 DAGs
[2022-09-20T17:48:42.161+0000] {logging_mixin.py:117} INFO - [2022-09-20T17:48:42.161+0000] {dag.py:3328} INFO - Setting next_dagrun for example_local_kubernetes_executor to None, run_after=None
[2022-09-20T17:48:42.282+0000] {processor.py:178} INFO - Processing /home/airflow/.local/lib/python3.7/site-packages/airflow/example_dags/example_local_kubernetes_executor.py took 1.743 seconds
[2022-09-20T17:49:12.892+0000] {processor.py:156} INFO - Started process (PID=824) to work on /home/airflow/.local/lib/python3.7/site-packages/airflow/example_dags/example_local_kubernetes_executor.py
[2022-09-20T17:49:12.893+0000] {processor.py:758} INFO - Processing file /home/airflow/.local/lib/python3.7/site-packages/airflow/example_dags/example_local_kubernetes_executor.py for tasks to queue
[2022-09-20T17:49:12.893+0000] {logging_mixin.py:117} INFO - [2022-09-20T17:49:12.893+0000] {dagbag.py:525} INFO - Filling up the DagBag from /home/airflow/.local/lib/python3.7/site-packages/airflow/example_dags/example_local_kubernetes_executor.py
[2022-09-20T17:49:13.097+0000] {processor.py:768} INFO - DAG(s) dict_keys(['example_local_kubernetes_executor']) retrieved from /home/airflow/.local/lib/python3.7/site-packages/airflow/example_dags/example_local_kubernetes_executor.py
[2022-09-20T17:49:13.671+0000] {logging_mixin.py:117} INFO - [2022-09-20T17:49:13.670+0000] {dag.py:2573} INFO - Sync 1 DAGs
[2022-09-20T17:49:13.880+0000] {logging_mixin.py:117} INFO - [2022-09-20T17:49:13.880+0000] {dag.py:3328} INFO - Setting next_dagrun for example_local_kubernetes_executor to None, run_after=None
[2022-09-20T17:49:14.048+0000] {processor.py:178} INFO - Processing /home/airflow/.local/lib/python3.7/site-packages/airflow/example_dags/example_local_kubernetes_executor.py took 1.160 seconds
[2022-09-20T17:51:21.004+0000] {processor.py:156} INFO - Started process (PID=1061) to work on /home/airflow/.local/lib/python3.7/site-packages/airflow/example_dags/example_local_kubernetes_executor.py
[2022-09-20T17:51:21.053+0000] {processor.py:758} INFO - Processing file /home/airflow/.local/lib/python3.7/site-packages/airflow/example_dags/example_local_kubernetes_executor.py for tasks to queue
[2022-09-20T17:51:21.078+0000] {logging_mixin.py:117} INFO - [2022-09-20T17:51:21.078+0000] {dagbag.py:525} INFO - Filling up the DagBag from /home/airflow/.local/lib/python3.7/site-packages/airflow/example_dags/example_local_kubernetes_executor.py
[2022-09-20T17:51:21.311+0000] {processor.py:768} INFO - DAG(s) dict_keys(['example_local_kubernetes_executor']) retrieved from /home/airflow/.local/lib/python3.7/site-packages/airflow/example_dags/example_local_kubernetes_executor.py
[2022-09-20T17:51:21.738+0000] {logging_mixin.py:117} INFO - [2022-09-20T17:51:21.738+0000] {dag.py:2573} INFO - Sync 1 DAGs
[2022-09-20T17:51:21.989+0000] {logging_mixin.py:117} INFO - [2022-09-20T17:51:21.988+0000] {dag.py:3328} INFO - Setting next_dagrun for example_local_kubernetes_executor to None, run_after=None
[2022-09-20T17:51:22.115+0000] {processor.py:178} INFO - Processing /home/airflow/.local/lib/python3.7/site-packages/airflow/example_dags/example_local_kubernetes_executor.py took 1.119 seconds
