[2022-09-20T17:47:42.137+0000] {processor.py:156} INFO - Started process (PID=291) to work on /home/airflow/.local/lib/python3.7/site-packages/airflow/example_dags/example_short_circuit_decorator.py
[2022-09-20T17:47:42.157+0000] {processor.py:758} INFO - Processing file /home/airflow/.local/lib/python3.7/site-packages/airflow/example_dags/example_short_circuit_decorator.py for tasks to queue
[2022-09-20T17:47:42.161+0000] {logging_mixin.py:117} INFO - [2022-09-20T17:47:42.160+0000] {dagbag.py:525} INFO - Filling up the DagBag from /home/airflow/.local/lib/python3.7/site-packages/airflow/example_dags/example_short_circuit_decorator.py
[2022-09-20T17:47:42.399+0000] {processor.py:768} INFO - DAG(s) dict_keys(['example_short_circuit_decorator']) retrieved from /home/airflow/.local/lib/python3.7/site-packages/airflow/example_dags/example_short_circuit_decorator.py
[2022-09-20T17:47:44.135+0000] {logging_mixin.py:117} INFO - [2022-09-20T17:47:44.135+0000] {manager.py:508} INFO - Created Permission View: can delete on DAG:example_short_circuit_decorator
[2022-09-20T17:47:44.182+0000] {logging_mixin.py:117} INFO - [2022-09-20T17:47:44.181+0000] {manager.py:508} INFO - Created Permission View: can read on DAG:example_short_circuit_decorator
[2022-09-20T17:47:44.225+0000] {logging_mixin.py:117} INFO - [2022-09-20T17:47:44.225+0000] {manager.py:508} INFO - Created Permission View: can edit on DAG:example_short_circuit_decorator
[2022-09-20T17:47:44.226+0000] {logging_mixin.py:117} INFO - [2022-09-20T17:47:44.226+0000] {dag.py:2573} INFO - Sync 1 DAGs
[2022-09-20T17:47:44.277+0000] {logging_mixin.py:117} INFO - [2022-09-20T17:47:44.277+0000] {dag.py:2594} INFO - Creating ORM DAG for example_short_circuit_decorator
[2022-09-20T17:47:44.323+0000] {logging_mixin.py:117} INFO - [2022-09-20T17:47:44.322+0000] {dag.py:3328} INFO - Setting next_dagrun for example_short_circuit_decorator to 2022-09-19T17:47:44.322529+00:00, run_after=2022-09-20T17:47:44.322529+00:00
[2022-09-20T17:47:44.432+0000] {processor.py:178} INFO - Processing /home/airflow/.local/lib/python3.7/site-packages/airflow/example_dags/example_short_circuit_decorator.py took 2.299 seconds
[2022-09-20T17:48:14.826+0000] {processor.py:156} INFO - Started process (PID=489) to work on /home/airflow/.local/lib/python3.7/site-packages/airflow/example_dags/example_short_circuit_decorator.py
[2022-09-20T17:48:14.839+0000] {processor.py:758} INFO - Processing file /home/airflow/.local/lib/python3.7/site-packages/airflow/example_dags/example_short_circuit_decorator.py for tasks to queue
[2022-09-20T17:48:14.841+0000] {logging_mixin.py:117} INFO - [2022-09-20T17:48:14.840+0000] {dagbag.py:525} INFO - Filling up the DagBag from /home/airflow/.local/lib/python3.7/site-packages/airflow/example_dags/example_short_circuit_decorator.py
[2022-09-20T17:48:14.894+0000] {processor.py:768} INFO - DAG(s) dict_keys(['example_short_circuit_decorator']) retrieved from /home/airflow/.local/lib/python3.7/site-packages/airflow/example_dags/example_short_circuit_decorator.py
[2022-09-20T17:48:14.992+0000] {logging_mixin.py:117} INFO - [2022-09-20T17:48:14.992+0000] {dag.py:2573} INFO - Sync 1 DAGs
[2022-09-20T17:48:15.461+0000] {logging_mixin.py:117} INFO - [2022-09-20T17:48:15.461+0000] {dag.py:3328} INFO - Setting next_dagrun for example_short_circuit_decorator to 2022-09-19T17:48:15.460842+00:00, run_after=2022-09-20T17:48:15.460842+00:00
[2022-09-20T17:48:15.483+0000] {processor.py:178} INFO - Processing /home/airflow/.local/lib/python3.7/site-packages/airflow/example_dags/example_short_circuit_decorator.py took 0.661 seconds
[2022-09-20T17:48:51.928+0000] {processor.py:156} INFO - Started process (PID=694) to work on /home/airflow/.local/lib/python3.7/site-packages/airflow/example_dags/example_short_circuit_decorator.py
[2022-09-20T17:48:52.038+0000] {processor.py:758} INFO - Processing file /home/airflow/.local/lib/python3.7/site-packages/airflow/example_dags/example_short_circuit_decorator.py for tasks to queue
[2022-09-20T17:48:52.039+0000] {logging_mixin.py:117} INFO - [2022-09-20T17:48:52.039+0000] {dagbag.py:525} INFO - Filling up the DagBag from /home/airflow/.local/lib/python3.7/site-packages/airflow/example_dags/example_short_circuit_decorator.py
[2022-09-20T17:48:52.339+0000] {processor.py:768} INFO - DAG(s) dict_keys(['example_short_circuit_decorator']) retrieved from /home/airflow/.local/lib/python3.7/site-packages/airflow/example_dags/example_short_circuit_decorator.py
[2022-09-20T17:48:53.080+0000] {logging_mixin.py:117} INFO - [2022-09-20T17:48:53.080+0000] {dag.py:2573} INFO - Sync 1 DAGs
[2022-09-20T17:48:53.191+0000] {logging_mixin.py:117} INFO - [2022-09-20T17:48:53.191+0000] {dag.py:3328} INFO - Setting next_dagrun for example_short_circuit_decorator to 2022-09-19T17:48:53.191491+00:00, run_after=2022-09-20T17:48:53.191491+00:00
[2022-09-20T17:48:53.244+0000] {processor.py:178} INFO - Processing /home/airflow/.local/lib/python3.7/site-packages/airflow/example_dags/example_short_circuit_decorator.py took 1.320 seconds
[2022-09-20T17:49:38.395+0000] {processor.py:156} INFO - Started process (PID=900) to work on /home/airflow/.local/lib/python3.7/site-packages/airflow/example_dags/example_short_circuit_decorator.py
[2022-09-20T17:49:38.454+0000] {processor.py:758} INFO - Processing file /home/airflow/.local/lib/python3.7/site-packages/airflow/example_dags/example_short_circuit_decorator.py for tasks to queue
[2022-09-20T17:49:38.455+0000] {logging_mixin.py:117} INFO - [2022-09-20T17:49:38.455+0000] {dagbag.py:525} INFO - Filling up the DagBag from /home/airflow/.local/lib/python3.7/site-packages/airflow/example_dags/example_short_circuit_decorator.py
[2022-09-20T17:49:38.685+0000] {processor.py:768} INFO - DAG(s) dict_keys(['example_short_circuit_decorator']) retrieved from /home/airflow/.local/lib/python3.7/site-packages/airflow/example_dags/example_short_circuit_decorator.py
[2022-09-20T17:49:39.753+0000] {logging_mixin.py:117} INFO - [2022-09-20T17:49:39.753+0000] {dag.py:2573} INFO - Sync 1 DAGs
[2022-09-20T17:49:39.861+0000] {logging_mixin.py:117} INFO - [2022-09-20T17:49:39.860+0000] {dag.py:3328} INFO - Setting next_dagrun for example_short_circuit_decorator to 2022-09-19T17:49:39.860707+00:00, run_after=2022-09-20T17:49:39.860707+00:00
[2022-09-20T17:49:39.921+0000] {processor.py:178} INFO - Processing /home/airflow/.local/lib/python3.7/site-packages/airflow/example_dags/example_short_circuit_decorator.py took 1.529 seconds
[2022-09-20T17:51:35.611+0000] {processor.py:156} INFO - Started process (PID=1125) to work on /home/airflow/.local/lib/python3.7/site-packages/airflow/example_dags/example_short_circuit_decorator.py
[2022-09-20T17:51:35.639+0000] {processor.py:758} INFO - Processing file /home/airflow/.local/lib/python3.7/site-packages/airflow/example_dags/example_short_circuit_decorator.py for tasks to queue
[2022-09-20T17:51:35.640+0000] {logging_mixin.py:117} INFO - [2022-09-20T17:51:35.639+0000] {dagbag.py:525} INFO - Filling up the DagBag from /home/airflow/.local/lib/python3.7/site-packages/airflow/example_dags/example_short_circuit_decorator.py
[2022-09-20T17:51:35.844+0000] {processor.py:768} INFO - DAG(s) dict_keys(['example_short_circuit_decorator']) retrieved from /home/airflow/.local/lib/python3.7/site-packages/airflow/example_dags/example_short_circuit_decorator.py
[2022-09-20T17:51:36.660+0000] {logging_mixin.py:117} INFO - [2022-09-20T17:51:36.660+0000] {dag.py:2573} INFO - Sync 1 DAGs
[2022-09-20T17:51:37.070+0000] {logging_mixin.py:117} INFO - [2022-09-20T17:51:37.070+0000] {dag.py:3328} INFO - Setting next_dagrun for example_short_circuit_decorator to 2022-09-19T17:51:37.069453+00:00, run_after=2022-09-20T17:51:37.069453+00:00
[2022-09-20T17:51:37.405+0000] {processor.py:178} INFO - Processing /home/airflow/.local/lib/python3.7/site-packages/airflow/example_dags/example_short_circuit_decorator.py took 1.796 seconds
