[2022-09-20T17:47:47.833+0000] {processor.py:156} INFO - Started process (PID=320) to work on /home/airflow/.local/lib/python3.7/site-packages/airflow/example_dags/example_branch_day_of_week_operator.py
[2022-09-20T17:47:47.864+0000] {processor.py:758} INFO - Processing file /home/airflow/.local/lib/python3.7/site-packages/airflow/example_dags/example_branch_day_of_week_operator.py for tasks to queue
[2022-09-20T17:47:47.876+0000] {logging_mixin.py:117} INFO - [2022-09-20T17:47:47.876+0000] {dagbag.py:525} INFO - Filling up the DagBag from /home/airflow/.local/lib/python3.7/site-packages/airflow/example_dags/example_branch_day_of_week_operator.py
[2022-09-20T17:47:48.095+0000] {processor.py:768} INFO - DAG(s) dict_keys(['example_weekday_branch_operator']) retrieved from /home/airflow/.local/lib/python3.7/site-packages/airflow/example_dags/example_branch_day_of_week_operator.py
[2022-09-20T17:47:51.806+0000] {logging_mixin.py:117} INFO - [2022-09-20T17:47:51.806+0000] {manager.py:508} INFO - Created Permission View: can delete on DAG:example_weekday_branch_operator
[2022-09-20T17:47:51.861+0000] {logging_mixin.py:117} INFO - [2022-09-20T17:47:51.861+0000] {manager.py:508} INFO - Created Permission View: can read on DAG:example_weekday_branch_operator
[2022-09-20T17:47:51.897+0000] {logging_mixin.py:117} INFO - [2022-09-20T17:47:51.897+0000] {manager.py:508} INFO - Created Permission View: can edit on DAG:example_weekday_branch_operator
[2022-09-20T17:47:51.898+0000] {logging_mixin.py:117} INFO - [2022-09-20T17:47:51.898+0000] {dag.py:2573} INFO - Sync 1 DAGs
[2022-09-20T17:47:51.954+0000] {logging_mixin.py:117} INFO - [2022-09-20T17:47:51.942+0000] {dag.py:2594} INFO - Creating ORM DAG for example_weekday_branch_operator
[2022-09-20T17:47:52.011+0000] {logging_mixin.py:117} INFO - [2022-09-20T17:47:52.011+0000] {dag.py:3328} INFO - Setting next_dagrun for example_weekday_branch_operator to 2022-09-19T00:00:00+00:00, run_after=2022-09-20T00:00:00+00:00
[2022-09-20T17:47:52.331+0000] {processor.py:178} INFO - Processing /home/airflow/.local/lib/python3.7/site-packages/airflow/example_dags/example_branch_day_of_week_operator.py took 4.568 seconds
[2022-09-20T17:48:22.855+0000] {processor.py:156} INFO - Started process (PID=518) to work on /home/airflow/.local/lib/python3.7/site-packages/airflow/example_dags/example_branch_day_of_week_operator.py
[2022-09-20T17:48:22.859+0000] {processor.py:758} INFO - Processing file /home/airflow/.local/lib/python3.7/site-packages/airflow/example_dags/example_branch_day_of_week_operator.py for tasks to queue
[2022-09-20T17:48:22.860+0000] {logging_mixin.py:117} INFO - [2022-09-20T17:48:22.860+0000] {dagbag.py:525} INFO - Filling up the DagBag from /home/airflow/.local/lib/python3.7/site-packages/airflow/example_dags/example_branch_day_of_week_operator.py
[2022-09-20T17:48:23.023+0000] {processor.py:768} INFO - DAG(s) dict_keys(['example_weekday_branch_operator']) retrieved from /home/airflow/.local/lib/python3.7/site-packages/airflow/example_dags/example_branch_day_of_week_operator.py
[2022-09-20T17:48:24.382+0000] {logging_mixin.py:117} INFO - [2022-09-20T17:48:24.382+0000] {dag.py:2573} INFO - Sync 1 DAGs
[2022-09-20T17:48:25.688+0000] {logging_mixin.py:117} INFO - [2022-09-20T17:48:25.688+0000] {dag.py:3328} INFO - Setting next_dagrun for example_weekday_branch_operator to 2022-09-19T00:00:00+00:00, run_after=2022-09-20T00:00:00+00:00
[2022-09-20T17:48:25.995+0000] {processor.py:178} INFO - Processing /home/airflow/.local/lib/python3.7/site-packages/airflow/example_dags/example_branch_day_of_week_operator.py took 3.143 seconds
[2022-09-20T17:48:56.324+0000] {processor.py:156} INFO - Started process (PID=714) to work on /home/airflow/.local/lib/python3.7/site-packages/airflow/example_dags/example_branch_day_of_week_operator.py
[2022-09-20T17:48:56.338+0000] {processor.py:758} INFO - Processing file /home/airflow/.local/lib/python3.7/site-packages/airflow/example_dags/example_branch_day_of_week_operator.py for tasks to queue
[2022-09-20T17:48:56.339+0000] {logging_mixin.py:117} INFO - [2022-09-20T17:48:56.338+0000] {dagbag.py:525} INFO - Filling up the DagBag from /home/airflow/.local/lib/python3.7/site-packages/airflow/example_dags/example_branch_day_of_week_operator.py
[2022-09-20T17:48:56.376+0000] {processor.py:768} INFO - DAG(s) dict_keys(['example_weekday_branch_operator']) retrieved from /home/airflow/.local/lib/python3.7/site-packages/airflow/example_dags/example_branch_day_of_week_operator.py
[2022-09-20T17:48:56.490+0000] {logging_mixin.py:117} INFO - [2022-09-20T17:48:56.490+0000] {dag.py:2573} INFO - Sync 1 DAGs
[2022-09-20T17:48:56.930+0000] {logging_mixin.py:117} INFO - [2022-09-20T17:48:56.930+0000] {dag.py:3328} INFO - Setting next_dagrun for example_weekday_branch_operator to 2022-09-19T00:00:00+00:00, run_after=2022-09-20T00:00:00+00:00
[2022-09-20T17:48:56.990+0000] {processor.py:178} INFO - Processing /home/airflow/.local/lib/python3.7/site-packages/airflow/example_dags/example_branch_day_of_week_operator.py took 0.670 seconds
[2022-09-20T17:49:41.874+0000] {processor.py:156} INFO - Started process (PID=923) to work on /home/airflow/.local/lib/python3.7/site-packages/airflow/example_dags/example_branch_day_of_week_operator.py
[2022-09-20T17:49:41.885+0000] {processor.py:758} INFO - Processing file /home/airflow/.local/lib/python3.7/site-packages/airflow/example_dags/example_branch_day_of_week_operator.py for tasks to queue
[2022-09-20T17:49:41.886+0000] {logging_mixin.py:117} INFO - [2022-09-20T17:49:41.886+0000] {dagbag.py:525} INFO - Filling up the DagBag from /home/airflow/.local/lib/python3.7/site-packages/airflow/example_dags/example_branch_day_of_week_operator.py
[2022-09-20T17:49:41.982+0000] {processor.py:768} INFO - DAG(s) dict_keys(['example_weekday_branch_operator']) retrieved from /home/airflow/.local/lib/python3.7/site-packages/airflow/example_dags/example_branch_day_of_week_operator.py
[2022-09-20T17:49:45.977+0000] {logging_mixin.py:117} INFO - [2022-09-20T17:49:45.977+0000] {dag.py:2573} INFO - Sync 1 DAGs
[2022-09-20T17:49:46.563+0000] {logging_mixin.py:117} INFO - [2022-09-20T17:49:46.563+0000] {dag.py:3328} INFO - Setting next_dagrun for example_weekday_branch_operator to 2022-09-19T00:00:00+00:00, run_after=2022-09-20T00:00:00+00:00
[2022-09-20T17:49:47.138+0000] {processor.py:178} INFO - Processing /home/airflow/.local/lib/python3.7/site-packages/airflow/example_dags/example_branch_day_of_week_operator.py took 5.268 seconds
[2022-09-20T17:51:40.033+0000] {processor.py:156} INFO - Started process (PID=1150) to work on /home/airflow/.local/lib/python3.7/site-packages/airflow/example_dags/example_branch_day_of_week_operator.py
[2022-09-20T17:51:40.038+0000] {processor.py:758} INFO - Processing file /home/airflow/.local/lib/python3.7/site-packages/airflow/example_dags/example_branch_day_of_week_operator.py for tasks to queue
[2022-09-20T17:51:40.039+0000] {logging_mixin.py:117} INFO - [2022-09-20T17:51:40.039+0000] {dagbag.py:525} INFO - Filling up the DagBag from /home/airflow/.local/lib/python3.7/site-packages/airflow/example_dags/example_branch_day_of_week_operator.py
[2022-09-20T17:51:40.171+0000] {processor.py:768} INFO - DAG(s) dict_keys(['example_weekday_branch_operator']) retrieved from /home/airflow/.local/lib/python3.7/site-packages/airflow/example_dags/example_branch_day_of_week_operator.py
[2022-09-20T17:51:40.464+0000] {logging_mixin.py:117} INFO - [2022-09-20T17:51:40.464+0000] {dag.py:2573} INFO - Sync 1 DAGs
[2022-09-20T17:51:41.075+0000] {logging_mixin.py:117} INFO - [2022-09-20T17:51:41.075+0000] {dag.py:3328} INFO - Setting next_dagrun for example_weekday_branch_operator to 2022-09-19T00:00:00+00:00, run_after=2022-09-20T00:00:00+00:00
[2022-09-20T17:51:42.080+0000] {processor.py:178} INFO - Processing /home/airflow/.local/lib/python3.7/site-packages/airflow/example_dags/example_branch_day_of_week_operator.py took 2.073 seconds
