[2022-09-20T17:46:32.051+0000] {processor.py:156} INFO - Started process (PID=210) to work on /home/airflow/.local/lib/python3.7/site-packages/airflow/example_dags/example_latest_only.py
[2022-09-20T17:46:32.052+0000] {processor.py:758} INFO - Processing file /home/airflow/.local/lib/python3.7/site-packages/airflow/example_dags/example_latest_only.py for tasks to queue
[2022-09-20T17:46:32.052+0000] {logging_mixin.py:117} INFO - [2022-09-20T17:46:32.052+0000] {dagbag.py:525} INFO - Filling up the DagBag from /home/airflow/.local/lib/python3.7/site-packages/airflow/example_dags/example_latest_only.py
[2022-09-20T17:46:32.261+0000] {processor.py:768} INFO - DAG(s) dict_keys(['latest_only']) retrieved from /home/airflow/.local/lib/python3.7/site-packages/airflow/example_dags/example_latest_only.py
[2022-09-20T17:46:33.104+0000] {logging_mixin.py:117} INFO - [2022-09-20T17:46:33.098+0000] {manager.py:508} INFO - Created Permission View: can delete on DAG:latest_only
[2022-09-20T17:46:33.203+0000] {logging_mixin.py:117} INFO - [2022-09-20T17:46:33.202+0000] {manager.py:508} INFO - Created Permission View: can read on DAG:latest_only
[2022-09-20T17:46:33.281+0000] {logging_mixin.py:117} INFO - [2022-09-20T17:46:33.281+0000] {manager.py:508} INFO - Created Permission View: can edit on DAG:latest_only
[2022-09-20T17:46:33.294+0000] {logging_mixin.py:117} INFO - [2022-09-20T17:46:33.294+0000] {dag.py:2573} INFO - Sync 1 DAGs
[2022-09-20T17:46:33.398+0000] {logging_mixin.py:117} INFO - [2022-09-20T17:46:33.398+0000] {dag.py:2594} INFO - Creating ORM DAG for latest_only
[2022-09-20T17:46:33.518+0000] {logging_mixin.py:117} INFO - [2022-09-20T17:46:33.518+0000] {dag.py:3328} INFO - Setting next_dagrun for latest_only to 2022-09-20T13:46:33.507515+00:00, run_after=2022-09-20T17:46:33.507515+00:00
[2022-09-20T17:46:33.781+0000] {processor.py:178} INFO - Processing /home/airflow/.local/lib/python3.7/site-packages/airflow/example_dags/example_latest_only.py took 1.736 seconds
[2022-09-20T17:48:09.071+0000] {processor.py:156} INFO - Started process (PID=434) to work on /home/airflow/.local/lib/python3.7/site-packages/airflow/example_dags/example_latest_only.py
[2022-09-20T17:48:09.080+0000] {processor.py:758} INFO - Processing file /home/airflow/.local/lib/python3.7/site-packages/airflow/example_dags/example_latest_only.py for tasks to queue
[2022-09-20T17:48:09.080+0000] {logging_mixin.py:117} INFO - [2022-09-20T17:48:09.080+0000] {dagbag.py:525} INFO - Filling up the DagBag from /home/airflow/.local/lib/python3.7/site-packages/airflow/example_dags/example_latest_only.py
[2022-09-20T17:48:09.172+0000] {processor.py:768} INFO - DAG(s) dict_keys(['latest_only']) retrieved from /home/airflow/.local/lib/python3.7/site-packages/airflow/example_dags/example_latest_only.py
[2022-09-20T17:48:09.362+0000] {logging_mixin.py:117} INFO - [2022-09-20T17:48:09.362+0000] {dag.py:2573} INFO - Sync 1 DAGs
[2022-09-20T17:48:10.364+0000] {logging_mixin.py:117} INFO - [2022-09-20T17:48:10.364+0000] {dag.py:3328} INFO - Setting next_dagrun for latest_only to 2022-09-20T13:48:10.364398+00:00, run_after=2022-09-20T17:48:10.364398+00:00
[2022-09-20T17:48:10.420+0000] {processor.py:178} INFO - Processing /home/airflow/.local/lib/python3.7/site-packages/airflow/example_dags/example_latest_only.py took 1.352 seconds
[2022-09-20T17:48:42.418+0000] {processor.py:156} INFO - Started process (PID=634) to work on /home/airflow/.local/lib/python3.7/site-packages/airflow/example_dags/example_latest_only.py
[2022-09-20T17:48:42.422+0000] {processor.py:758} INFO - Processing file /home/airflow/.local/lib/python3.7/site-packages/airflow/example_dags/example_latest_only.py for tasks to queue
[2022-09-20T17:48:42.423+0000] {logging_mixin.py:117} INFO - [2022-09-20T17:48:42.423+0000] {dagbag.py:525} INFO - Filling up the DagBag from /home/airflow/.local/lib/python3.7/site-packages/airflow/example_dags/example_latest_only.py
[2022-09-20T17:48:42.439+0000] {processor.py:768} INFO - DAG(s) dict_keys(['latest_only']) retrieved from /home/airflow/.local/lib/python3.7/site-packages/airflow/example_dags/example_latest_only.py
[2022-09-20T17:48:42.493+0000] {logging_mixin.py:117} INFO - [2022-09-20T17:48:42.493+0000] {dag.py:2573} INFO - Sync 1 DAGs
[2022-09-20T17:48:42.732+0000] {logging_mixin.py:117} INFO - [2022-09-20T17:48:42.732+0000] {dag.py:3328} INFO - Setting next_dagrun for latest_only to 2022-09-20T13:48:42.731933+00:00, run_after=2022-09-20T17:48:42.731933+00:00
[2022-09-20T17:48:42.754+0000] {processor.py:178} INFO - Processing /home/airflow/.local/lib/python3.7/site-packages/airflow/example_dags/example_latest_only.py took 0.366 seconds
[2022-09-20T17:49:14.128+0000] {processor.py:156} INFO - Started process (PID=831) to work on /home/airflow/.local/lib/python3.7/site-packages/airflow/example_dags/example_latest_only.py
[2022-09-20T17:49:14.143+0000] {processor.py:758} INFO - Processing file /home/airflow/.local/lib/python3.7/site-packages/airflow/example_dags/example_latest_only.py for tasks to queue
[2022-09-20T17:49:14.152+0000] {logging_mixin.py:117} INFO - [2022-09-20T17:49:14.152+0000] {dagbag.py:525} INFO - Filling up the DagBag from /home/airflow/.local/lib/python3.7/site-packages/airflow/example_dags/example_latest_only.py
[2022-09-20T17:49:14.185+0000] {processor.py:768} INFO - DAG(s) dict_keys(['latest_only']) retrieved from /home/airflow/.local/lib/python3.7/site-packages/airflow/example_dags/example_latest_only.py
[2022-09-20T17:49:14.670+0000] {logging_mixin.py:117} INFO - [2022-09-20T17:49:14.669+0000] {dag.py:2573} INFO - Sync 1 DAGs
[2022-09-20T17:49:14.715+0000] {logging_mixin.py:117} INFO - [2022-09-20T17:49:14.715+0000] {dag.py:3328} INFO - Setting next_dagrun for latest_only to 2022-09-20T13:49:14.715157+00:00, run_after=2022-09-20T17:49:14.715157+00:00
[2022-09-20T17:49:14.761+0000] {processor.py:178} INFO - Processing /home/airflow/.local/lib/python3.7/site-packages/airflow/example_dags/example_latest_only.py took 0.636 seconds
[2022-09-20T17:51:21.196+0000] {processor.py:156} INFO - Started process (PID=1066) to work on /home/airflow/.local/lib/python3.7/site-packages/airflow/example_dags/example_latest_only.py
[2022-09-20T17:51:21.222+0000] {processor.py:758} INFO - Processing file /home/airflow/.local/lib/python3.7/site-packages/airflow/example_dags/example_latest_only.py for tasks to queue
[2022-09-20T17:51:21.228+0000] {logging_mixin.py:117} INFO - [2022-09-20T17:51:21.228+0000] {dagbag.py:525} INFO - Filling up the DagBag from /home/airflow/.local/lib/python3.7/site-packages/airflow/example_dags/example_latest_only.py
[2022-09-20T17:51:21.522+0000] {processor.py:768} INFO - DAG(s) dict_keys(['latest_only']) retrieved from /home/airflow/.local/lib/python3.7/site-packages/airflow/example_dags/example_latest_only.py
[2022-09-20T17:51:22.066+0000] {logging_mixin.py:117} INFO - [2022-09-20T17:51:22.065+0000] {dag.py:2573} INFO - Sync 1 DAGs
[2022-09-20T17:51:23.514+0000] {logging_mixin.py:117} INFO - [2022-09-20T17:51:23.513+0000] {dag.py:3328} INFO - Setting next_dagrun for latest_only to 2022-09-20T13:51:23.512522+00:00, run_after=2022-09-20T17:51:23.512522+00:00
[2022-09-20T17:51:24.079+0000] {processor.py:178} INFO - Processing /home/airflow/.local/lib/python3.7/site-packages/airflow/example_dags/example_latest_only.py took 2.889 seconds
