[2022-09-20T17:47:52.550+0000] {processor.py:156} INFO - Started process (PID=330) to work on /home/airflow/.local/lib/python3.7/site-packages/airflow/example_dags/example_kubernetes_executor.py
[2022-09-20T17:47:52.565+0000] {processor.py:758} INFO - Processing file /home/airflow/.local/lib/python3.7/site-packages/airflow/example_dags/example_kubernetes_executor.py for tasks to queue
[2022-09-20T17:47:52.577+0000] {logging_mixin.py:117} INFO - [2022-09-20T17:47:52.577+0000] {dagbag.py:525} INFO - Filling up the DagBag from /home/airflow/.local/lib/python3.7/site-packages/airflow/example_dags/example_kubernetes_executor.py
[2022-09-20T17:47:52.768+0000] {processor.py:768} INFO - DAG(s) dict_keys(['example_kubernetes_executor']) retrieved from /home/airflow/.local/lib/python3.7/site-packages/airflow/example_dags/example_kubernetes_executor.py
[2022-09-20T17:47:54.495+0000] {logging_mixin.py:117} INFO - [2022-09-20T17:47:54.495+0000] {manager.py:508} INFO - Created Permission View: can delete on DAG:example_kubernetes_executor
[2022-09-20T17:47:54.540+0000] {logging_mixin.py:117} INFO - [2022-09-20T17:47:54.540+0000] {manager.py:508} INFO - Created Permission View: can read on DAG:example_kubernetes_executor
[2022-09-20T17:47:54.572+0000] {logging_mixin.py:117} INFO - [2022-09-20T17:47:54.572+0000] {manager.py:508} INFO - Created Permission View: can edit on DAG:example_kubernetes_executor
[2022-09-20T17:47:54.573+0000] {logging_mixin.py:117} INFO - [2022-09-20T17:47:54.573+0000] {dag.py:2573} INFO - Sync 1 DAGs
[2022-09-20T17:47:54.613+0000] {logging_mixin.py:117} INFO - [2022-09-20T17:47:54.613+0000] {dag.py:2594} INFO - Creating ORM DAG for example_kubernetes_executor
[2022-09-20T17:47:54.668+0000] {logging_mixin.py:117} INFO - [2022-09-20T17:47:54.666+0000] {dag.py:3328} INFO - Setting next_dagrun for example_kubernetes_executor to None, run_after=None
[2022-09-20T17:47:54.771+0000] {processor.py:178} INFO - Processing /home/airflow/.local/lib/python3.7/site-packages/airflow/example_dags/example_kubernetes_executor.py took 2.225 seconds
[2022-09-20T17:48:26.318+0000] {processor.py:156} INFO - Started process (PID=526) to work on /home/airflow/.local/lib/python3.7/site-packages/airflow/example_dags/example_kubernetes_executor.py
[2022-09-20T17:48:26.333+0000] {processor.py:758} INFO - Processing file /home/airflow/.local/lib/python3.7/site-packages/airflow/example_dags/example_kubernetes_executor.py for tasks to queue
[2022-09-20T17:48:26.361+0000] {logging_mixin.py:117} INFO - [2022-09-20T17:48:26.360+0000] {dagbag.py:525} INFO - Filling up the DagBag from /home/airflow/.local/lib/python3.7/site-packages/airflow/example_dags/example_kubernetes_executor.py
[2022-09-20T17:48:26.499+0000] {processor.py:768} INFO - DAG(s) dict_keys(['example_kubernetes_executor']) retrieved from /home/airflow/.local/lib/python3.7/site-packages/airflow/example_dags/example_kubernetes_executor.py
[2022-09-20T17:48:28.015+0000] {logging_mixin.py:117} INFO - [2022-09-20T17:48:28.013+0000] {dag.py:2573} INFO - Sync 1 DAGs
[2022-09-20T17:48:28.742+0000] {logging_mixin.py:117} INFO - [2022-09-20T17:48:28.742+0000] {dag.py:3328} INFO - Setting next_dagrun for example_kubernetes_executor to None, run_after=None
[2022-09-20T17:48:29.500+0000] {processor.py:178} INFO - Processing /home/airflow/.local/lib/python3.7/site-packages/airflow/example_dags/example_kubernetes_executor.py took 3.185 seconds
[2022-09-20T17:49:00.080+0000] {processor.py:156} INFO - Started process (PID=724) to work on /home/airflow/.local/lib/python3.7/site-packages/airflow/example_dags/example_kubernetes_executor.py
[2022-09-20T17:49:00.087+0000] {processor.py:758} INFO - Processing file /home/airflow/.local/lib/python3.7/site-packages/airflow/example_dags/example_kubernetes_executor.py for tasks to queue
[2022-09-20T17:49:00.090+0000] {logging_mixin.py:117} INFO - [2022-09-20T17:49:00.090+0000] {dagbag.py:525} INFO - Filling up the DagBag from /home/airflow/.local/lib/python3.7/site-packages/airflow/example_dags/example_kubernetes_executor.py
[2022-09-20T17:49:00.198+0000] {processor.py:768} INFO - DAG(s) dict_keys(['example_kubernetes_executor']) retrieved from /home/airflow/.local/lib/python3.7/site-packages/airflow/example_dags/example_kubernetes_executor.py
[2022-09-20T17:49:00.663+0000] {logging_mixin.py:117} INFO - [2022-09-20T17:49:00.662+0000] {dag.py:2573} INFO - Sync 1 DAGs
[2022-09-20T17:49:00.724+0000] {logging_mixin.py:117} INFO - [2022-09-20T17:49:00.724+0000] {dag.py:3328} INFO - Setting next_dagrun for example_kubernetes_executor to None, run_after=None
[2022-09-20T17:49:00.774+0000] {processor.py:178} INFO - Processing /home/airflow/.local/lib/python3.7/site-packages/airflow/example_dags/example_kubernetes_executor.py took 0.697 seconds
[2022-09-20T17:49:47.514+0000] {processor.py:156} INFO - Started process (PID=933) to work on /home/airflow/.local/lib/python3.7/site-packages/airflow/example_dags/example_kubernetes_executor.py
[2022-09-20T17:49:47.600+0000] {processor.py:758} INFO - Processing file /home/airflow/.local/lib/python3.7/site-packages/airflow/example_dags/example_kubernetes_executor.py for tasks to queue
[2022-09-20T17:49:47.601+0000] {logging_mixin.py:117} INFO - [2022-09-20T17:49:47.601+0000] {dagbag.py:525} INFO - Filling up the DagBag from /home/airflow/.local/lib/python3.7/site-packages/airflow/example_dags/example_kubernetes_executor.py
[2022-09-20T17:49:49.465+0000] {processor.py:768} INFO - DAG(s) dict_keys(['example_kubernetes_executor']) retrieved from /home/airflow/.local/lib/python3.7/site-packages/airflow/example_dags/example_kubernetes_executor.py
[2022-09-20T17:50:03.925+0000] {logging_mixin.py:117} INFO - [2022-09-20T17:50:03.924+0000] {dag.py:2573} INFO - Sync 1 DAGs
[2022-09-20T17:50:04.967+0000] {logging_mixin.py:117} INFO - [2022-09-20T17:50:04.966+0000] {dag.py:3328} INFO - Setting next_dagrun for example_kubernetes_executor to None, run_after=None
[2022-09-20T17:50:05.336+0000] {processor.py:178} INFO - Processing /home/airflow/.local/lib/python3.7/site-packages/airflow/example_dags/example_kubernetes_executor.py took 17.826 seconds
[2022-09-20T17:51:42.509+0000] {processor.py:156} INFO - Started process (PID=1160) to work on /home/airflow/.local/lib/python3.7/site-packages/airflow/example_dags/example_kubernetes_executor.py
[2022-09-20T17:51:42.612+0000] {processor.py:758} INFO - Processing file /home/airflow/.local/lib/python3.7/site-packages/airflow/example_dags/example_kubernetes_executor.py for tasks to queue
[2022-09-20T17:51:42.613+0000] {logging_mixin.py:117} INFO - [2022-09-20T17:51:42.613+0000] {dagbag.py:525} INFO - Filling up the DagBag from /home/airflow/.local/lib/python3.7/site-packages/airflow/example_dags/example_kubernetes_executor.py
[2022-09-20T17:51:49.450+0000] {processor.py:768} INFO - DAG(s) dict_keys(['example_kubernetes_executor']) retrieved from /home/airflow/.local/lib/python3.7/site-packages/airflow/example_dags/example_kubernetes_executor.py
