[2022-09-20T17:46:44.991+0000] {processor.py:156} INFO - Started process (PID=230) to work on /home/airflow/.local/lib/python3.7/site-packages/airflow/example_dags/example_trigger_controller_dag.py
[2022-09-20T17:46:44.996+0000] {processor.py:758} INFO - Processing file /home/airflow/.local/lib/python3.7/site-packages/airflow/example_dags/example_trigger_controller_dag.py for tasks to queue
[2022-09-20T17:46:45.185+0000] {logging_mixin.py:117} INFO - [2022-09-20T17:46:45.185+0000] {dagbag.py:525} INFO - Filling up the DagBag from /home/airflow/.local/lib/python3.7/site-packages/airflow/example_dags/example_trigger_controller_dag.py
[2022-09-20T17:46:47.369+0000] {processor.py:768} INFO - DAG(s) dict_keys(['example_trigger_controller_dag']) retrieved from /home/airflow/.local/lib/python3.7/site-packages/airflow/example_dags/example_trigger_controller_dag.py
[2022-09-20T17:47:14.304+0000] {logging_mixin.py:117} INFO - [2022-09-20T17:47:14.304+0000] {manager.py:508} INFO - Created Permission View: can delete on DAG:example_trigger_controller_dag
[2022-09-20T17:47:14.908+0000] {logging_mixin.py:117} INFO - [2022-09-20T17:47:14.908+0000] {manager.py:508} INFO - Created Permission View: can read on DAG:example_trigger_controller_dag
[2022-09-20T17:47:15.215+0000] {logging_mixin.py:117} INFO - [2022-09-20T17:47:15.214+0000] {manager.py:508} INFO - Created Permission View: can edit on DAG:example_trigger_controller_dag
[2022-09-20T17:47:15.230+0000] {logging_mixin.py:117} INFO - [2022-09-20T17:47:15.230+0000] {dag.py:2573} INFO - Sync 1 DAGs
[2022-09-20T17:47:15.626+0000] {logging_mixin.py:117} INFO - [2022-09-20T17:47:15.625+0000] {dag.py:2594} INFO - Creating ORM DAG for example_trigger_controller_dag
[2022-09-20T17:47:15.945+0000] {logging_mixin.py:117} INFO - [2022-09-20T17:47:15.935+0000] {dag.py:3328} INFO - Setting next_dagrun for example_trigger_controller_dag to 2021-01-01T00:00:00+00:00, run_after=2021-01-01T00:00:00+00:00
[2022-09-20T17:47:16.580+0000] {processor.py:178} INFO - Processing /home/airflow/.local/lib/python3.7/site-packages/airflow/example_dags/example_trigger_controller_dag.py took 31.755 seconds
[2022-09-20T17:48:11.096+0000] {processor.py:156} INFO - Started process (PID=449) to work on /home/airflow/.local/lib/python3.7/site-packages/airflow/example_dags/example_trigger_controller_dag.py
[2022-09-20T17:48:11.099+0000] {processor.py:758} INFO - Processing file /home/airflow/.local/lib/python3.7/site-packages/airflow/example_dags/example_trigger_controller_dag.py for tasks to queue
[2022-09-20T17:48:11.100+0000] {logging_mixin.py:117} INFO - [2022-09-20T17:48:11.100+0000] {dagbag.py:525} INFO - Filling up the DagBag from /home/airflow/.local/lib/python3.7/site-packages/airflow/example_dags/example_trigger_controller_dag.py
[2022-09-20T17:48:11.167+0000] {processor.py:768} INFO - DAG(s) dict_keys(['example_trigger_controller_dag']) retrieved from /home/airflow/.local/lib/python3.7/site-packages/airflow/example_dags/example_trigger_controller_dag.py
[2022-09-20T17:48:11.331+0000] {logging_mixin.py:117} INFO - [2022-09-20T17:48:11.330+0000] {dag.py:2573} INFO - Sync 1 DAGs
[2022-09-20T17:48:11.387+0000] {logging_mixin.py:117} INFO - [2022-09-20T17:48:11.387+0000] {dag.py:3328} INFO - Setting next_dagrun for example_trigger_controller_dag to 2021-01-01T00:00:00+00:00, run_after=2021-01-01T00:00:00+00:00
[2022-09-20T17:48:11.826+0000] {processor.py:178} INFO - Processing /home/airflow/.local/lib/python3.7/site-packages/airflow/example_dags/example_trigger_controller_dag.py took 0.746 seconds
[2022-09-20T17:48:43.333+0000] {processor.py:156} INFO - Started process (PID=645) to work on /home/airflow/.local/lib/python3.7/site-packages/airflow/example_dags/example_trigger_controller_dag.py
[2022-09-20T17:48:43.382+0000] {processor.py:758} INFO - Processing file /home/airflow/.local/lib/python3.7/site-packages/airflow/example_dags/example_trigger_controller_dag.py for tasks to queue
[2022-09-20T17:48:43.385+0000] {logging_mixin.py:117} INFO - [2022-09-20T17:48:43.385+0000] {dagbag.py:525} INFO - Filling up the DagBag from /home/airflow/.local/lib/python3.7/site-packages/airflow/example_dags/example_trigger_controller_dag.py
[2022-09-20T17:48:43.436+0000] {processor.py:768} INFO - DAG(s) dict_keys(['example_trigger_controller_dag']) retrieved from /home/airflow/.local/lib/python3.7/site-packages/airflow/example_dags/example_trigger_controller_dag.py
[2022-09-20T17:48:43.805+0000] {logging_mixin.py:117} INFO - [2022-09-20T17:48:43.804+0000] {dag.py:2573} INFO - Sync 1 DAGs
[2022-09-20T17:48:44.612+0000] {logging_mixin.py:117} INFO - [2022-09-20T17:48:44.612+0000] {dag.py:3328} INFO - Setting next_dagrun for example_trigger_controller_dag to 2021-01-01T00:00:00+00:00, run_after=2021-01-01T00:00:00+00:00
[2022-09-20T17:48:44.683+0000] {processor.py:178} INFO - Processing /home/airflow/.local/lib/python3.7/site-packages/airflow/example_dags/example_trigger_controller_dag.py took 1.354 seconds
[2022-09-20T17:49:14.828+0000] {processor.py:156} INFO - Started process (PID=840) to work on /home/airflow/.local/lib/python3.7/site-packages/airflow/example_dags/example_trigger_controller_dag.py
[2022-09-20T17:49:14.842+0000] {processor.py:758} INFO - Processing file /home/airflow/.local/lib/python3.7/site-packages/airflow/example_dags/example_trigger_controller_dag.py for tasks to queue
[2022-09-20T17:49:14.843+0000] {logging_mixin.py:117} INFO - [2022-09-20T17:49:14.842+0000] {dagbag.py:525} INFO - Filling up the DagBag from /home/airflow/.local/lib/python3.7/site-packages/airflow/example_dags/example_trigger_controller_dag.py
[2022-09-20T17:49:14.869+0000] {processor.py:768} INFO - DAG(s) dict_keys(['example_trigger_controller_dag']) retrieved from /home/airflow/.local/lib/python3.7/site-packages/airflow/example_dags/example_trigger_controller_dag.py
[2022-09-20T17:49:15.421+0000] {logging_mixin.py:117} INFO - [2022-09-20T17:49:15.421+0000] {dag.py:2573} INFO - Sync 1 DAGs
[2022-09-20T17:49:15.468+0000] {logging_mixin.py:117} INFO - [2022-09-20T17:49:15.468+0000] {dag.py:3328} INFO - Setting next_dagrun for example_trigger_controller_dag to 2021-01-01T00:00:00+00:00, run_after=2021-01-01T00:00:00+00:00
[2022-09-20T17:49:15.512+0000] {processor.py:178} INFO - Processing /home/airflow/.local/lib/python3.7/site-packages/airflow/example_dags/example_trigger_controller_dag.py took 0.688 seconds
[2022-09-20T17:51:27.314+0000] {processor.py:156} INFO - Started process (PID=1083) to work on /home/airflow/.local/lib/python3.7/site-packages/airflow/example_dags/example_trigger_controller_dag.py
[2022-09-20T17:51:27.416+0000] {processor.py:758} INFO - Processing file /home/airflow/.local/lib/python3.7/site-packages/airflow/example_dags/example_trigger_controller_dag.py for tasks to queue
[2022-09-20T17:51:27.434+0000] {logging_mixin.py:117} INFO - [2022-09-20T17:51:27.434+0000] {dagbag.py:525} INFO - Filling up the DagBag from /home/airflow/.local/lib/python3.7/site-packages/airflow/example_dags/example_trigger_controller_dag.py
[2022-09-20T17:51:27.506+0000] {processor.py:768} INFO - DAG(s) dict_keys(['example_trigger_controller_dag']) retrieved from /home/airflow/.local/lib/python3.7/site-packages/airflow/example_dags/example_trigger_controller_dag.py
[2022-09-20T17:51:27.896+0000] {logging_mixin.py:117} INFO - [2022-09-20T17:51:27.896+0000] {dag.py:2573} INFO - Sync 1 DAGs
[2022-09-20T17:51:28.069+0000] {logging_mixin.py:117} INFO - [2022-09-20T17:51:28.068+0000] {dag.py:3328} INFO - Setting next_dagrun for example_trigger_controller_dag to 2021-01-01T00:00:00+00:00, run_after=2021-01-01T00:00:00+00:00
[2022-09-20T17:51:28.267+0000] {processor.py:178} INFO - Processing /home/airflow/.local/lib/python3.7/site-packages/airflow/example_dags/example_trigger_controller_dag.py took 0.957 seconds
