[2022-09-20T17:48:03.970+0000] {processor.py:156} INFO - Started process (PID=390) to work on /home/airflow/.local/lib/python3.7/site-packages/airflow/example_dags/example_branch_python_dop_operator_3.py
[2022-09-20T17:48:04.000+0000] {processor.py:758} INFO - Processing file /home/airflow/.local/lib/python3.7/site-packages/airflow/example_dags/example_branch_python_dop_operator_3.py for tasks to queue
[2022-09-20T17:48:04.002+0000] {logging_mixin.py:117} INFO - [2022-09-20T17:48:04.002+0000] {dagbag.py:525} INFO - Filling up the DagBag from /home/airflow/.local/lib/python3.7/site-packages/airflow/example_dags/example_branch_python_dop_operator_3.py
[2022-09-20T17:48:04.195+0000] {processor.py:768} INFO - DAG(s) dict_keys(['example_branch_dop_operator_v3']) retrieved from /home/airflow/.local/lib/python3.7/site-packages/airflow/example_dags/example_branch_python_dop_operator_3.py
[2022-09-20T17:48:06.437+0000] {logging_mixin.py:117} INFO - [2022-09-20T17:48:06.437+0000] {manager.py:508} INFO - Created Permission View: can delete on DAG:example_branch_dop_operator_v3
[2022-09-20T17:48:06.466+0000] {logging_mixin.py:117} INFO - [2022-09-20T17:48:06.466+0000] {manager.py:508} INFO - Created Permission View: can read on DAG:example_branch_dop_operator_v3
[2022-09-20T17:48:06.511+0000] {logging_mixin.py:117} INFO - [2022-09-20T17:48:06.511+0000] {manager.py:508} INFO - Created Permission View: can edit on DAG:example_branch_dop_operator_v3
[2022-09-20T17:48:06.512+0000] {logging_mixin.py:117} INFO - [2022-09-20T17:48:06.511+0000] {dag.py:2573} INFO - Sync 1 DAGs
[2022-09-20T17:48:06.564+0000] {logging_mixin.py:117} INFO - [2022-09-20T17:48:06.564+0000] {dag.py:2594} INFO - Creating ORM DAG for example_branch_dop_operator_v3
[2022-09-20T17:48:06.606+0000] {logging_mixin.py:117} INFO - [2022-09-20T17:48:06.606+0000] {dag.py:3328} INFO - Setting next_dagrun for example_branch_dop_operator_v3 to 2022-09-20T17:47:00+00:00, run_after=2022-09-20T17:48:00+00:00
[2022-09-20T17:48:06.671+0000] {processor.py:178} INFO - Processing /home/airflow/.local/lib/python3.7/site-packages/airflow/example_dags/example_branch_python_dop_operator_3.py took 2.704 seconds
[2022-09-20T17:48:37.988+0000] {processor.py:156} INFO - Started process (PID=597) to work on /home/airflow/.local/lib/python3.7/site-packages/airflow/example_dags/example_branch_python_dop_operator_3.py
[2022-09-20T17:48:38.032+0000] {processor.py:758} INFO - Processing file /home/airflow/.local/lib/python3.7/site-packages/airflow/example_dags/example_branch_python_dop_operator_3.py for tasks to queue
[2022-09-20T17:48:38.037+0000] {logging_mixin.py:117} INFO - [2022-09-20T17:48:38.037+0000] {dagbag.py:525} INFO - Filling up the DagBag from /home/airflow/.local/lib/python3.7/site-packages/airflow/example_dags/example_branch_python_dop_operator_3.py
[2022-09-20T17:48:38.127+0000] {processor.py:768} INFO - DAG(s) dict_keys(['example_branch_dop_operator_v3']) retrieved from /home/airflow/.local/lib/python3.7/site-packages/airflow/example_dags/example_branch_python_dop_operator_3.py
[2022-09-20T17:48:38.302+0000] {logging_mixin.py:117} INFO - [2022-09-20T17:48:38.302+0000] {dag.py:2573} INFO - Sync 1 DAGs
[2022-09-20T17:48:39.051+0000] {logging_mixin.py:117} INFO - [2022-09-20T17:48:39.051+0000] {dag.py:3328} INFO - Setting next_dagrun for example_branch_dop_operator_v3 to 2022-09-20T17:47:00+00:00, run_after=2022-09-20T17:48:00+00:00
[2022-09-20T17:48:39.137+0000] {processor.py:178} INFO - Processing /home/airflow/.local/lib/python3.7/site-packages/airflow/example_dags/example_branch_python_dop_operator_3.py took 1.152 seconds
[2022-09-20T17:49:09.905+0000] {processor.py:156} INFO - Started process (PID=805) to work on /home/airflow/.local/lib/python3.7/site-packages/airflow/example_dags/example_branch_python_dop_operator_3.py
[2022-09-20T17:49:09.949+0000] {processor.py:758} INFO - Processing file /home/airflow/.local/lib/python3.7/site-packages/airflow/example_dags/example_branch_python_dop_operator_3.py for tasks to queue
[2022-09-20T17:49:09.962+0000] {logging_mixin.py:117} INFO - [2022-09-20T17:49:09.959+0000] {dagbag.py:525} INFO - Filling up the DagBag from /home/airflow/.local/lib/python3.7/site-packages/airflow/example_dags/example_branch_python_dop_operator_3.py
[2022-09-20T17:49:10.080+0000] {processor.py:768} INFO - DAG(s) dict_keys(['example_branch_dop_operator_v3']) retrieved from /home/airflow/.local/lib/python3.7/site-packages/airflow/example_dags/example_branch_python_dop_operator_3.py
[2022-09-20T17:49:11.095+0000] {logging_mixin.py:117} INFO - [2022-09-20T17:49:11.095+0000] {dag.py:2573} INFO - Sync 1 DAGs
[2022-09-20T17:49:11.222+0000] {logging_mixin.py:117} INFO - [2022-09-20T17:49:11.222+0000] {dag.py:3328} INFO - Setting next_dagrun for example_branch_dop_operator_v3 to 2022-09-20T17:48:00+00:00, run_after=2022-09-20T17:49:00+00:00
[2022-09-20T17:49:11.309+0000] {processor.py:178} INFO - Processing /home/airflow/.local/lib/python3.7/site-packages/airflow/example_dags/example_branch_python_dop_operator_3.py took 1.407 seconds
