[2022-09-20T17:47:54.933+0000] {processor.py:156} INFO - Started process (PID=340) to work on /home/airflow/.local/lib/python3.7/site-packages/airflow/example_dags/example_branch_labels.py
[2022-09-20T17:47:54.936+0000] {processor.py:758} INFO - Processing file /home/airflow/.local/lib/python3.7/site-packages/airflow/example_dags/example_branch_labels.py for tasks to queue
[2022-09-20T17:47:54.945+0000] {logging_mixin.py:117} INFO - [2022-09-20T17:47:54.941+0000] {dagbag.py:525} INFO - Filling up the DagBag from /home/airflow/.local/lib/python3.7/site-packages/airflow/example_dags/example_branch_labels.py
[2022-09-20T17:47:55.039+0000] {processor.py:768} INFO - DAG(s) dict_keys(['example_branch_labels']) retrieved from /home/airflow/.local/lib/python3.7/site-packages/airflow/example_dags/example_branch_labels.py
[2022-09-20T17:47:56.067+0000] {logging_mixin.py:117} INFO - [2022-09-20T17:47:56.067+0000] {manager.py:508} INFO - Created Permission View: can delete on DAG:example_branch_labels
[2022-09-20T17:47:56.098+0000] {logging_mixin.py:117} INFO - [2022-09-20T17:47:56.098+0000] {manager.py:508} INFO - Created Permission View: can read on DAG:example_branch_labels
[2022-09-20T17:47:56.231+0000] {logging_mixin.py:117} INFO - [2022-09-20T17:47:56.231+0000] {manager.py:508} INFO - Created Permission View: can edit on DAG:example_branch_labels
[2022-09-20T17:47:56.232+0000] {logging_mixin.py:117} INFO - [2022-09-20T17:47:56.232+0000] {dag.py:2573} INFO - Sync 1 DAGs
[2022-09-20T17:47:56.456+0000] {logging_mixin.py:117} INFO - [2022-09-20T17:47:56.456+0000] {dag.py:2594} INFO - Creating ORM DAG for example_branch_labels
[2022-09-20T17:47:56.540+0000] {logging_mixin.py:117} INFO - [2022-09-20T17:47:56.539+0000] {dag.py:3328} INFO - Setting next_dagrun for example_branch_labels to 2022-09-19T00:00:00+00:00, run_after=2022-09-20T00:00:00+00:00
[2022-09-20T17:47:56.673+0000] {processor.py:178} INFO - Processing /home/airflow/.local/lib/python3.7/site-packages/airflow/example_dags/example_branch_labels.py took 1.744 seconds
[2022-09-20T17:48:30.314+0000] {processor.py:156} INFO - Started process (PID=536) to work on /home/airflow/.local/lib/python3.7/site-packages/airflow/example_dags/example_branch_labels.py
[2022-09-20T17:48:30.321+0000] {processor.py:758} INFO - Processing file /home/airflow/.local/lib/python3.7/site-packages/airflow/example_dags/example_branch_labels.py for tasks to queue
[2022-09-20T17:48:30.345+0000] {logging_mixin.py:117} INFO - [2022-09-20T17:48:30.332+0000] {dagbag.py:525} INFO - Filling up the DagBag from /home/airflow/.local/lib/python3.7/site-packages/airflow/example_dags/example_branch_labels.py
[2022-09-20T17:48:30.750+0000] {processor.py:768} INFO - DAG(s) dict_keys(['example_branch_labels']) retrieved from /home/airflow/.local/lib/python3.7/site-packages/airflow/example_dags/example_branch_labels.py
[2022-09-20T17:48:31.077+0000] {logging_mixin.py:117} INFO - [2022-09-20T17:48:31.077+0000] {dag.py:2573} INFO - Sync 1 DAGs
[2022-09-20T17:48:32.094+0000] {logging_mixin.py:117} INFO - [2022-09-20T17:48:32.094+0000] {dag.py:3328} INFO - Setting next_dagrun for example_branch_labels to 2022-09-19T00:00:00+00:00, run_after=2022-09-20T00:00:00+00:00
[2022-09-20T17:48:32.157+0000] {processor.py:178} INFO - Processing /home/airflow/.local/lib/python3.7/site-packages/airflow/example_dags/example_branch_labels.py took 1.904 seconds
[2022-09-20T17:49:02.834+0000] {processor.py:156} INFO - Started process (PID=734) to work on /home/airflow/.local/lib/python3.7/site-packages/airflow/example_dags/example_branch_labels.py
[2022-09-20T17:49:02.850+0000] {processor.py:758} INFO - Processing file /home/airflow/.local/lib/python3.7/site-packages/airflow/example_dags/example_branch_labels.py for tasks to queue
[2022-09-20T17:49:02.850+0000] {logging_mixin.py:117} INFO - [2022-09-20T17:49:02.850+0000] {dagbag.py:525} INFO - Filling up the DagBag from /home/airflow/.local/lib/python3.7/site-packages/airflow/example_dags/example_branch_labels.py
[2022-09-20T17:49:02.912+0000] {processor.py:768} INFO - DAG(s) dict_keys(['example_branch_labels']) retrieved from /home/airflow/.local/lib/python3.7/site-packages/airflow/example_dags/example_branch_labels.py
[2022-09-20T17:49:03.681+0000] {logging_mixin.py:117} INFO - [2022-09-20T17:49:03.681+0000] {dag.py:2573} INFO - Sync 1 DAGs
[2022-09-20T17:49:03.742+0000] {logging_mixin.py:117} INFO - [2022-09-20T17:49:03.742+0000] {dag.py:3328} INFO - Setting next_dagrun for example_branch_labels to 2022-09-19T00:00:00+00:00, run_after=2022-09-20T00:00:00+00:00
[2022-09-20T17:49:03.823+0000] {processor.py:178} INFO - Processing /home/airflow/.local/lib/python3.7/site-packages/airflow/example_dags/example_branch_labels.py took 0.992 seconds
[2022-09-20T17:50:06.242+0000] {processor.py:156} INFO - Started process (PID=950) to work on /home/airflow/.local/lib/python3.7/site-packages/airflow/example_dags/example_branch_labels.py
[2022-09-20T17:50:06.315+0000] {processor.py:758} INFO - Processing file /home/airflow/.local/lib/python3.7/site-packages/airflow/example_dags/example_branch_labels.py for tasks to queue
[2022-09-20T17:50:06.392+0000] {logging_mixin.py:117} INFO - [2022-09-20T17:50:06.392+0000] {dagbag.py:525} INFO - Filling up the DagBag from /home/airflow/.local/lib/python3.7/site-packages/airflow/example_dags/example_branch_labels.py
[2022-09-20T17:50:07.637+0000] {processor.py:768} INFO - DAG(s) dict_keys(['example_branch_labels']) retrieved from /home/airflow/.local/lib/python3.7/site-packages/airflow/example_dags/example_branch_labels.py
[2022-09-20T17:50:34.199+0000] {logging_mixin.py:117} INFO - [2022-09-20T17:50:34.198+0000] {dag.py:2573} INFO - Sync 1 DAGs
[2022-09-20T17:50:34.398+0000] {logging_mixin.py:117} INFO - [2022-09-20T17:50:34.398+0000] {dag.py:3328} INFO - Setting next_dagrun for example_branch_labels to 2022-09-19T00:00:00+00:00, run_after=2022-09-20T00:00:00+00:00
[2022-09-20T17:50:34.638+0000] {processor.py:178} INFO - Processing /home/airflow/.local/lib/python3.7/site-packages/airflow/example_dags/example_branch_labels.py took 28.546 seconds
