[2022-09-20T17:47:27.205+0000] {processor.py:156} INFO - Started process (PID=268) to work on /home/airflow/.local/lib/python3.7/site-packages/airflow/example_dags/example_skip_dag.py
[2022-09-20T17:47:27.223+0000] {processor.py:758} INFO - Processing file /home/airflow/.local/lib/python3.7/site-packages/airflow/example_dags/example_skip_dag.py for tasks to queue
[2022-09-20T17:47:27.224+0000] {logging_mixin.py:117} INFO - [2022-09-20T17:47:27.223+0000] {dagbag.py:525} INFO - Filling up the DagBag from /home/airflow/.local/lib/python3.7/site-packages/airflow/example_dags/example_skip_dag.py
[2022-09-20T17:47:27.899+0000] {processor.py:768} INFO - DAG(s) dict_keys(['example_skip_dag']) retrieved from /home/airflow/.local/lib/python3.7/site-packages/airflow/example_dags/example_skip_dag.py
[2022-09-20T17:47:36.691+0000] {logging_mixin.py:117} INFO - [2022-09-20T17:47:36.691+0000] {manager.py:508} INFO - Created Permission View: can delete on DAG:example_skip_dag
[2022-09-20T17:47:36.840+0000] {logging_mixin.py:117} INFO - [2022-09-20T17:47:36.839+0000] {manager.py:508} INFO - Created Permission View: can read on DAG:example_skip_dag
[2022-09-20T17:47:36.927+0000] {logging_mixin.py:117} INFO - [2022-09-20T17:47:36.926+0000] {manager.py:508} INFO - Created Permission View: can edit on DAG:example_skip_dag
[2022-09-20T17:47:36.932+0000] {logging_mixin.py:117} INFO - [2022-09-20T17:47:36.932+0000] {dag.py:2573} INFO - Sync 1 DAGs
[2022-09-20T17:47:37.047+0000] {logging_mixin.py:117} INFO - [2022-09-20T17:47:37.046+0000] {dag.py:2594} INFO - Creating ORM DAG for example_skip_dag
[2022-09-20T17:47:37.175+0000] {logging_mixin.py:117} INFO - [2022-09-20T17:47:37.175+0000] {dag.py:3328} INFO - Setting next_dagrun for example_skip_dag to 2022-09-19T17:47:37.153774+00:00, run_after=2022-09-20T17:47:37.153774+00:00
[2022-09-20T17:47:37.349+0000] {processor.py:178} INFO - Processing /home/airflow/.local/lib/python3.7/site-packages/airflow/example_dags/example_skip_dag.py took 10.841 seconds
[2022-09-20T17:48:13.045+0000] {processor.py:156} INFO - Started process (PID=469) to work on /home/airflow/.local/lib/python3.7/site-packages/airflow/example_dags/example_skip_dag.py
[2022-09-20T17:48:13.060+0000] {processor.py:758} INFO - Processing file /home/airflow/.local/lib/python3.7/site-packages/airflow/example_dags/example_skip_dag.py for tasks to queue
[2022-09-20T17:48:13.061+0000] {logging_mixin.py:117} INFO - [2022-09-20T17:48:13.061+0000] {dagbag.py:525} INFO - Filling up the DagBag from /home/airflow/.local/lib/python3.7/site-packages/airflow/example_dags/example_skip_dag.py
[2022-09-20T17:48:13.102+0000] {processor.py:768} INFO - DAG(s) dict_keys(['example_skip_dag']) retrieved from /home/airflow/.local/lib/python3.7/site-packages/airflow/example_dags/example_skip_dag.py
[2022-09-20T17:48:13.200+0000] {logging_mixin.py:117} INFO - [2022-09-20T17:48:13.200+0000] {dag.py:2573} INFO - Sync 1 DAGs
[2022-09-20T17:48:13.687+0000] {logging_mixin.py:117} INFO - [2022-09-20T17:48:13.687+0000] {dag.py:3328} INFO - Setting next_dagrun for example_skip_dag to 2022-09-19T17:48:13.686900+00:00, run_after=2022-09-20T17:48:13.686900+00:00
[2022-09-20T17:48:13.743+0000] {processor.py:178} INFO - Processing /home/airflow/.local/lib/python3.7/site-packages/airflow/example_dags/example_skip_dag.py took 0.702 seconds
[2022-09-20T17:48:47.180+0000] {processor.py:156} INFO - Started process (PID=667) to work on /home/airflow/.local/lib/python3.7/site-packages/airflow/example_dags/example_skip_dag.py
[2022-09-20T17:48:47.213+0000] {processor.py:758} INFO - Processing file /home/airflow/.local/lib/python3.7/site-packages/airflow/example_dags/example_skip_dag.py for tasks to queue
[2022-09-20T17:48:47.214+0000] {logging_mixin.py:117} INFO - [2022-09-20T17:48:47.214+0000] {dagbag.py:525} INFO - Filling up the DagBag from /home/airflow/.local/lib/python3.7/site-packages/airflow/example_dags/example_skip_dag.py
[2022-09-20T17:48:49.166+0000] {processor.py:768} INFO - DAG(s) dict_keys(['example_skip_dag']) retrieved from /home/airflow/.local/lib/python3.7/site-packages/airflow/example_dags/example_skip_dag.py
[2022-09-20T17:48:49.362+0000] {logging_mixin.py:117} INFO - [2022-09-20T17:48:49.362+0000] {dag.py:2573} INFO - Sync 1 DAGs
[2022-09-20T17:48:49.840+0000] {logging_mixin.py:117} INFO - [2022-09-20T17:48:49.840+0000] {dag.py:3328} INFO - Setting next_dagrun for example_skip_dag to 2022-09-19T17:48:49.839796+00:00, run_after=2022-09-20T17:48:49.839796+00:00
[2022-09-20T17:48:49.882+0000] {processor.py:178} INFO - Processing /home/airflow/.local/lib/python3.7/site-packages/airflow/example_dags/example_skip_dag.py took 2.885 seconds
[2022-09-20T17:49:20.065+0000] {processor.py:156} INFO - Started process (PID=871) to work on /home/airflow/.local/lib/python3.7/site-packages/airflow/example_dags/example_skip_dag.py
[2022-09-20T17:49:20.158+0000] {processor.py:758} INFO - Processing file /home/airflow/.local/lib/python3.7/site-packages/airflow/example_dags/example_skip_dag.py for tasks to queue
[2022-09-20T17:49:20.159+0000] {logging_mixin.py:117} INFO - [2022-09-20T17:49:20.159+0000] {dagbag.py:525} INFO - Filling up the DagBag from /home/airflow/.local/lib/python3.7/site-packages/airflow/example_dags/example_skip_dag.py
[2022-09-20T17:49:20.224+0000] {processor.py:768} INFO - DAG(s) dict_keys(['example_skip_dag']) retrieved from /home/airflow/.local/lib/python3.7/site-packages/airflow/example_dags/example_skip_dag.py
[2022-09-20T17:49:22.976+0000] {logging_mixin.py:117} INFO - [2022-09-20T17:49:22.953+0000] {dag.py:2573} INFO - Sync 1 DAGs
[2022-09-20T17:49:24.041+0000] {logging_mixin.py:117} INFO - [2022-09-20T17:49:24.041+0000] {dag.py:3328} INFO - Setting next_dagrun for example_skip_dag to 2022-09-19T17:49:24.041288+00:00, run_after=2022-09-20T17:49:24.041288+00:00
[2022-09-20T17:49:24.359+0000] {processor.py:178} INFO - Processing /home/airflow/.local/lib/python3.7/site-packages/airflow/example_dags/example_skip_dag.py took 4.298 seconds
[2022-09-20T17:51:31.219+0000] {processor.py:156} INFO - Started process (PID=1103) to work on /home/airflow/.local/lib/python3.7/site-packages/airflow/example_dags/example_skip_dag.py
[2022-09-20T17:51:31.230+0000] {processor.py:758} INFO - Processing file /home/airflow/.local/lib/python3.7/site-packages/airflow/example_dags/example_skip_dag.py for tasks to queue
[2022-09-20T17:51:31.232+0000] {logging_mixin.py:117} INFO - [2022-09-20T17:51:31.231+0000] {dagbag.py:525} INFO - Filling up the DagBag from /home/airflow/.local/lib/python3.7/site-packages/airflow/example_dags/example_skip_dag.py
[2022-09-20T17:51:31.378+0000] {processor.py:768} INFO - DAG(s) dict_keys(['example_skip_dag']) retrieved from /home/airflow/.local/lib/python3.7/site-packages/airflow/example_dags/example_skip_dag.py
[2022-09-20T17:51:31.875+0000] {logging_mixin.py:117} INFO - [2022-09-20T17:51:31.874+0000] {dag.py:2573} INFO - Sync 1 DAGs
[2022-09-20T17:51:32.230+0000] {logging_mixin.py:117} INFO - [2022-09-20T17:51:32.230+0000] {dag.py:3328} INFO - Setting next_dagrun for example_skip_dag to 2022-09-19T17:51:32.230054+00:00, run_after=2022-09-20T17:51:32.230054+00:00
[2022-09-20T17:51:32.381+0000] {processor.py:178} INFO - Processing /home/airflow/.local/lib/python3.7/site-packages/airflow/example_dags/example_skip_dag.py took 1.180 seconds
