[2022-09-20T17:47:56.524+0000] {processor.py:156} INFO - Started process (PID=345) to work on /home/airflow/.local/lib/python3.7/site-packages/airflow/example_dags/example_sla_dag.py
[2022-09-20T17:47:56.567+0000] {processor.py:758} INFO - Processing file /home/airflow/.local/lib/python3.7/site-packages/airflow/example_dags/example_sla_dag.py for tasks to queue
[2022-09-20T17:47:56.567+0000] {logging_mixin.py:117} INFO - [2022-09-20T17:47:56.567+0000] {dagbag.py:525} INFO - Filling up the DagBag from /home/airflow/.local/lib/python3.7/site-packages/airflow/example_dags/example_sla_dag.py
[2022-09-20T17:47:56.694+0000] {processor.py:768} INFO - DAG(s) dict_keys(['example_sla_dag']) retrieved from /home/airflow/.local/lib/python3.7/site-packages/airflow/example_dags/example_sla_dag.py
[2022-09-20T17:47:57.588+0000] {logging_mixin.py:117} INFO - [2022-09-20T17:47:57.588+0000] {manager.py:508} INFO - Created Permission View: can delete on DAG:example_sla_dag
[2022-09-20T17:47:57.614+0000] {logging_mixin.py:117} INFO - [2022-09-20T17:47:57.614+0000] {manager.py:508} INFO - Created Permission View: can read on DAG:example_sla_dag
[2022-09-20T17:47:57.645+0000] {logging_mixin.py:117} INFO - [2022-09-20T17:47:57.645+0000] {manager.py:508} INFO - Created Permission View: can edit on DAG:example_sla_dag
[2022-09-20T17:47:57.645+0000] {logging_mixin.py:117} INFO - [2022-09-20T17:47:57.645+0000] {dag.py:2573} INFO - Sync 1 DAGs
[2022-09-20T17:47:57.670+0000] {logging_mixin.py:117} INFO - [2022-09-20T17:47:57.670+0000] {dag.py:2594} INFO - Creating ORM DAG for example_sla_dag
[2022-09-20T17:47:57.695+0000] {logging_mixin.py:117} INFO - [2022-09-20T17:47:57.695+0000] {dag.py:3328} INFO - Setting next_dagrun for example_sla_dag to 2022-09-20T17:44:00+00:00, run_after=2022-09-20T17:46:00+00:00
[2022-09-20T17:47:57.749+0000] {processor.py:178} INFO - Processing /home/airflow/.local/lib/python3.7/site-packages/airflow/example_dags/example_sla_dag.py took 1.228 seconds
[2022-09-20T17:48:32.469+0000] {processor.py:156} INFO - Started process (PID=543) to work on /home/airflow/.local/lib/python3.7/site-packages/airflow/example_dags/example_sla_dag.py
[2022-09-20T17:48:32.472+0000] {processor.py:758} INFO - Processing file /home/airflow/.local/lib/python3.7/site-packages/airflow/example_dags/example_sla_dag.py for tasks to queue
[2022-09-20T17:48:32.478+0000] {logging_mixin.py:117} INFO - [2022-09-20T17:48:32.478+0000] {dagbag.py:525} INFO - Filling up the DagBag from /home/airflow/.local/lib/python3.7/site-packages/airflow/example_dags/example_sla_dag.py
[2022-09-20T17:48:32.644+0000] {processor.py:768} INFO - DAG(s) dict_keys(['example_sla_dag']) retrieved from /home/airflow/.local/lib/python3.7/site-packages/airflow/example_dags/example_sla_dag.py
[2022-09-20T17:48:32.941+0000] {logging_mixin.py:117} INFO - [2022-09-20T17:48:32.941+0000] {dag.py:2573} INFO - Sync 1 DAGs
[2022-09-20T17:48:33.634+0000] {logging_mixin.py:117} INFO - [2022-09-20T17:48:33.634+0000] {dag.py:3328} INFO - Setting next_dagrun for example_sla_dag to 2022-09-20T17:46:00+00:00, run_after=2022-09-20T17:48:00+00:00
[2022-09-20T17:48:33.681+0000] {processor.py:178} INFO - Processing /home/airflow/.local/lib/python3.7/site-packages/airflow/example_dags/example_sla_dag.py took 1.294 seconds
[2022-09-20T17:49:03.785+0000] {processor.py:156} INFO - Started process (PID=741) to work on /home/airflow/.local/lib/python3.7/site-packages/airflow/example_dags/example_sla_dag.py
[2022-09-20T17:49:03.804+0000] {processor.py:758} INFO - Processing file /home/airflow/.local/lib/python3.7/site-packages/airflow/example_dags/example_sla_dag.py for tasks to queue
[2022-09-20T17:49:03.810+0000] {logging_mixin.py:117} INFO - [2022-09-20T17:49:03.810+0000] {dagbag.py:525} INFO - Filling up the DagBag from /home/airflow/.local/lib/python3.7/site-packages/airflow/example_dags/example_sla_dag.py
[2022-09-20T17:49:03.897+0000] {processor.py:768} INFO - DAG(s) dict_keys(['example_sla_dag']) retrieved from /home/airflow/.local/lib/python3.7/site-packages/airflow/example_dags/example_sla_dag.py
[2022-09-20T17:49:04.433+0000] {logging_mixin.py:117} INFO - [2022-09-20T17:49:04.433+0000] {dag.py:2573} INFO - Sync 1 DAGs
[2022-09-20T17:49:04.482+0000] {logging_mixin.py:117} INFO - [2022-09-20T17:49:04.482+0000] {dag.py:3328} INFO - Setting next_dagrun for example_sla_dag to 2022-09-20T17:46:00+00:00, run_after=2022-09-20T17:48:00+00:00
[2022-09-20T17:49:04.525+0000] {processor.py:178} INFO - Processing /home/airflow/.local/lib/python3.7/site-packages/airflow/example_dags/example_sla_dag.py took 0.749 seconds
[2022-09-20T17:50:34.876+0000] {processor.py:156} INFO - Started process (PID=968) to work on /home/airflow/.local/lib/python3.7/site-packages/airflow/example_dags/example_sla_dag.py
[2022-09-20T17:50:34.897+0000] {processor.py:758} INFO - Processing file /home/airflow/.local/lib/python3.7/site-packages/airflow/example_dags/example_sla_dag.py for tasks to queue
[2022-09-20T17:50:34.943+0000] {logging_mixin.py:117} INFO - [2022-09-20T17:50:34.931+0000] {dagbag.py:525} INFO - Filling up the DagBag from /home/airflow/.local/lib/python3.7/site-packages/airflow/example_dags/example_sla_dag.py
[2022-09-20T17:50:43.524+0000] {processor.py:768} INFO - DAG(s) dict_keys(['example_sla_dag']) retrieved from /home/airflow/.local/lib/python3.7/site-packages/airflow/example_dags/example_sla_dag.py
[2022-09-20T17:50:44.701+0000] {logging_mixin.py:117} INFO - [2022-09-20T17:50:44.701+0000] {dag.py:2573} INFO - Sync 1 DAGs
[2022-09-20T17:50:45.475+0000] {logging_mixin.py:117} INFO - [2022-09-20T17:50:45.475+0000] {dag.py:3328} INFO - Setting next_dagrun for example_sla_dag to 2022-09-20T17:48:00+00:00, run_after=2022-09-20T17:50:00+00:00
[2022-09-20T17:50:46.578+0000] {processor.py:178} INFO - Processing /home/airflow/.local/lib/python3.7/site-packages/airflow/example_dags/example_sla_dag.py took 11.717 seconds
