[2022-09-20T17:47:41.703+0000] {processor.py:156} INFO - Started process (PID=286) to work on /home/airflow/.local/lib/python3.7/site-packages/airflow/example_dags/example_branch_datetime_operator.py
[2022-09-20T17:47:41.705+0000] {processor.py:758} INFO - Processing file /home/airflow/.local/lib/python3.7/site-packages/airflow/example_dags/example_branch_datetime_operator.py for tasks to queue
[2022-09-20T17:47:41.728+0000] {logging_mixin.py:117} INFO - [2022-09-20T17:47:41.706+0000] {dagbag.py:525} INFO - Filling up the DagBag from /home/airflow/.local/lib/python3.7/site-packages/airflow/example_dags/example_branch_datetime_operator.py
[2022-09-20T17:47:41.875+0000] {processor.py:768} INFO - DAG(s) dict_keys(['example_branch_datetime_operator_2', 'example_branch_datetime_operator', 'example_branch_datetime_operator_3']) retrieved from /home/airflow/.local/lib/python3.7/site-packages/airflow/example_dags/example_branch_datetime_operator.py
[2022-09-20T17:47:43.580+0000] {logging_mixin.py:117} INFO - [2022-09-20T17:47:43.580+0000] {manager.py:508} INFO - Created Permission View: can delete on DAG:example_branch_datetime_operator_2
[2022-09-20T17:47:43.771+0000] {logging_mixin.py:117} INFO - [2022-09-20T17:47:43.771+0000] {manager.py:508} INFO - Created Permission View: can read on DAG:example_branch_datetime_operator_2
[2022-09-20T17:47:43.810+0000] {logging_mixin.py:117} INFO - [2022-09-20T17:47:43.810+0000] {manager.py:508} INFO - Created Permission View: can edit on DAG:example_branch_datetime_operator_2
[2022-09-20T17:47:43.901+0000] {logging_mixin.py:117} INFO - [2022-09-20T17:47:43.901+0000] {manager.py:508} INFO - Created Permission View: can delete on DAG:example_branch_datetime_operator
[2022-09-20T17:47:43.940+0000] {logging_mixin.py:117} INFO - [2022-09-20T17:47:43.940+0000] {manager.py:508} INFO - Created Permission View: can read on DAG:example_branch_datetime_operator
[2022-09-20T17:47:43.970+0000] {logging_mixin.py:117} INFO - [2022-09-20T17:47:43.970+0000] {manager.py:508} INFO - Created Permission View: can edit on DAG:example_branch_datetime_operator
[2022-09-20T17:47:44.029+0000] {logging_mixin.py:117} INFO - [2022-09-20T17:47:44.029+0000] {manager.py:508} INFO - Created Permission View: can delete on DAG:example_branch_datetime_operator_3
[2022-09-20T17:47:44.075+0000] {logging_mixin.py:117} INFO - [2022-09-20T17:47:44.075+0000] {manager.py:508} INFO - Created Permission View: can read on DAG:example_branch_datetime_operator_3
[2022-09-20T17:47:44.111+0000] {logging_mixin.py:117} INFO - [2022-09-20T17:47:44.111+0000] {manager.py:508} INFO - Created Permission View: can edit on DAG:example_branch_datetime_operator_3
[2022-09-20T17:47:44.111+0000] {logging_mixin.py:117} INFO - [2022-09-20T17:47:44.111+0000] {dag.py:2573} INFO - Sync 3 DAGs
[2022-09-20T17:47:44.157+0000] {logging_mixin.py:117} INFO - [2022-09-20T17:47:44.157+0000] {dag.py:2594} INFO - Creating ORM DAG for example_branch_datetime_operator_2
[2022-09-20T17:47:44.158+0000] {logging_mixin.py:117} INFO - [2022-09-20T17:47:44.158+0000] {dag.py:2594} INFO - Creating ORM DAG for example_branch_datetime_operator_3
[2022-09-20T17:47:44.158+0000] {logging_mixin.py:117} INFO - [2022-09-20T17:47:44.158+0000] {dag.py:2594} INFO - Creating ORM DAG for example_branch_datetime_operator
[2022-09-20T17:47:44.204+0000] {logging_mixin.py:117} INFO - [2022-09-20T17:47:44.204+0000] {dag.py:3328} INFO - Setting next_dagrun for example_branch_datetime_operator to 2022-09-19T00:00:00+00:00, run_after=2022-09-20T00:00:00+00:00
[2022-09-20T17:47:44.221+0000] {logging_mixin.py:117} INFO - [2022-09-20T17:47:44.221+0000] {dag.py:3328} INFO - Setting next_dagrun for example_branch_datetime_operator_2 to 2022-09-19T00:00:00+00:00, run_after=2022-09-20T00:00:00+00:00
[2022-09-20T17:47:44.240+0000] {logging_mixin.py:117} INFO - [2022-09-20T17:47:44.239+0000] {dag.py:3328} INFO - Setting next_dagrun for example_branch_datetime_operator_3 to 2022-09-19T00:00:00+00:00, run_after=2022-09-20T00:00:00+00:00
[2022-09-20T17:47:44.354+0000] {processor.py:178} INFO - Processing /home/airflow/.local/lib/python3.7/site-packages/airflow/example_dags/example_branch_datetime_operator.py took 2.680 seconds
[2022-09-20T17:48:14.635+0000] {processor.py:156} INFO - Started process (PID=484) to work on /home/airflow/.local/lib/python3.7/site-packages/airflow/example_dags/example_branch_datetime_operator.py
[2022-09-20T17:48:14.642+0000] {processor.py:758} INFO - Processing file /home/airflow/.local/lib/python3.7/site-packages/airflow/example_dags/example_branch_datetime_operator.py for tasks to queue
[2022-09-20T17:48:14.657+0000] {logging_mixin.py:117} INFO - [2022-09-20T17:48:14.657+0000] {dagbag.py:525} INFO - Filling up the DagBag from /home/airflow/.local/lib/python3.7/site-packages/airflow/example_dags/example_branch_datetime_operator.py
[2022-09-20T17:48:14.710+0000] {processor.py:768} INFO - DAG(s) dict_keys(['example_branch_datetime_operator', 'example_branch_datetime_operator_3', 'example_branch_datetime_operator_2']) retrieved from /home/airflow/.local/lib/python3.7/site-packages/airflow/example_dags/example_branch_datetime_operator.py
[2022-09-20T17:48:14.864+0000] {logging_mixin.py:117} INFO - [2022-09-20T17:48:14.864+0000] {dag.py:2573} INFO - Sync 3 DAGs
[2022-09-20T17:48:15.321+0000] {logging_mixin.py:117} INFO - [2022-09-20T17:48:15.321+0000] {dag.py:3328} INFO - Setting next_dagrun for example_branch_datetime_operator to 2022-09-19T00:00:00+00:00, run_after=2022-09-20T00:00:00+00:00
[2022-09-20T17:48:15.326+0000] {logging_mixin.py:117} INFO - [2022-09-20T17:48:15.326+0000] {dag.py:3328} INFO - Setting next_dagrun for example_branch_datetime_operator_2 to 2022-09-19T00:00:00+00:00, run_after=2022-09-20T00:00:00+00:00
[2022-09-20T17:48:15.329+0000] {logging_mixin.py:117} INFO - [2022-09-20T17:48:15.329+0000] {dag.py:3328} INFO - Setting next_dagrun for example_branch_datetime_operator_3 to 2022-09-19T00:00:00+00:00, run_after=2022-09-20T00:00:00+00:00
[2022-09-20T17:48:15.364+0000] {processor.py:178} INFO - Processing /home/airflow/.local/lib/python3.7/site-packages/airflow/example_dags/example_branch_datetime_operator.py took 0.732 seconds
[2022-09-20T17:48:51.077+0000] {processor.py:156} INFO - Started process (PID=689) to work on /home/airflow/.local/lib/python3.7/site-packages/airflow/example_dags/example_branch_datetime_operator.py
[2022-09-20T17:48:51.106+0000] {processor.py:758} INFO - Processing file /home/airflow/.local/lib/python3.7/site-packages/airflow/example_dags/example_branch_datetime_operator.py for tasks to queue
[2022-09-20T17:48:51.109+0000] {logging_mixin.py:117} INFO - [2022-09-20T17:48:51.108+0000] {dagbag.py:525} INFO - Filling up the DagBag from /home/airflow/.local/lib/python3.7/site-packages/airflow/example_dags/example_branch_datetime_operator.py
[2022-09-20T17:48:51.318+0000] {processor.py:768} INFO - DAG(s) dict_keys(['example_branch_datetime_operator_2', 'example_branch_datetime_operator', 'example_branch_datetime_operator_3']) retrieved from /home/airflow/.local/lib/python3.7/site-packages/airflow/example_dags/example_branch_datetime_operator.py
[2022-09-20T17:48:51.646+0000] {logging_mixin.py:117} INFO - [2022-09-20T17:48:51.646+0000] {dag.py:2573} INFO - Sync 3 DAGs
[2022-09-20T17:48:52.620+0000] {logging_mixin.py:117} INFO - [2022-09-20T17:48:52.619+0000] {dag.py:3328} INFO - Setting next_dagrun for example_branch_datetime_operator to 2022-09-19T00:00:00+00:00, run_after=2022-09-20T00:00:00+00:00
[2022-09-20T17:48:52.625+0000] {logging_mixin.py:117} INFO - [2022-09-20T17:48:52.625+0000] {dag.py:3328} INFO - Setting next_dagrun for example_branch_datetime_operator_2 to 2022-09-19T00:00:00+00:00, run_after=2022-09-20T00:00:00+00:00
[2022-09-20T17:48:52.650+0000] {logging_mixin.py:117} INFO - [2022-09-20T17:48:52.650+0000] {dag.py:3328} INFO - Setting next_dagrun for example_branch_datetime_operator_3 to 2022-09-19T00:00:00+00:00, run_after=2022-09-20T00:00:00+00:00
[2022-09-20T17:48:52.686+0000] {processor.py:178} INFO - Processing /home/airflow/.local/lib/python3.7/site-packages/airflow/example_dags/example_branch_datetime_operator.py took 1.613 seconds
[2022-09-20T17:49:36.242+0000] {processor.py:156} INFO - Started process (PID=889) to work on /home/airflow/.local/lib/python3.7/site-packages/airflow/example_dags/example_branch_datetime_operator.py
[2022-09-20T17:49:36.246+0000] {processor.py:758} INFO - Processing file /home/airflow/.local/lib/python3.7/site-packages/airflow/example_dags/example_branch_datetime_operator.py for tasks to queue
[2022-09-20T17:49:36.256+0000] {logging_mixin.py:117} INFO - [2022-09-20T17:49:36.254+0000] {dagbag.py:525} INFO - Filling up the DagBag from /home/airflow/.local/lib/python3.7/site-packages/airflow/example_dags/example_branch_datetime_operator.py
[2022-09-20T17:49:36.625+0000] {processor.py:768} INFO - DAG(s) dict_keys(['example_branch_datetime_operator', 'example_branch_datetime_operator_3', 'example_branch_datetime_operator_2']) retrieved from /home/airflow/.local/lib/python3.7/site-packages/airflow/example_dags/example_branch_datetime_operator.py
[2022-09-20T17:49:39.343+0000] {logging_mixin.py:117} INFO - [2022-09-20T17:49:39.343+0000] {dag.py:2573} INFO - Sync 3 DAGs
[2022-09-20T17:49:39.454+0000] {logging_mixin.py:117} INFO - [2022-09-20T17:49:39.453+0000] {dag.py:3328} INFO - Setting next_dagrun for example_branch_datetime_operator to 2022-09-19T00:00:00+00:00, run_after=2022-09-20T00:00:00+00:00
[2022-09-20T17:49:39.485+0000] {logging_mixin.py:117} INFO - [2022-09-20T17:49:39.485+0000] {dag.py:3328} INFO - Setting next_dagrun for example_branch_datetime_operator_2 to 2022-09-19T00:00:00+00:00, run_after=2022-09-20T00:00:00+00:00
[2022-09-20T17:49:39.489+0000] {logging_mixin.py:117} INFO - [2022-09-20T17:49:39.488+0000] {dag.py:3328} INFO - Setting next_dagrun for example_branch_datetime_operator_3 to 2022-09-19T00:00:00+00:00, run_after=2022-09-20T00:00:00+00:00
[2022-09-20T17:49:39.558+0000] {processor.py:178} INFO - Processing /home/airflow/.local/lib/python3.7/site-packages/airflow/example_dags/example_branch_datetime_operator.py took 3.348 seconds
[2022-09-20T17:51:33.708+0000] {processor.py:156} INFO - Started process (PID=1118) to work on /home/airflow/.local/lib/python3.7/site-packages/airflow/example_dags/example_branch_datetime_operator.py
[2022-09-20T17:51:33.730+0000] {processor.py:758} INFO - Processing file /home/airflow/.local/lib/python3.7/site-packages/airflow/example_dags/example_branch_datetime_operator.py for tasks to queue
[2022-09-20T17:51:33.745+0000] {logging_mixin.py:117} INFO - [2022-09-20T17:51:33.745+0000] {dagbag.py:525} INFO - Filling up the DagBag from /home/airflow/.local/lib/python3.7/site-packages/airflow/example_dags/example_branch_datetime_operator.py
[2022-09-20T17:51:33.905+0000] {processor.py:768} INFO - DAG(s) dict_keys(['example_branch_datetime_operator_3', 'example_branch_datetime_operator_2', 'example_branch_datetime_operator']) retrieved from /home/airflow/.local/lib/python3.7/site-packages/airflow/example_dags/example_branch_datetime_operator.py
[2022-09-20T17:51:34.363+0000] {logging_mixin.py:117} INFO - [2022-09-20T17:51:34.363+0000] {dag.py:2573} INFO - Sync 3 DAGs
[2022-09-20T17:51:34.556+0000] {logging_mixin.py:117} INFO - [2022-09-20T17:51:34.556+0000] {dag.py:3328} INFO - Setting next_dagrun for example_branch_datetime_operator to 2022-09-19T00:00:00+00:00, run_after=2022-09-20T00:00:00+00:00
[2022-09-20T17:51:34.684+0000] {logging_mixin.py:117} INFO - [2022-09-20T17:51:34.660+0000] {dag.py:3328} INFO - Setting next_dagrun for example_branch_datetime_operator_2 to 2022-09-19T00:00:00+00:00, run_after=2022-09-20T00:00:00+00:00
[2022-09-20T17:51:34.738+0000] {logging_mixin.py:117} INFO - [2022-09-20T17:51:34.738+0000] {dag.py:3328} INFO - Setting next_dagrun for example_branch_datetime_operator_3 to 2022-09-19T00:00:00+00:00, run_after=2022-09-20T00:00:00+00:00
[2022-09-20T17:51:35.512+0000] {processor.py:178} INFO - Processing /home/airflow/.local/lib/python3.7/site-packages/airflow/example_dags/example_branch_datetime_operator.py took 1.845 seconds
