[2022-09-20T17:47:23.432+0000] {processor.py:156} INFO - Started process (PID=256) to work on /home/airflow/.local/lib/python3.7/site-packages/airflow/example_dags/example_branch_operator_decorator.py
[2022-09-20T17:47:23.458+0000] {processor.py:758} INFO - Processing file /home/airflow/.local/lib/python3.7/site-packages/airflow/example_dags/example_branch_operator_decorator.py for tasks to queue
[2022-09-20T17:47:23.470+0000] {logging_mixin.py:117} INFO - [2022-09-20T17:47:23.470+0000] {dagbag.py:525} INFO - Filling up the DagBag from /home/airflow/.local/lib/python3.7/site-packages/airflow/example_dags/example_branch_operator_decorator.py
[2022-09-20T17:47:25.500+0000] {processor.py:768} INFO - DAG(s) dict_keys(['example_branch_python_operator_decorator']) retrieved from /home/airflow/.local/lib/python3.7/site-packages/airflow/example_dags/example_branch_operator_decorator.py
[2022-09-20T17:47:36.774+0000] {logging_mixin.py:117} INFO - [2022-09-20T17:47:36.774+0000] {manager.py:508} INFO - Created Permission View: can delete on DAG:example_branch_python_operator_decorator
[2022-09-20T17:47:36.943+0000] {logging_mixin.py:117} INFO - [2022-09-20T17:47:36.943+0000] {manager.py:508} INFO - Created Permission View: can read on DAG:example_branch_python_operator_decorator
[2022-09-20T17:47:37.078+0000] {logging_mixin.py:117} INFO - [2022-09-20T17:47:37.077+0000] {manager.py:508} INFO - Created Permission View: can edit on DAG:example_branch_python_operator_decorator
[2022-09-20T17:47:37.078+0000] {logging_mixin.py:117} INFO - [2022-09-20T17:47:37.078+0000] {dag.py:2573} INFO - Sync 1 DAGs
[2022-09-20T17:47:37.160+0000] {logging_mixin.py:117} INFO - [2022-09-20T17:47:37.160+0000] {dag.py:2594} INFO - Creating ORM DAG for example_branch_python_operator_decorator
[2022-09-20T17:47:37.349+0000] {logging_mixin.py:117} INFO - [2022-09-20T17:47:37.349+0000] {dag.py:3328} INFO - Setting next_dagrun for example_branch_python_operator_decorator to 2022-09-19T00:00:00+00:00, run_after=2022-09-20T00:00:00+00:00
[2022-09-20T17:47:37.830+0000] {processor.py:178} INFO - Processing /home/airflow/.local/lib/python3.7/site-packages/airflow/example_dags/example_branch_operator_decorator.py took 14.540 seconds
[2022-09-20T17:48:12.460+0000] {processor.py:156} INFO - Started process (PID=464) to work on /home/airflow/.local/lib/python3.7/site-packages/airflow/example_dags/example_branch_operator_decorator.py
[2022-09-20T17:48:12.465+0000] {processor.py:758} INFO - Processing file /home/airflow/.local/lib/python3.7/site-packages/airflow/example_dags/example_branch_operator_decorator.py for tasks to queue
[2022-09-20T17:48:12.466+0000] {logging_mixin.py:117} INFO - [2022-09-20T17:48:12.465+0000] {dagbag.py:525} INFO - Filling up the DagBag from /home/airflow/.local/lib/python3.7/site-packages/airflow/example_dags/example_branch_operator_decorator.py
[2022-09-20T17:48:12.535+0000] {processor.py:768} INFO - DAG(s) dict_keys(['example_branch_python_operator_decorator']) retrieved from /home/airflow/.local/lib/python3.7/site-packages/airflow/example_dags/example_branch_operator_decorator.py
[2022-09-20T17:48:12.783+0000] {logging_mixin.py:117} INFO - [2022-09-20T17:48:12.783+0000] {dag.py:2573} INFO - Sync 1 DAGs
[2022-09-20T17:48:13.333+0000] {logging_mixin.py:117} INFO - [2022-09-20T17:48:13.333+0000] {dag.py:3328} INFO - Setting next_dagrun for example_branch_python_operator_decorator to 2022-09-19T00:00:00+00:00, run_after=2022-09-20T00:00:00+00:00
[2022-09-20T17:48:13.405+0000] {processor.py:178} INFO - Processing /home/airflow/.local/lib/python3.7/site-packages/airflow/example_dags/example_branch_operator_decorator.py took 0.963 seconds
[2022-09-20T17:48:47.178+0000] {processor.py:156} INFO - Started process (PID=662) to work on /home/airflow/.local/lib/python3.7/site-packages/airflow/example_dags/example_branch_operator_decorator.py
[2022-09-20T17:48:47.198+0000] {processor.py:758} INFO - Processing file /home/airflow/.local/lib/python3.7/site-packages/airflow/example_dags/example_branch_operator_decorator.py for tasks to queue
[2022-09-20T17:48:47.212+0000] {logging_mixin.py:117} INFO - [2022-09-20T17:48:47.212+0000] {dagbag.py:525} INFO - Filling up the DagBag from /home/airflow/.local/lib/python3.7/site-packages/airflow/example_dags/example_branch_operator_decorator.py
[2022-09-20T17:48:49.052+0000] {processor.py:768} INFO - DAG(s) dict_keys(['example_branch_python_operator_decorator']) retrieved from /home/airflow/.local/lib/python3.7/site-packages/airflow/example_dags/example_branch_operator_decorator.py
[2022-09-20T17:48:49.825+0000] {logging_mixin.py:117} INFO - [2022-09-20T17:48:49.825+0000] {dag.py:2573} INFO - Sync 1 DAGs
[2022-09-20T17:48:49.875+0000] {logging_mixin.py:117} INFO - [2022-09-20T17:48:49.875+0000] {dag.py:3328} INFO - Setting next_dagrun for example_branch_python_operator_decorator to 2022-09-19T00:00:00+00:00, run_after=2022-09-20T00:00:00+00:00
[2022-09-20T17:48:49.925+0000] {processor.py:178} INFO - Processing /home/airflow/.local/lib/python3.7/site-packages/airflow/example_dags/example_branch_operator_decorator.py took 2.931 seconds
[2022-09-20T17:49:20.375+0000] {processor.py:156} INFO - Started process (PID=874) to work on /home/airflow/.local/lib/python3.7/site-packages/airflow/example_dags/example_branch_operator_decorator.py
[2022-09-20T17:49:20.418+0000] {processor.py:758} INFO - Processing file /home/airflow/.local/lib/python3.7/site-packages/airflow/example_dags/example_branch_operator_decorator.py for tasks to queue
[2022-09-20T17:49:20.418+0000] {logging_mixin.py:117} INFO - [2022-09-20T17:49:20.418+0000] {dagbag.py:525} INFO - Filling up the DagBag from /home/airflow/.local/lib/python3.7/site-packages/airflow/example_dags/example_branch_operator_decorator.py
[2022-09-20T17:49:20.631+0000] {processor.py:768} INFO - DAG(s) dict_keys(['example_branch_python_operator_decorator']) retrieved from /home/airflow/.local/lib/python3.7/site-packages/airflow/example_dags/example_branch_operator_decorator.py
[2022-09-20T17:49:25.096+0000] {logging_mixin.py:117} INFO - [2022-09-20T17:49:25.096+0000] {dag.py:2573} INFO - Sync 1 DAGs
[2022-09-20T17:49:26.124+0000] {logging_mixin.py:117} INFO - [2022-09-20T17:49:26.124+0000] {dag.py:3328} INFO - Setting next_dagrun for example_branch_python_operator_decorator to 2022-09-19T00:00:00+00:00, run_after=2022-09-20T00:00:00+00:00
[2022-09-20T17:49:26.737+0000] {processor.py:178} INFO - Processing /home/airflow/.local/lib/python3.7/site-packages/airflow/example_dags/example_branch_operator_decorator.py took 6.365 seconds
[2022-09-20T17:51:31.008+0000] {processor.py:156} INFO - Started process (PID=1098) to work on /home/airflow/.local/lib/python3.7/site-packages/airflow/example_dags/example_branch_operator_decorator.py
[2022-09-20T17:51:31.057+0000] {processor.py:758} INFO - Processing file /home/airflow/.local/lib/python3.7/site-packages/airflow/example_dags/example_branch_operator_decorator.py for tasks to queue
[2022-09-20T17:51:31.058+0000] {logging_mixin.py:117} INFO - [2022-09-20T17:51:31.057+0000] {dagbag.py:525} INFO - Filling up the DagBag from /home/airflow/.local/lib/python3.7/site-packages/airflow/example_dags/example_branch_operator_decorator.py
[2022-09-20T17:51:31.271+0000] {processor.py:768} INFO - DAG(s) dict_keys(['example_branch_python_operator_decorator']) retrieved from /home/airflow/.local/lib/python3.7/site-packages/airflow/example_dags/example_branch_operator_decorator.py
[2022-09-20T17:51:31.566+0000] {logging_mixin.py:117} INFO - [2022-09-20T17:51:31.566+0000] {dag.py:2573} INFO - Sync 1 DAGs
[2022-09-20T17:51:31.859+0000] {logging_mixin.py:117} INFO - [2022-09-20T17:51:31.859+0000] {dag.py:3328} INFO - Setting next_dagrun for example_branch_python_operator_decorator to 2022-09-19T00:00:00+00:00, run_after=2022-09-20T00:00:00+00:00
[2022-09-20T17:51:32.018+0000] {processor.py:178} INFO - Processing /home/airflow/.local/lib/python3.7/site-packages/airflow/example_dags/example_branch_operator_decorator.py took 1.013 seconds
