[2022-09-20T17:47:57.814+0000] {processor.py:156} INFO - Started process (PID=355) to work on /home/airflow/.local/lib/python3.7/site-packages/airflow/example_dags/example_nested_branch_dag.py
[2022-09-20T17:47:57.821+0000] {processor.py:758} INFO - Processing file /home/airflow/.local/lib/python3.7/site-packages/airflow/example_dags/example_nested_branch_dag.py for tasks to queue
[2022-09-20T17:47:57.830+0000] {logging_mixin.py:117} INFO - [2022-09-20T17:47:57.830+0000] {dagbag.py:525} INFO - Filling up the DagBag from /home/airflow/.local/lib/python3.7/site-packages/airflow/example_dags/example_nested_branch_dag.py
[2022-09-20T17:47:57.923+0000] {processor.py:768} INFO - DAG(s) dict_keys(['example_nested_branch_dag']) retrieved from /home/airflow/.local/lib/python3.7/site-packages/airflow/example_dags/example_nested_branch_dag.py
[2022-09-20T17:47:58.742+0000] {logging_mixin.py:117} INFO - [2022-09-20T17:47:58.742+0000] {manager.py:508} INFO - Created Permission View: can delete on DAG:example_nested_branch_dag
[2022-09-20T17:47:58.764+0000] {logging_mixin.py:117} INFO - [2022-09-20T17:47:58.764+0000] {manager.py:508} INFO - Created Permission View: can read on DAG:example_nested_branch_dag
[2022-09-20T17:47:58.780+0000] {logging_mixin.py:117} INFO - [2022-09-20T17:47:58.780+0000] {manager.py:508} INFO - Created Permission View: can edit on DAG:example_nested_branch_dag
[2022-09-20T17:47:58.780+0000] {logging_mixin.py:117} INFO - [2022-09-20T17:47:58.780+0000] {dag.py:2573} INFO - Sync 1 DAGs
[2022-09-20T17:47:58.809+0000] {logging_mixin.py:117} INFO - [2022-09-20T17:47:58.809+0000] {dag.py:2594} INFO - Creating ORM DAG for example_nested_branch_dag
[2022-09-20T17:47:58.845+0000] {logging_mixin.py:117} INFO - [2022-09-20T17:47:58.844+0000] {dag.py:3328} INFO - Setting next_dagrun for example_nested_branch_dag to 2022-09-19T00:00:00+00:00, run_after=2022-09-20T00:00:00+00:00
[2022-09-20T17:47:58.878+0000] {processor.py:178} INFO - Processing /home/airflow/.local/lib/python3.7/site-packages/airflow/example_dags/example_nested_branch_dag.py took 1.068 seconds
[2022-09-20T17:48:33.733+0000] {processor.py:156} INFO - Started process (PID=555) to work on /home/airflow/.local/lib/python3.7/site-packages/airflow/example_dags/example_nested_branch_dag.py
[2022-09-20T17:48:33.738+0000] {processor.py:758} INFO - Processing file /home/airflow/.local/lib/python3.7/site-packages/airflow/example_dags/example_nested_branch_dag.py for tasks to queue
[2022-09-20T17:48:33.739+0000] {logging_mixin.py:117} INFO - [2022-09-20T17:48:33.739+0000] {dagbag.py:525} INFO - Filling up the DagBag from /home/airflow/.local/lib/python3.7/site-packages/airflow/example_dags/example_nested_branch_dag.py
[2022-09-20T17:48:33.787+0000] {processor.py:768} INFO - DAG(s) dict_keys(['example_nested_branch_dag']) retrieved from /home/airflow/.local/lib/python3.7/site-packages/airflow/example_dags/example_nested_branch_dag.py
[2022-09-20T17:48:33.836+0000] {logging_mixin.py:117} INFO - [2022-09-20T17:48:33.836+0000] {dag.py:2573} INFO - Sync 1 DAGs
[2022-09-20T17:48:34.096+0000] {logging_mixin.py:117} INFO - [2022-09-20T17:48:34.096+0000] {dag.py:3328} INFO - Setting next_dagrun for example_nested_branch_dag to 2022-09-19T00:00:00+00:00, run_after=2022-09-20T00:00:00+00:00
[2022-09-20T17:48:34.119+0000] {processor.py:178} INFO - Processing /home/airflow/.local/lib/python3.7/site-packages/airflow/example_dags/example_nested_branch_dag.py took 0.389 seconds
[2022-09-20T17:49:04.618+0000] {processor.py:156} INFO - Started process (PID=751) to work on /home/airflow/.local/lib/python3.7/site-packages/airflow/example_dags/example_nested_branch_dag.py
[2022-09-20T17:49:04.623+0000] {processor.py:758} INFO - Processing file /home/airflow/.local/lib/python3.7/site-packages/airflow/example_dags/example_nested_branch_dag.py for tasks to queue
[2022-09-20T17:49:04.629+0000] {logging_mixin.py:117} INFO - [2022-09-20T17:49:04.629+0000] {dagbag.py:525} INFO - Filling up the DagBag from /home/airflow/.local/lib/python3.7/site-packages/airflow/example_dags/example_nested_branch_dag.py
[2022-09-20T17:49:04.704+0000] {processor.py:768} INFO - DAG(s) dict_keys(['example_nested_branch_dag']) retrieved from /home/airflow/.local/lib/python3.7/site-packages/airflow/example_dags/example_nested_branch_dag.py
[2022-09-20T17:49:05.597+0000] {logging_mixin.py:117} INFO - [2022-09-20T17:49:05.596+0000] {dag.py:2573} INFO - Sync 1 DAGs
[2022-09-20T17:49:05.663+0000] {logging_mixin.py:117} INFO - [2022-09-20T17:49:05.663+0000] {dag.py:3328} INFO - Setting next_dagrun for example_nested_branch_dag to 2022-09-19T00:00:00+00:00, run_after=2022-09-20T00:00:00+00:00
[2022-09-20T17:49:05.728+0000] {processor.py:178} INFO - Processing /home/airflow/.local/lib/python3.7/site-packages/airflow/example_dags/example_nested_branch_dag.py took 1.113 seconds
[2022-09-20T17:50:47.767+0000] {processor.py:156} INFO - Started process (PID=983) to work on /home/airflow/.local/lib/python3.7/site-packages/airflow/example_dags/example_nested_branch_dag.py
[2022-09-20T17:50:47.789+0000] {processor.py:758} INFO - Processing file /home/airflow/.local/lib/python3.7/site-packages/airflow/example_dags/example_nested_branch_dag.py for tasks to queue
[2022-09-20T17:50:47.854+0000] {logging_mixin.py:117} INFO - [2022-09-20T17:50:47.854+0000] {dagbag.py:525} INFO - Filling up the DagBag from /home/airflow/.local/lib/python3.7/site-packages/airflow/example_dags/example_nested_branch_dag.py
[2022-09-20T17:50:56.256+0000] {processor.py:768} INFO - DAG(s) dict_keys(['example_nested_branch_dag']) retrieved from /home/airflow/.local/lib/python3.7/site-packages/airflow/example_dags/example_nested_branch_dag.py
[2022-09-20T17:50:56.394+0000] {logging_mixin.py:117} INFO - [2022-09-20T17:50:56.394+0000] {dag.py:2573} INFO - Sync 1 DAGs
[2022-09-20T17:50:56.463+0000] {logging_mixin.py:117} INFO - [2022-09-20T17:50:56.463+0000] {dag.py:3328} INFO - Setting next_dagrun for example_nested_branch_dag to 2022-09-19T00:00:00+00:00, run_after=2022-09-20T00:00:00+00:00
[2022-09-20T17:50:56.526+0000] {processor.py:178} INFO - Processing /home/airflow/.local/lib/python3.7/site-packages/airflow/example_dags/example_nested_branch_dag.py took 8.902 seconds
