[2022-09-20T17:46:25.055+0000] {processor.py:156} INFO - Started process (PID=198) to work on /home/airflow/.local/lib/python3.7/site-packages/airflow/example_dags/example_python_operator.py
[2022-09-20T17:46:25.055+0000] {processor.py:758} INFO - Processing file /home/airflow/.local/lib/python3.7/site-packages/airflow/example_dags/example_python_operator.py for tasks to queue
[2022-09-20T17:46:25.063+0000] {logging_mixin.py:117} INFO - [2022-09-20T17:46:25.062+0000] {dagbag.py:525} INFO - Filling up the DagBag from /home/airflow/.local/lib/python3.7/site-packages/airflow/example_dags/example_python_operator.py
[2022-09-20T17:46:26.352+0000] {processor.py:768} INFO - DAG(s) dict_keys(['example_python_operator']) retrieved from /home/airflow/.local/lib/python3.7/site-packages/airflow/example_dags/example_python_operator.py
[2022-09-20T17:46:31.432+0000] {logging_mixin.py:117} INFO - [2022-09-20T17:46:31.431+0000] {manager.py:508} INFO - Created Permission View: can delete on DAG:example_python_operator
[2022-09-20T17:46:31.491+0000] {logging_mixin.py:117} INFO - [2022-09-20T17:46:31.491+0000] {manager.py:508} INFO - Created Permission View: can read on DAG:example_python_operator
[2022-09-20T17:46:31.551+0000] {logging_mixin.py:117} INFO - [2022-09-20T17:46:31.551+0000] {manager.py:508} INFO - Created Permission View: can edit on DAG:example_python_operator
[2022-09-20T17:46:31.554+0000] {logging_mixin.py:117} INFO - [2022-09-20T17:46:31.554+0000] {dag.py:2573} INFO - Sync 1 DAGs
[2022-09-20T17:46:31.719+0000] {logging_mixin.py:117} INFO - [2022-09-20T17:46:31.719+0000] {dag.py:2594} INFO - Creating ORM DAG for example_python_operator
[2022-09-20T17:46:31.770+0000] {logging_mixin.py:117} INFO - [2022-09-20T17:46:31.769+0000] {dag.py:3328} INFO - Setting next_dagrun for example_python_operator to None, run_after=None
[2022-09-20T17:46:31.957+0000] {processor.py:178} INFO - Processing /home/airflow/.local/lib/python3.7/site-packages/airflow/example_dags/example_python_operator.py took 7.070 seconds
[2022-09-20T17:48:07.964+0000] {processor.py:156} INFO - Started process (PID=424) to work on /home/airflow/.local/lib/python3.7/site-packages/airflow/example_dags/example_python_operator.py
[2022-09-20T17:48:07.972+0000] {processor.py:758} INFO - Processing file /home/airflow/.local/lib/python3.7/site-packages/airflow/example_dags/example_python_operator.py for tasks to queue
[2022-09-20T17:48:07.973+0000] {logging_mixin.py:117} INFO - [2022-09-20T17:48:07.973+0000] {dagbag.py:525} INFO - Filling up the DagBag from /home/airflow/.local/lib/python3.7/site-packages/airflow/example_dags/example_python_operator.py
[2022-09-20T17:48:08.112+0000] {processor.py:768} INFO - DAG(s) dict_keys(['example_python_operator']) retrieved from /home/airflow/.local/lib/python3.7/site-packages/airflow/example_dags/example_python_operator.py
[2022-09-20T17:48:08.280+0000] {logging_mixin.py:117} INFO - [2022-09-20T17:48:08.280+0000] {dag.py:2573} INFO - Sync 1 DAGs
[2022-09-20T17:48:08.925+0000] {logging_mixin.py:117} INFO - [2022-09-20T17:48:08.925+0000] {dag.py:3328} INFO - Setting next_dagrun for example_python_operator to None, run_after=None
[2022-09-20T17:48:08.992+0000] {processor.py:178} INFO - Processing /home/airflow/.local/lib/python3.7/site-packages/airflow/example_dags/example_python_operator.py took 1.031 seconds
[2022-09-20T17:48:40.268+0000] {processor.py:156} INFO - Started process (PID=622) to work on /home/airflow/.local/lib/python3.7/site-packages/airflow/example_dags/example_python_operator.py
[2022-09-20T17:48:40.282+0000] {processor.py:758} INFO - Processing file /home/airflow/.local/lib/python3.7/site-packages/airflow/example_dags/example_python_operator.py for tasks to queue
[2022-09-20T17:48:40.284+0000] {logging_mixin.py:117} INFO - [2022-09-20T17:48:40.284+0000] {dagbag.py:525} INFO - Filling up the DagBag from /home/airflow/.local/lib/python3.7/site-packages/airflow/example_dags/example_python_operator.py
[2022-09-20T17:48:40.425+0000] {processor.py:768} INFO - DAG(s) dict_keys(['example_python_operator']) retrieved from /home/airflow/.local/lib/python3.7/site-packages/airflow/example_dags/example_python_operator.py
[2022-09-20T17:48:42.019+0000] {logging_mixin.py:117} INFO - [2022-09-20T17:48:42.014+0000] {dag.py:2573} INFO - Sync 1 DAGs
[2022-09-20T17:48:42.149+0000] {logging_mixin.py:117} INFO - [2022-09-20T17:48:42.149+0000] {dag.py:3328} INFO - Setting next_dagrun for example_python_operator to None, run_after=None
[2022-09-20T17:48:42.301+0000] {processor.py:178} INFO - Processing /home/airflow/.local/lib/python3.7/site-packages/airflow/example_dags/example_python_operator.py took 2.064 seconds
[2022-09-20T17:49:12.836+0000] {processor.py:156} INFO - Started process (PID=822) to work on /home/airflow/.local/lib/python3.7/site-packages/airflow/example_dags/example_python_operator.py
[2022-09-20T17:49:12.846+0000] {processor.py:758} INFO - Processing file /home/airflow/.local/lib/python3.7/site-packages/airflow/example_dags/example_python_operator.py for tasks to queue
[2022-09-20T17:49:12.852+0000] {logging_mixin.py:117} INFO - [2022-09-20T17:49:12.852+0000] {dagbag.py:525} INFO - Filling up the DagBag from /home/airflow/.local/lib/python3.7/site-packages/airflow/example_dags/example_python_operator.py
[2022-09-20T17:49:13.018+0000] {processor.py:768} INFO - DAG(s) dict_keys(['example_python_operator']) retrieved from /home/airflow/.local/lib/python3.7/site-packages/airflow/example_dags/example_python_operator.py
[2022-09-20T17:49:13.649+0000] {logging_mixin.py:117} INFO - [2022-09-20T17:49:13.649+0000] {dag.py:2573} INFO - Sync 1 DAGs
[2022-09-20T17:49:13.737+0000] {logging_mixin.py:117} INFO - [2022-09-20T17:49:13.737+0000] {dag.py:3328} INFO - Setting next_dagrun for example_python_operator to None, run_after=None
[2022-09-20T17:49:13.985+0000] {processor.py:178} INFO - Processing /home/airflow/.local/lib/python3.7/site-packages/airflow/example_dags/example_python_operator.py took 1.152 seconds
[2022-09-20T17:51:18.166+0000] {processor.py:156} INFO - Started process (PID=1049) to work on /home/airflow/.local/lib/python3.7/site-packages/airflow/example_dags/example_python_operator.py
[2022-09-20T17:51:18.172+0000] {processor.py:758} INFO - Processing file /home/airflow/.local/lib/python3.7/site-packages/airflow/example_dags/example_python_operator.py for tasks to queue
[2022-09-20T17:51:18.173+0000] {logging_mixin.py:117} INFO - [2022-09-20T17:51:18.173+0000] {dagbag.py:525} INFO - Filling up the DagBag from /home/airflow/.local/lib/python3.7/site-packages/airflow/example_dags/example_python_operator.py
[2022-09-20T17:51:18.857+0000] {processor.py:768} INFO - DAG(s) dict_keys(['example_python_operator']) retrieved from /home/airflow/.local/lib/python3.7/site-packages/airflow/example_dags/example_python_operator.py
[2022-09-20T17:51:19.833+0000] {logging_mixin.py:117} INFO - [2022-09-20T17:51:19.833+0000] {dag.py:2573} INFO - Sync 1 DAGs
[2022-09-20T17:51:20.486+0000] {logging_mixin.py:117} INFO - [2022-09-20T17:51:20.484+0000] {dag.py:3328} INFO - Setting next_dagrun for example_python_operator to None, run_after=None
[2022-09-20T17:51:20.861+0000] {processor.py:178} INFO - Processing /home/airflow/.local/lib/python3.7/site-packages/airflow/example_dags/example_python_operator.py took 2.731 seconds
