[2022-09-20T17:47:17.290+0000] {processor.py:156} INFO - Started process (PID=251) to work on /home/airflow/.local/lib/python3.7/site-packages/airflow/example_dags/example_complex.py
[2022-09-20T17:47:17.299+0000] {processor.py:758} INFO - Processing file /home/airflow/.local/lib/python3.7/site-packages/airflow/example_dags/example_complex.py for tasks to queue
[2022-09-20T17:47:17.301+0000] {logging_mixin.py:117} INFO - [2022-09-20T17:47:17.301+0000] {dagbag.py:525} INFO - Filling up the DagBag from /home/airflow/.local/lib/python3.7/site-packages/airflow/example_dags/example_complex.py
[2022-09-20T17:47:18.392+0000] {processor.py:768} INFO - DAG(s) dict_keys(['example_complex']) retrieved from /home/airflow/.local/lib/python3.7/site-packages/airflow/example_dags/example_complex.py
[2022-09-20T17:47:23.431+0000] {logging_mixin.py:117} INFO - [2022-09-20T17:47:23.431+0000] {manager.py:508} INFO - Created Permission View: can delete on DAG:example_complex
[2022-09-20T17:47:24.010+0000] {logging_mixin.py:117} INFO - [2022-09-20T17:47:24.010+0000] {manager.py:508} INFO - Created Permission View: can read on DAG:example_complex
[2022-09-20T17:47:24.439+0000] {logging_mixin.py:117} INFO - [2022-09-20T17:47:24.439+0000] {manager.py:508} INFO - Created Permission View: can edit on DAG:example_complex
[2022-09-20T17:47:24.440+0000] {logging_mixin.py:117} INFO - [2022-09-20T17:47:24.439+0000] {dag.py:2573} INFO - Sync 1 DAGs
[2022-09-20T17:47:24.794+0000] {logging_mixin.py:117} INFO - [2022-09-20T17:47:24.794+0000] {dag.py:2594} INFO - Creating ORM DAG for example_complex
[2022-09-20T17:47:25.259+0000] {logging_mixin.py:117} INFO - [2022-09-20T17:47:25.259+0000] {dag.py:3328} INFO - Setting next_dagrun for example_complex to None, run_after=None
[2022-09-20T17:47:26.432+0000] {processor.py:178} INFO - Processing /home/airflow/.local/lib/python3.7/site-packages/airflow/example_dags/example_complex.py took 9.276 seconds
[2022-09-20T17:48:11.882+0000] {processor.py:156} INFO - Started process (PID=459) to work on /home/airflow/.local/lib/python3.7/site-packages/airflow/example_dags/example_complex.py
[2022-09-20T17:48:11.900+0000] {processor.py:758} INFO - Processing file /home/airflow/.local/lib/python3.7/site-packages/airflow/example_dags/example_complex.py for tasks to queue
[2022-09-20T17:48:11.901+0000] {logging_mixin.py:117} INFO - [2022-09-20T17:48:11.901+0000] {dagbag.py:525} INFO - Filling up the DagBag from /home/airflow/.local/lib/python3.7/site-packages/airflow/example_dags/example_complex.py
[2022-09-20T17:48:11.957+0000] {processor.py:768} INFO - DAG(s) dict_keys(['example_complex']) retrieved from /home/airflow/.local/lib/python3.7/site-packages/airflow/example_dags/example_complex.py
[2022-09-20T17:48:12.137+0000] {logging_mixin.py:117} INFO - [2022-09-20T17:48:12.136+0000] {dag.py:2573} INFO - Sync 1 DAGs
[2022-09-20T17:48:12.728+0000] {logging_mixin.py:117} INFO - [2022-09-20T17:48:12.728+0000] {dag.py:3328} INFO - Setting next_dagrun for example_complex to None, run_after=None
[2022-09-20T17:48:12.964+0000] {processor.py:178} INFO - Processing /home/airflow/.local/lib/python3.7/site-packages/airflow/example_dags/example_complex.py took 1.085 seconds
[2022-09-20T17:48:44.925+0000] {processor.py:156} INFO - Started process (PID=657) to work on /home/airflow/.local/lib/python3.7/site-packages/airflow/example_dags/example_complex.py
[2022-09-20T17:48:44.964+0000] {processor.py:758} INFO - Processing file /home/airflow/.local/lib/python3.7/site-packages/airflow/example_dags/example_complex.py for tasks to queue
[2022-09-20T17:48:44.966+0000] {logging_mixin.py:117} INFO - [2022-09-20T17:48:44.966+0000] {dagbag.py:525} INFO - Filling up the DagBag from /home/airflow/.local/lib/python3.7/site-packages/airflow/example_dags/example_complex.py
[2022-09-20T17:48:45.066+0000] {processor.py:768} INFO - DAG(s) dict_keys(['example_complex']) retrieved from /home/airflow/.local/lib/python3.7/site-packages/airflow/example_dags/example_complex.py
[2022-09-20T17:48:45.337+0000] {logging_mixin.py:117} INFO - [2022-09-20T17:48:45.336+0000] {dag.py:2573} INFO - Sync 1 DAGs
[2022-09-20T17:48:46.546+0000] {logging_mixin.py:117} INFO - [2022-09-20T17:48:46.546+0000] {dag.py:3328} INFO - Setting next_dagrun for example_complex to None, run_after=None
[2022-09-20T17:48:46.819+0000] {processor.py:178} INFO - Processing /home/airflow/.local/lib/python3.7/site-packages/airflow/example_dags/example_complex.py took 1.897 seconds
[2022-09-20T17:49:17.156+0000] {processor.py:156} INFO - Started process (PID=857) to work on /home/airflow/.local/lib/python3.7/site-packages/airflow/example_dags/example_complex.py
[2022-09-20T17:49:17.157+0000] {processor.py:758} INFO - Processing file /home/airflow/.local/lib/python3.7/site-packages/airflow/example_dags/example_complex.py for tasks to queue
[2022-09-20T17:49:17.158+0000] {logging_mixin.py:117} INFO - [2022-09-20T17:49:17.158+0000] {dagbag.py:525} INFO - Filling up the DagBag from /home/airflow/.local/lib/python3.7/site-packages/airflow/example_dags/example_complex.py
[2022-09-20T17:49:17.184+0000] {processor.py:768} INFO - DAG(s) dict_keys(['example_complex']) retrieved from /home/airflow/.local/lib/python3.7/site-packages/airflow/example_dags/example_complex.py
[2022-09-20T17:49:17.459+0000] {logging_mixin.py:117} INFO - [2022-09-20T17:49:17.459+0000] {dag.py:2573} INFO - Sync 1 DAGs
[2022-09-20T17:49:17.484+0000] {logging_mixin.py:117} INFO - [2022-09-20T17:49:17.484+0000] {dag.py:3328} INFO - Setting next_dagrun for example_complex to None, run_after=None
[2022-09-20T17:49:17.505+0000] {processor.py:178} INFO - Processing /home/airflow/.local/lib/python3.7/site-packages/airflow/example_dags/example_complex.py took 0.352 seconds
[2022-09-20T17:51:29.604+0000] {processor.py:156} INFO - Started process (PID=1093) to work on /home/airflow/.local/lib/python3.7/site-packages/airflow/example_dags/example_complex.py
[2022-09-20T17:51:29.652+0000] {processor.py:758} INFO - Processing file /home/airflow/.local/lib/python3.7/site-packages/airflow/example_dags/example_complex.py for tasks to queue
[2022-09-20T17:51:29.653+0000] {logging_mixin.py:117} INFO - [2022-09-20T17:51:29.653+0000] {dagbag.py:525} INFO - Filling up the DagBag from /home/airflow/.local/lib/python3.7/site-packages/airflow/example_dags/example_complex.py
[2022-09-20T17:51:30.005+0000] {processor.py:768} INFO - DAG(s) dict_keys(['example_complex']) retrieved from /home/airflow/.local/lib/python3.7/site-packages/airflow/example_dags/example_complex.py
[2022-09-20T17:51:30.537+0000] {logging_mixin.py:117} INFO - [2022-09-20T17:51:30.536+0000] {dag.py:2573} INFO - Sync 1 DAGs
[2022-09-20T17:51:30.852+0000] {logging_mixin.py:117} INFO - [2022-09-20T17:51:30.852+0000] {dag.py:3328} INFO - Setting next_dagrun for example_complex to None, run_after=None
[2022-09-20T17:51:31.022+0000] {processor.py:178} INFO - Processing /home/airflow/.local/lib/python3.7/site-packages/airflow/example_dags/example_complex.py took 1.421 seconds
