[2022-09-20T17:47:44.587+0000] {processor.py:156} INFO - Started process (PID=303) to work on /home/airflow/.local/lib/python3.7/site-packages/airflow/example_dags/example_task_group_decorator.py
[2022-09-20T17:47:44.591+0000] {processor.py:758} INFO - Processing file /home/airflow/.local/lib/python3.7/site-packages/airflow/example_dags/example_task_group_decorator.py for tasks to queue
[2022-09-20T17:47:44.609+0000] {logging_mixin.py:117} INFO - [2022-09-20T17:47:44.609+0000] {dagbag.py:525} INFO - Filling up the DagBag from /home/airflow/.local/lib/python3.7/site-packages/airflow/example_dags/example_task_group_decorator.py
[2022-09-20T17:47:45.075+0000] {processor.py:768} INFO - DAG(s) dict_keys(['example_task_group_decorator']) retrieved from /home/airflow/.local/lib/python3.7/site-packages/airflow/example_dags/example_task_group_decorator.py
[2022-09-20T17:47:46.542+0000] {logging_mixin.py:117} INFO - [2022-09-20T17:47:46.542+0000] {manager.py:508} INFO - Created Permission View: can delete on DAG:example_task_group_decorator
[2022-09-20T17:47:46.582+0000] {logging_mixin.py:117} INFO - [2022-09-20T17:47:46.582+0000] {manager.py:508} INFO - Created Permission View: can read on DAG:example_task_group_decorator
[2022-09-20T17:47:46.629+0000] {logging_mixin.py:117} INFO - [2022-09-20T17:47:46.629+0000] {manager.py:508} INFO - Created Permission View: can edit on DAG:example_task_group_decorator
[2022-09-20T17:47:46.633+0000] {logging_mixin.py:117} INFO - [2022-09-20T17:47:46.632+0000] {dag.py:2573} INFO - Sync 1 DAGs
[2022-09-20T17:47:46.695+0000] {logging_mixin.py:117} INFO - [2022-09-20T17:47:46.695+0000] {dag.py:2594} INFO - Creating ORM DAG for example_task_group_decorator
[2022-09-20T17:47:46.758+0000] {logging_mixin.py:117} INFO - [2022-09-20T17:47:46.758+0000] {dag.py:3328} INFO - Setting next_dagrun for example_task_group_decorator to 2022-09-19T17:47:46.757774+00:00, run_after=2022-09-20T17:47:46.757774+00:00
[2022-09-20T17:47:46.852+0000] {processor.py:178} INFO - Processing /home/airflow/.local/lib/python3.7/site-packages/airflow/example_dags/example_task_group_decorator.py took 2.321 seconds
[2022-09-20T17:48:17.470+0000] {processor.py:156} INFO - Started process (PID=496) to work on /home/airflow/.local/lib/python3.7/site-packages/airflow/example_dags/example_task_group_decorator.py
[2022-09-20T17:48:17.494+0000] {processor.py:758} INFO - Processing file /home/airflow/.local/lib/python3.7/site-packages/airflow/example_dags/example_task_group_decorator.py for tasks to queue
[2022-09-20T17:48:17.495+0000] {logging_mixin.py:117} INFO - [2022-09-20T17:48:17.495+0000] {dagbag.py:525} INFO - Filling up the DagBag from /home/airflow/.local/lib/python3.7/site-packages/airflow/example_dags/example_task_group_decorator.py
[2022-09-20T17:48:17.663+0000] {processor.py:768} INFO - DAG(s) dict_keys(['example_task_group_decorator']) retrieved from /home/airflow/.local/lib/python3.7/site-packages/airflow/example_dags/example_task_group_decorator.py
[2022-09-20T17:48:17.918+0000] {logging_mixin.py:117} INFO - [2022-09-20T17:48:17.917+0000] {dag.py:2573} INFO - Sync 1 DAGs
[2022-09-20T17:48:18.684+0000] {logging_mixin.py:117} INFO - [2022-09-20T17:48:18.684+0000] {dag.py:3328} INFO - Setting next_dagrun for example_task_group_decorator to 2022-09-19T17:48:18.684073+00:00, run_after=2022-09-20T17:48:18.684073+00:00
[2022-09-20T17:48:18.740+0000] {processor.py:178} INFO - Processing /home/airflow/.local/lib/python3.7/site-packages/airflow/example_dags/example_task_group_decorator.py took 1.275 seconds
[2022-09-20T17:48:52.815+0000] {processor.py:156} INFO - Started process (PID=701) to work on /home/airflow/.local/lib/python3.7/site-packages/airflow/example_dags/example_task_group_decorator.py
[2022-09-20T17:48:52.847+0000] {processor.py:758} INFO - Processing file /home/airflow/.local/lib/python3.7/site-packages/airflow/example_dags/example_task_group_decorator.py for tasks to queue
[2022-09-20T17:48:52.847+0000] {logging_mixin.py:117} INFO - [2022-09-20T17:48:52.847+0000] {dagbag.py:525} INFO - Filling up the DagBag from /home/airflow/.local/lib/python3.7/site-packages/airflow/example_dags/example_task_group_decorator.py
[2022-09-20T17:48:52.973+0000] {processor.py:768} INFO - DAG(s) dict_keys(['example_task_group_decorator']) retrieved from /home/airflow/.local/lib/python3.7/site-packages/airflow/example_dags/example_task_group_decorator.py
[2022-09-20T17:48:53.768+0000] {logging_mixin.py:117} INFO - [2022-09-20T17:48:53.768+0000] {dag.py:2573} INFO - Sync 1 DAGs
[2022-09-20T17:48:53.835+0000] {logging_mixin.py:117} INFO - [2022-09-20T17:48:53.835+0000] {dag.py:3328} INFO - Setting next_dagrun for example_task_group_decorator to 2022-09-19T17:48:53.835549+00:00, run_after=2022-09-20T17:48:53.835549+00:00
[2022-09-20T17:48:53.904+0000] {processor.py:178} INFO - Processing /home/airflow/.local/lib/python3.7/site-packages/airflow/example_dags/example_task_group_decorator.py took 1.093 seconds
[2022-09-20T17:49:39.793+0000] {processor.py:156} INFO - Started process (PID=906) to work on /home/airflow/.local/lib/python3.7/site-packages/airflow/example_dags/example_task_group_decorator.py
[2022-09-20T17:49:39.815+0000] {processor.py:758} INFO - Processing file /home/airflow/.local/lib/python3.7/site-packages/airflow/example_dags/example_task_group_decorator.py for tasks to queue
[2022-09-20T17:49:39.817+0000] {logging_mixin.py:117} INFO - [2022-09-20T17:49:39.817+0000] {dagbag.py:525} INFO - Filling up the DagBag from /home/airflow/.local/lib/python3.7/site-packages/airflow/example_dags/example_task_group_decorator.py
[2022-09-20T17:49:39.951+0000] {processor.py:768} INFO - DAG(s) dict_keys(['example_task_group_decorator']) retrieved from /home/airflow/.local/lib/python3.7/site-packages/airflow/example_dags/example_task_group_decorator.py
[2022-09-20T17:49:40.993+0000] {logging_mixin.py:117} INFO - [2022-09-20T17:49:40.993+0000] {dag.py:2573} INFO - Sync 1 DAGs
[2022-09-20T17:49:41.179+0000] {logging_mixin.py:117} INFO - [2022-09-20T17:49:41.179+0000] {dag.py:3328} INFO - Setting next_dagrun for example_task_group_decorator to 2022-09-19T17:49:41.179500+00:00, run_after=2022-09-20T17:49:41.179500+00:00
[2022-09-20T17:49:41.344+0000] {processor.py:178} INFO - Processing /home/airflow/.local/lib/python3.7/site-packages/airflow/example_dags/example_task_group_decorator.py took 1.555 seconds
[2022-09-20T17:51:35.737+0000] {processor.py:156} INFO - Started process (PID=1128) to work on /home/airflow/.local/lib/python3.7/site-packages/airflow/example_dags/example_task_group_decorator.py
[2022-09-20T17:51:35.739+0000] {processor.py:758} INFO - Processing file /home/airflow/.local/lib/python3.7/site-packages/airflow/example_dags/example_task_group_decorator.py for tasks to queue
[2022-09-20T17:51:35.739+0000] {logging_mixin.py:117} INFO - [2022-09-20T17:51:35.739+0000] {dagbag.py:525} INFO - Filling up the DagBag from /home/airflow/.local/lib/python3.7/site-packages/airflow/example_dags/example_task_group_decorator.py
[2022-09-20T17:51:36.019+0000] {processor.py:768} INFO - DAG(s) dict_keys(['example_task_group_decorator']) retrieved from /home/airflow/.local/lib/python3.7/site-packages/airflow/example_dags/example_task_group_decorator.py
[2022-09-20T17:51:37.232+0000] {logging_mixin.py:117} INFO - [2022-09-20T17:51:37.231+0000] {dag.py:2573} INFO - Sync 1 DAGs
[2022-09-20T17:51:37.557+0000] {logging_mixin.py:117} INFO - [2022-09-20T17:51:37.557+0000] {dag.py:3328} INFO - Setting next_dagrun for example_task_group_decorator to 2022-09-19T17:51:37.557247+00:00, run_after=2022-09-20T17:51:37.557247+00:00
[2022-09-20T17:51:37.823+0000] {processor.py:178} INFO - Processing /home/airflow/.local/lib/python3.7/site-packages/airflow/example_dags/example_task_group_decorator.py took 2.139 seconds
