[2022-09-20T17:47:38.085+0000] {processor.py:156} INFO - Started process (PID=275) to work on /home/airflow/.local/lib/python3.7/site-packages/airflow/example_dags/example_subdag_operator.py
[2022-09-20T17:47:38.112+0000] {processor.py:758} INFO - Processing file /home/airflow/.local/lib/python3.7/site-packages/airflow/example_dags/example_subdag_operator.py for tasks to queue
[2022-09-20T17:47:38.132+0000] {logging_mixin.py:117} INFO - [2022-09-20T17:47:38.123+0000] {dagbag.py:525} INFO - Filling up the DagBag from /home/airflow/.local/lib/python3.7/site-packages/airflow/example_dags/example_subdag_operator.py
[2022-09-20T17:47:38.731+0000] {processor.py:768} INFO - DAG(s) dict_keys(['example_subdag_operator.section-1', 'example_subdag_operator.section-2', 'example_subdag_operator']) retrieved from /home/airflow/.local/lib/python3.7/site-packages/airflow/example_dags/example_subdag_operator.py
[2022-09-20T17:47:41.578+0000] {logging_mixin.py:117} INFO - [2022-09-20T17:47:41.578+0000] {manager.py:508} INFO - Created Permission View: can delete on DAG:example_subdag_operator
[2022-09-20T17:47:41.625+0000] {logging_mixin.py:117} INFO - [2022-09-20T17:47:41.625+0000] {manager.py:508} INFO - Created Permission View: can read on DAG:example_subdag_operator
[2022-09-20T17:47:41.649+0000] {logging_mixin.py:117} INFO - [2022-09-20T17:47:41.649+0000] {manager.py:508} INFO - Created Permission View: can edit on DAG:example_subdag_operator
[2022-09-20T17:47:41.650+0000] {logging_mixin.py:117} INFO - [2022-09-20T17:47:41.650+0000] {dag.py:2573} INFO - Sync 3 DAGs
[2022-09-20T17:47:41.739+0000] {logging_mixin.py:117} INFO - [2022-09-20T17:47:41.739+0000] {dag.py:2594} INFO - Creating ORM DAG for example_subdag_operator
[2022-09-20T17:47:41.749+0000] {logging_mixin.py:117} INFO - [2022-09-20T17:47:41.749+0000] {dag.py:2594} INFO - Creating ORM DAG for example_subdag_operator.section-1
[2022-09-20T17:47:41.751+0000] {logging_mixin.py:117} INFO - [2022-09-20T17:47:41.750+0000] {dag.py:2594} INFO - Creating ORM DAG for example_subdag_operator.section-2
[2022-09-20T17:47:41.835+0000] {logging_mixin.py:117} INFO - [2022-09-20T17:47:41.835+0000] {dag.py:3328} INFO - Setting next_dagrun for example_subdag_operator to 2022-01-01T00:00:00+00:00, run_after=2022-01-01T00:00:00+00:00
[2022-09-20T17:47:41.837+0000] {logging_mixin.py:117} INFO - [2022-09-20T17:47:41.837+0000] {dag.py:3328} INFO - Setting next_dagrun for example_subdag_operator.section-1 to None, run_after=None
[2022-09-20T17:47:41.846+0000] {logging_mixin.py:117} INFO - [2022-09-20T17:47:41.846+0000] {dag.py:3328} INFO - Setting next_dagrun for example_subdag_operator.section-2 to None, run_after=None
[2022-09-20T17:47:41.880+0000] {logging_mixin.py:117} INFO - [2022-09-20T17:47:41.880+0000] {dag.py:2573} INFO - Sync 2 DAGs
[2022-09-20T17:47:41.926+0000] {logging_mixin.py:117} INFO - [2022-09-20T17:47:41.926+0000] {dag.py:3328} INFO - Setting next_dagrun for example_subdag_operator.section-1 to None, run_after=None
[2022-09-20T17:47:41.933+0000] {logging_mixin.py:117} INFO - [2022-09-20T17:47:41.933+0000] {dag.py:3328} INFO - Setting next_dagrun for example_subdag_operator.section-2 to None, run_after=None
[2022-09-20T17:47:41.996+0000] {processor.py:178} INFO - Processing /home/airflow/.local/lib/python3.7/site-packages/airflow/example_dags/example_subdag_operator.py took 4.128 seconds
[2022-09-20T17:48:13.479+0000] {processor.py:156} INFO - Started process (PID=474) to work on /home/airflow/.local/lib/python3.7/site-packages/airflow/example_dags/example_subdag_operator.py
[2022-09-20T17:48:13.481+0000] {processor.py:758} INFO - Processing file /home/airflow/.local/lib/python3.7/site-packages/airflow/example_dags/example_subdag_operator.py for tasks to queue
[2022-09-20T17:48:13.482+0000] {logging_mixin.py:117} INFO - [2022-09-20T17:48:13.481+0000] {dagbag.py:525} INFO - Filling up the DagBag from /home/airflow/.local/lib/python3.7/site-packages/airflow/example_dags/example_subdag_operator.py
[2022-09-20T17:48:13.585+0000] {processor.py:768} INFO - DAG(s) dict_keys(['example_subdag_operator.section-1', 'example_subdag_operator.section-2', 'example_subdag_operator']) retrieved from /home/airflow/.local/lib/python3.7/site-packages/airflow/example_dags/example_subdag_operator.py
[2022-09-20T17:48:14.586+0000] {logging_mixin.py:117} INFO - [2022-09-20T17:48:14.586+0000] {dag.py:2573} INFO - Sync 3 DAGs
[2022-09-20T17:48:14.673+0000] {logging_mixin.py:117} INFO - [2022-09-20T17:48:14.670+0000] {dag.py:3328} INFO - Setting next_dagrun for example_subdag_operator to 2022-01-01T00:00:00+00:00, run_after=2022-01-01T00:00:00+00:00
[2022-09-20T17:48:14.694+0000] {logging_mixin.py:117} INFO - [2022-09-20T17:48:14.694+0000] {dag.py:3328} INFO - Setting next_dagrun for example_subdag_operator.section-1 to None, run_after=None
[2022-09-20T17:48:14.695+0000] {logging_mixin.py:117} INFO - [2022-09-20T17:48:14.695+0000] {dag.py:3328} INFO - Setting next_dagrun for example_subdag_operator.section-2 to None, run_after=None
[2022-09-20T17:48:14.704+0000] {logging_mixin.py:117} INFO - [2022-09-20T17:48:14.704+0000] {dag.py:2573} INFO - Sync 2 DAGs
[2022-09-20T17:48:14.717+0000] {logging_mixin.py:117} INFO - [2022-09-20T17:48:14.717+0000] {dag.py:3328} INFO - Setting next_dagrun for example_subdag_operator.section-1 to None, run_after=None
[2022-09-20T17:48:14.717+0000] {logging_mixin.py:117} INFO - [2022-09-20T17:48:14.717+0000] {dag.py:3328} INFO - Setting next_dagrun for example_subdag_operator.section-2 to None, run_after=None
[2022-09-20T17:48:14.747+0000] {processor.py:178} INFO - Processing /home/airflow/.local/lib/python3.7/site-packages/airflow/example_dags/example_subdag_operator.py took 1.283 seconds
[2022-09-20T17:48:49.937+0000] {processor.py:156} INFO - Started process (PID=672) to work on /home/airflow/.local/lib/python3.7/site-packages/airflow/example_dags/example_subdag_operator.py
[2022-09-20T17:48:49.959+0000] {processor.py:758} INFO - Processing file /home/airflow/.local/lib/python3.7/site-packages/airflow/example_dags/example_subdag_operator.py for tasks to queue
[2022-09-20T17:48:49.961+0000] {logging_mixin.py:117} INFO - [2022-09-20T17:48:49.960+0000] {dagbag.py:525} INFO - Filling up the DagBag from /home/airflow/.local/lib/python3.7/site-packages/airflow/example_dags/example_subdag_operator.py
[2022-09-20T17:48:50.108+0000] {processor.py:768} INFO - DAG(s) dict_keys(['example_subdag_operator.section-1', 'example_subdag_operator.section-2', 'example_subdag_operator']) retrieved from /home/airflow/.local/lib/python3.7/site-packages/airflow/example_dags/example_subdag_operator.py
[2022-09-20T17:48:51.677+0000] {logging_mixin.py:117} INFO - [2022-09-20T17:48:51.677+0000] {dag.py:2573} INFO - Sync 3 DAGs
[2022-09-20T17:48:51.761+0000] {logging_mixin.py:117} INFO - [2022-09-20T17:48:51.761+0000] {dag.py:3328} INFO - Setting next_dagrun for example_subdag_operator to 2022-01-01T00:00:00+00:00, run_after=2022-01-01T00:00:00+00:00
[2022-09-20T17:48:51.769+0000] {logging_mixin.py:117} INFO - [2022-09-20T17:48:51.768+0000] {dag.py:3328} INFO - Setting next_dagrun for example_subdag_operator.section-1 to None, run_after=None
[2022-09-20T17:48:51.782+0000] {logging_mixin.py:117} INFO - [2022-09-20T17:48:51.782+0000] {dag.py:3328} INFO - Setting next_dagrun for example_subdag_operator.section-2 to None, run_after=None
[2022-09-20T17:48:51.794+0000] {logging_mixin.py:117} INFO - [2022-09-20T17:48:51.793+0000] {dag.py:2573} INFO - Sync 2 DAGs
[2022-09-20T17:48:51.814+0000] {logging_mixin.py:117} INFO - [2022-09-20T17:48:51.813+0000] {dag.py:3328} INFO - Setting next_dagrun for example_subdag_operator.section-1 to None, run_after=None
[2022-09-20T17:48:51.814+0000] {logging_mixin.py:117} INFO - [2022-09-20T17:48:51.814+0000] {dag.py:3328} INFO - Setting next_dagrun for example_subdag_operator.section-2 to None, run_after=None
[2022-09-20T17:48:51.858+0000] {processor.py:178} INFO - Processing /home/airflow/.local/lib/python3.7/site-packages/airflow/example_dags/example_subdag_operator.py took 1.925 seconds
[2022-09-20T17:49:27.638+0000] {processor.py:156} INFO - Started process (PID=884) to work on /home/airflow/.local/lib/python3.7/site-packages/airflow/example_dags/example_subdag_operator.py
[2022-09-20T17:49:27.673+0000] {processor.py:758} INFO - Processing file /home/airflow/.local/lib/python3.7/site-packages/airflow/example_dags/example_subdag_operator.py for tasks to queue
[2022-09-20T17:49:27.674+0000] {logging_mixin.py:117} INFO - [2022-09-20T17:49:27.674+0000] {dagbag.py:525} INFO - Filling up the DagBag from /home/airflow/.local/lib/python3.7/site-packages/airflow/example_dags/example_subdag_operator.py
[2022-09-20T17:49:29.174+0000] {processor.py:768} INFO - DAG(s) dict_keys(['example_subdag_operator.section-1', 'example_subdag_operator.section-2', 'example_subdag_operator']) retrieved from /home/airflow/.local/lib/python3.7/site-packages/airflow/example_dags/example_subdag_operator.py
[2022-09-20T17:49:36.920+0000] {logging_mixin.py:117} INFO - [2022-09-20T17:49:36.920+0000] {dag.py:2573} INFO - Sync 3 DAGs
[2022-09-20T17:49:37.004+0000] {logging_mixin.py:117} INFO - [2022-09-20T17:49:37.002+0000] {dag.py:3328} INFO - Setting next_dagrun for example_subdag_operator to 2022-01-01T00:00:00+00:00, run_after=2022-01-01T00:00:00+00:00
[2022-09-20T17:49:37.052+0000] {logging_mixin.py:117} INFO - [2022-09-20T17:49:37.043+0000] {dag.py:3328} INFO - Setting next_dagrun for example_subdag_operator.section-1 to None, run_after=None
[2022-09-20T17:49:37.101+0000] {logging_mixin.py:117} INFO - [2022-09-20T17:49:37.101+0000] {dag.py:3328} INFO - Setting next_dagrun for example_subdag_operator.section-2 to None, run_after=None
[2022-09-20T17:49:37.378+0000] {logging_mixin.py:117} INFO - [2022-09-20T17:49:37.376+0000] {dag.py:2573} INFO - Sync 2 DAGs
[2022-09-20T17:49:37.604+0000] {logging_mixin.py:117} INFO - [2022-09-20T17:49:37.604+0000] {dag.py:3328} INFO - Setting next_dagrun for example_subdag_operator.section-1 to None, run_after=None
[2022-09-20T17:49:37.605+0000] {logging_mixin.py:117} INFO - [2022-09-20T17:49:37.605+0000] {dag.py:3328} INFO - Setting next_dagrun for example_subdag_operator.section-2 to None, run_after=None
[2022-09-20T17:49:37.835+0000] {processor.py:178} INFO - Processing /home/airflow/.local/lib/python3.7/site-packages/airflow/example_dags/example_subdag_operator.py took 10.447 seconds
[2022-09-20T17:51:32.262+0000] {processor.py:156} INFO - Started process (PID=1108) to work on /home/airflow/.local/lib/python3.7/site-packages/airflow/example_dags/example_subdag_operator.py
[2022-09-20T17:51:32.276+0000] {processor.py:758} INFO - Processing file /home/airflow/.local/lib/python3.7/site-packages/airflow/example_dags/example_subdag_operator.py for tasks to queue
[2022-09-20T17:51:32.277+0000] {logging_mixin.py:117} INFO - [2022-09-20T17:51:32.277+0000] {dagbag.py:525} INFO - Filling up the DagBag from /home/airflow/.local/lib/python3.7/site-packages/airflow/example_dags/example_subdag_operator.py
[2022-09-20T17:51:32.620+0000] {processor.py:768} INFO - DAG(s) dict_keys(['example_subdag_operator.section-1', 'example_subdag_operator.section-2', 'example_subdag_operator']) retrieved from /home/airflow/.local/lib/python3.7/site-packages/airflow/example_dags/example_subdag_operator.py
[2022-09-20T17:51:34.282+0000] {logging_mixin.py:117} INFO - [2022-09-20T17:51:34.281+0000] {dag.py:2573} INFO - Sync 3 DAGs
[2022-09-20T17:51:34.485+0000] {logging_mixin.py:117} INFO - [2022-09-20T17:51:34.485+0000] {dag.py:3328} INFO - Setting next_dagrun for example_subdag_operator to 2022-01-01T00:00:00+00:00, run_after=2022-01-01T00:00:00+00:00
[2022-09-20T17:51:34.495+0000] {logging_mixin.py:117} INFO - [2022-09-20T17:51:34.494+0000] {dag.py:3328} INFO - Setting next_dagrun for example_subdag_operator.section-1 to None, run_after=None
[2022-09-20T17:51:34.520+0000] {logging_mixin.py:117} INFO - [2022-09-20T17:51:34.520+0000] {dag.py:3328} INFO - Setting next_dagrun for example_subdag_operator.section-2 to None, run_after=None
[2022-09-20T17:51:34.638+0000] {logging_mixin.py:117} INFO - [2022-09-20T17:51:34.588+0000] {dag.py:2573} INFO - Sync 2 DAGs
[2022-09-20T17:51:34.745+0000] {logging_mixin.py:117} INFO - [2022-09-20T17:51:34.745+0000] {dag.py:3328} INFO - Setting next_dagrun for example_subdag_operator.section-1 to None, run_after=None
[2022-09-20T17:51:34.746+0000] {logging_mixin.py:117} INFO - [2022-09-20T17:51:34.745+0000] {dag.py:3328} INFO - Setting next_dagrun for example_subdag_operator.section-2 to None, run_after=None
[2022-09-20T17:51:35.277+0000] {processor.py:178} INFO - Processing /home/airflow/.local/lib/python3.7/site-packages/airflow/example_dags/example_subdag_operator.py took 3.031 seconds
