[2022-09-20T17:48:02.993+0000] {processor.py:156} INFO - Started process (PID=385) to work on /home/airflow/.local/lib/python3.7/site-packages/airflow/example_dags/tutorial_dag.py
[2022-09-20T17:48:03.053+0000] {processor.py:758} INFO - Processing file /home/airflow/.local/lib/python3.7/site-packages/airflow/example_dags/tutorial_dag.py for tasks to queue
[2022-09-20T17:48:03.057+0000] {logging_mixin.py:117} INFO - [2022-09-20T17:48:03.057+0000] {dagbag.py:525} INFO - Filling up the DagBag from /home/airflow/.local/lib/python3.7/site-packages/airflow/example_dags/tutorial_dag.py
[2022-09-20T17:48:03.162+0000] {processor.py:768} INFO - DAG(s) dict_keys(['tutorial_dag']) retrieved from /home/airflow/.local/lib/python3.7/site-packages/airflow/example_dags/tutorial_dag.py
[2022-09-20T17:48:05.181+0000] {logging_mixin.py:117} INFO - [2022-09-20T17:48:05.181+0000] {manager.py:508} INFO - Created Permission View: can delete on DAG:tutorial_dag
[2022-09-20T17:48:05.324+0000] {logging_mixin.py:117} INFO - [2022-09-20T17:48:05.324+0000] {manager.py:508} INFO - Created Permission View: can read on DAG:tutorial_dag
[2022-09-20T17:48:05.435+0000] {logging_mixin.py:117} INFO - [2022-09-20T17:48:05.434+0000] {manager.py:508} INFO - Created Permission View: can edit on DAG:tutorial_dag
[2022-09-20T17:48:05.435+0000] {logging_mixin.py:117} INFO - [2022-09-20T17:48:05.435+0000] {dag.py:2573} INFO - Sync 1 DAGs
[2022-09-20T17:48:05.597+0000] {logging_mixin.py:117} INFO - [2022-09-20T17:48:05.597+0000] {dag.py:2594} INFO - Creating ORM DAG for tutorial_dag
[2022-09-20T17:48:05.669+0000] {logging_mixin.py:117} INFO - [2022-09-20T17:48:05.669+0000] {dag.py:3328} INFO - Setting next_dagrun for tutorial_dag to None, run_after=None
[2022-09-20T17:48:05.761+0000] {processor.py:178} INFO - Processing /home/airflow/.local/lib/python3.7/site-packages/airflow/example_dags/tutorial_dag.py took 2.772 seconds
[2022-09-20T17:48:37.289+0000] {processor.py:156} INFO - Started process (PID=592) to work on /home/airflow/.local/lib/python3.7/site-packages/airflow/example_dags/tutorial_dag.py
[2022-09-20T17:48:37.292+0000] {processor.py:758} INFO - Processing file /home/airflow/.local/lib/python3.7/site-packages/airflow/example_dags/tutorial_dag.py for tasks to queue
[2022-09-20T17:48:37.302+0000] {logging_mixin.py:117} INFO - [2022-09-20T17:48:37.302+0000] {dagbag.py:525} INFO - Filling up the DagBag from /home/airflow/.local/lib/python3.7/site-packages/airflow/example_dags/tutorial_dag.py
[2022-09-20T17:48:37.423+0000] {processor.py:768} INFO - DAG(s) dict_keys(['tutorial_dag']) retrieved from /home/airflow/.local/lib/python3.7/site-packages/airflow/example_dags/tutorial_dag.py
[2022-09-20T17:48:37.637+0000] {logging_mixin.py:117} INFO - [2022-09-20T17:48:37.637+0000] {dag.py:2573} INFO - Sync 1 DAGs
[2022-09-20T17:48:38.430+0000] {logging_mixin.py:117} INFO - [2022-09-20T17:48:38.430+0000] {dag.py:3328} INFO - Setting next_dagrun for tutorial_dag to None, run_after=None
[2022-09-20T17:48:38.478+0000] {processor.py:178} INFO - Processing /home/airflow/.local/lib/python3.7/site-packages/airflow/example_dags/tutorial_dag.py took 1.201 seconds
[2022-09-20T17:49:09.076+0000] {processor.py:156} INFO - Started process (PID=790) to work on /home/airflow/.local/lib/python3.7/site-packages/airflow/example_dags/tutorial_dag.py
[2022-09-20T17:49:09.081+0000] {processor.py:758} INFO - Processing file /home/airflow/.local/lib/python3.7/site-packages/airflow/example_dags/tutorial_dag.py for tasks to queue
[2022-09-20T17:49:09.083+0000] {logging_mixin.py:117} INFO - [2022-09-20T17:49:09.083+0000] {dagbag.py:525} INFO - Filling up the DagBag from /home/airflow/.local/lib/python3.7/site-packages/airflow/example_dags/tutorial_dag.py
[2022-09-20T17:49:09.146+0000] {processor.py:768} INFO - DAG(s) dict_keys(['tutorial_dag']) retrieved from /home/airflow/.local/lib/python3.7/site-packages/airflow/example_dags/tutorial_dag.py
[2022-09-20T17:49:10.257+0000] {logging_mixin.py:117} INFO - [2022-09-20T17:49:10.257+0000] {dag.py:2573} INFO - Sync 1 DAGs
[2022-09-20T17:49:10.339+0000] {logging_mixin.py:117} INFO - [2022-09-20T17:49:10.339+0000] {dag.py:3328} INFO - Setting next_dagrun for tutorial_dag to None, run_after=None
[2022-09-20T17:49:10.413+0000] {processor.py:178} INFO - Processing /home/airflow/.local/lib/python3.7/site-packages/airflow/example_dags/tutorial_dag.py took 1.342 seconds
[2022-09-20T17:51:09.615+0000] {processor.py:156} INFO - Started process (PID=1024) to work on /home/airflow/.local/lib/python3.7/site-packages/airflow/example_dags/tutorial_dag.py
[2022-09-20T17:51:09.680+0000] {processor.py:758} INFO - Processing file /home/airflow/.local/lib/python3.7/site-packages/airflow/example_dags/tutorial_dag.py for tasks to queue
[2022-09-20T17:51:09.681+0000] {logging_mixin.py:117} INFO - [2022-09-20T17:51:09.681+0000] {dagbag.py:525} INFO - Filling up the DagBag from /home/airflow/.local/lib/python3.7/site-packages/airflow/example_dags/tutorial_dag.py
[2022-09-20T17:51:15.727+0000] {processor.py:768} INFO - DAG(s) dict_keys(['tutorial_dag']) retrieved from /home/airflow/.local/lib/python3.7/site-packages/airflow/example_dags/tutorial_dag.py
[2022-09-20T17:51:16.105+0000] {logging_mixin.py:117} INFO - [2022-09-20T17:51:16.105+0000] {dag.py:2573} INFO - Sync 1 DAGs
[2022-09-20T17:51:16.247+0000] {logging_mixin.py:117} INFO - [2022-09-20T17:51:16.247+0000] {dag.py:3328} INFO - Setting next_dagrun for tutorial_dag to None, run_after=None
[2022-09-20T17:51:16.393+0000] {processor.py:178} INFO - Processing /home/airflow/.local/lib/python3.7/site-packages/airflow/example_dags/tutorial_dag.py took 6.857 seconds
