[2022-09-20T17:47:47.212+0000] {processor.py:156} INFO - Started process (PID=317) to work on /home/airflow/.local/lib/python3.7/site-packages/airflow/example_dags/tutorial_taskflow_api.py
[2022-09-20T17:47:47.277+0000] {processor.py:758} INFO - Processing file /home/airflow/.local/lib/python3.7/site-packages/airflow/example_dags/tutorial_taskflow_api.py for tasks to queue
[2022-09-20T17:47:47.278+0000] {logging_mixin.py:117} INFO - [2022-09-20T17:47:47.278+0000] {dagbag.py:525} INFO - Filling up the DagBag from /home/airflow/.local/lib/python3.7/site-packages/airflow/example_dags/tutorial_taskflow_api.py
[2022-09-20T17:47:47.550+0000] {processor.py:768} INFO - DAG(s) dict_keys(['tutorial_taskflow_api']) retrieved from /home/airflow/.local/lib/python3.7/site-packages/airflow/example_dags/tutorial_taskflow_api.py
[2022-09-20T17:47:51.532+0000] {logging_mixin.py:117} INFO - [2022-09-20T17:47:51.532+0000] {manager.py:508} INFO - Created Permission View: can delete on DAG:tutorial_taskflow_api
[2022-09-20T17:47:51.606+0000] {logging_mixin.py:117} INFO - [2022-09-20T17:47:51.606+0000] {manager.py:508} INFO - Created Permission View: can read on DAG:tutorial_taskflow_api
[2022-09-20T17:47:51.670+0000] {logging_mixin.py:117} INFO - [2022-09-20T17:47:51.670+0000] {manager.py:508} INFO - Created Permission View: can edit on DAG:tutorial_taskflow_api
[2022-09-20T17:47:51.670+0000] {logging_mixin.py:117} INFO - [2022-09-20T17:47:51.670+0000] {dag.py:2573} INFO - Sync 1 DAGs
[2022-09-20T17:47:51.720+0000] {logging_mixin.py:117} INFO - [2022-09-20T17:47:51.720+0000] {dag.py:2594} INFO - Creating ORM DAG for tutorial_taskflow_api
[2022-09-20T17:47:51.762+0000] {logging_mixin.py:117} INFO - [2022-09-20T17:47:51.757+0000] {dag.py:3328} INFO - Setting next_dagrun for tutorial_taskflow_api to None, run_after=None
[2022-09-20T17:47:51.852+0000] {processor.py:178} INFO - Processing /home/airflow/.local/lib/python3.7/site-packages/airflow/example_dags/tutorial_taskflow_api.py took 4.644 seconds
[2022-09-20T17:48:22.810+0000] {processor.py:156} INFO - Started process (PID=515) to work on /home/airflow/.local/lib/python3.7/site-packages/airflow/example_dags/tutorial_taskflow_api.py
[2022-09-20T17:48:22.819+0000] {processor.py:758} INFO - Processing file /home/airflow/.local/lib/python3.7/site-packages/airflow/example_dags/tutorial_taskflow_api.py for tasks to queue
[2022-09-20T17:48:22.822+0000] {logging_mixin.py:117} INFO - [2022-09-20T17:48:22.822+0000] {dagbag.py:525} INFO - Filling up the DagBag from /home/airflow/.local/lib/python3.7/site-packages/airflow/example_dags/tutorial_taskflow_api.py
[2022-09-20T17:48:23.039+0000] {processor.py:768} INFO - DAG(s) dict_keys(['tutorial_taskflow_api']) retrieved from /home/airflow/.local/lib/python3.7/site-packages/airflow/example_dags/tutorial_taskflow_api.py
[2022-09-20T17:48:24.506+0000] {logging_mixin.py:117} INFO - [2022-09-20T17:48:24.506+0000] {dag.py:2573} INFO - Sync 1 DAGs
[2022-09-20T17:48:25.622+0000] {logging_mixin.py:117} INFO - [2022-09-20T17:48:25.621+0000] {dag.py:3328} INFO - Setting next_dagrun for tutorial_taskflow_api to None, run_after=None
[2022-09-20T17:48:25.844+0000] {processor.py:178} INFO - Processing /home/airflow/.local/lib/python3.7/site-packages/airflow/example_dags/tutorial_taskflow_api.py took 3.037 seconds
[2022-09-20T17:48:56.313+0000] {processor.py:156} INFO - Started process (PID=713) to work on /home/airflow/.local/lib/python3.7/site-packages/airflow/example_dags/tutorial_taskflow_api.py
[2022-09-20T17:48:56.327+0000] {processor.py:758} INFO - Processing file /home/airflow/.local/lib/python3.7/site-packages/airflow/example_dags/tutorial_taskflow_api.py for tasks to queue
[2022-09-20T17:48:56.328+0000] {logging_mixin.py:117} INFO - [2022-09-20T17:48:56.327+0000] {dagbag.py:525} INFO - Filling up the DagBag from /home/airflow/.local/lib/python3.7/site-packages/airflow/example_dags/tutorial_taskflow_api.py
[2022-09-20T17:48:56.394+0000] {processor.py:768} INFO - DAG(s) dict_keys(['tutorial_taskflow_api']) retrieved from /home/airflow/.local/lib/python3.7/site-packages/airflow/example_dags/tutorial_taskflow_api.py
[2022-09-20T17:48:56.895+0000] {logging_mixin.py:117} INFO - [2022-09-20T17:48:56.895+0000] {dag.py:2573} INFO - Sync 1 DAGs
[2022-09-20T17:48:56.946+0000] {logging_mixin.py:117} INFO - [2022-09-20T17:48:56.946+0000] {dag.py:3328} INFO - Setting next_dagrun for tutorial_taskflow_api to None, run_after=None
[2022-09-20T17:48:56.994+0000] {processor.py:178} INFO - Processing /home/airflow/.local/lib/python3.7/site-packages/airflow/example_dags/tutorial_taskflow_api.py took 0.685 seconds
[2022-09-20T17:49:41.470+0000] {processor.py:156} INFO - Started process (PID=918) to work on /home/airflow/.local/lib/python3.7/site-packages/airflow/example_dags/tutorial_taskflow_api.py
[2022-09-20T17:49:41.528+0000] {processor.py:758} INFO - Processing file /home/airflow/.local/lib/python3.7/site-packages/airflow/example_dags/tutorial_taskflow_api.py for tasks to queue
[2022-09-20T17:49:41.529+0000] {logging_mixin.py:117} INFO - [2022-09-20T17:49:41.528+0000] {dagbag.py:525} INFO - Filling up the DagBag from /home/airflow/.local/lib/python3.7/site-packages/airflow/example_dags/tutorial_taskflow_api.py
[2022-09-20T17:49:41.714+0000] {processor.py:768} INFO - DAG(s) dict_keys(['tutorial_taskflow_api']) retrieved from /home/airflow/.local/lib/python3.7/site-packages/airflow/example_dags/tutorial_taskflow_api.py
[2022-09-20T17:49:44.447+0000] {logging_mixin.py:117} INFO - [2022-09-20T17:49:44.447+0000] {dag.py:2573} INFO - Sync 1 DAGs
[2022-09-20T17:49:45.203+0000] {logging_mixin.py:117} INFO - [2022-09-20T17:49:45.203+0000] {dag.py:3328} INFO - Setting next_dagrun for tutorial_taskflow_api to None, run_after=None
[2022-09-20T17:49:45.789+0000] {processor.py:178} INFO - Processing /home/airflow/.local/lib/python3.7/site-packages/airflow/example_dags/tutorial_taskflow_api.py took 4.324 seconds
[2022-09-20T17:51:38.137+0000] {processor.py:156} INFO - Started process (PID=1138) to work on /home/airflow/.local/lib/python3.7/site-packages/airflow/example_dags/tutorial_taskflow_api.py
[2022-09-20T17:51:38.143+0000] {processor.py:758} INFO - Processing file /home/airflow/.local/lib/python3.7/site-packages/airflow/example_dags/tutorial_taskflow_api.py for tasks to queue
[2022-09-20T17:51:38.148+0000] {logging_mixin.py:117} INFO - [2022-09-20T17:51:38.147+0000] {dagbag.py:525} INFO - Filling up the DagBag from /home/airflow/.local/lib/python3.7/site-packages/airflow/example_dags/tutorial_taskflow_api.py
[2022-09-20T17:51:38.784+0000] {processor.py:768} INFO - DAG(s) dict_keys(['tutorial_taskflow_api']) retrieved from /home/airflow/.local/lib/python3.7/site-packages/airflow/example_dags/tutorial_taskflow_api.py
[2022-09-20T17:51:39.522+0000] {logging_mixin.py:117} INFO - [2022-09-20T17:51:39.522+0000] {dag.py:2573} INFO - Sync 1 DAGs
[2022-09-20T17:51:39.838+0000] {logging_mixin.py:117} INFO - [2022-09-20T17:51:39.838+0000] {dag.py:3328} INFO - Setting next_dagrun for tutorial_taskflow_api to None, run_after=None
[2022-09-20T17:51:39.984+0000] {processor.py:178} INFO - Processing /home/airflow/.local/lib/python3.7/site-packages/airflow/example_dags/tutorial_taskflow_api.py took 1.910 seconds
