[2022-09-20T17:47:44.667+0000] {processor.py:156} INFO - Started process (PID=308) to work on /home/airflow/.local/lib/python3.7/site-packages/airflow/example_dags/tutorial_taskflow_api_virtualenv.py
[2022-09-20T17:47:44.674+0000] {processor.py:758} INFO - Processing file /home/airflow/.local/lib/python3.7/site-packages/airflow/example_dags/tutorial_taskflow_api_virtualenv.py for tasks to queue
[2022-09-20T17:47:44.677+0000] {logging_mixin.py:117} INFO - [2022-09-20T17:47:44.677+0000] {dagbag.py:525} INFO - Filling up the DagBag from /home/airflow/.local/lib/python3.7/site-packages/airflow/example_dags/tutorial_taskflow_api_virtualenv.py
[2022-09-20T17:47:45.107+0000] {processor.py:768} INFO - DAG(s) dict_keys(['tutorial_taskflow_api_virtualenv']) retrieved from /home/airflow/.local/lib/python3.7/site-packages/airflow/example_dags/tutorial_taskflow_api_virtualenv.py
[2022-09-20T17:47:46.567+0000] {logging_mixin.py:117} INFO - [2022-09-20T17:47:46.566+0000] {manager.py:508} INFO - Created Permission View: can delete on DAG:tutorial_taskflow_api_virtualenv
[2022-09-20T17:47:46.612+0000] {logging_mixin.py:117} INFO - [2022-09-20T17:47:46.612+0000] {manager.py:508} INFO - Created Permission View: can read on DAG:tutorial_taskflow_api_virtualenv
[2022-09-20T17:47:46.665+0000] {logging_mixin.py:117} INFO - [2022-09-20T17:47:46.663+0000] {manager.py:508} INFO - Created Permission View: can edit on DAG:tutorial_taskflow_api_virtualenv
[2022-09-20T17:47:46.666+0000] {logging_mixin.py:117} INFO - [2022-09-20T17:47:46.666+0000] {dag.py:2573} INFO - Sync 1 DAGs
[2022-09-20T17:47:46.722+0000] {logging_mixin.py:117} INFO - [2022-09-20T17:47:46.722+0000] {dag.py:2594} INFO - Creating ORM DAG for tutorial_taskflow_api_virtualenv
[2022-09-20T17:47:46.780+0000] {logging_mixin.py:117} INFO - [2022-09-20T17:47:46.780+0000] {dag.py:3328} INFO - Setting next_dagrun for tutorial_taskflow_api_virtualenv to None, run_after=None
[2022-09-20T17:47:46.890+0000] {processor.py:178} INFO - Processing /home/airflow/.local/lib/python3.7/site-packages/airflow/example_dags/tutorial_taskflow_api_virtualenv.py took 2.226 seconds
[2022-09-20T17:48:17.492+0000] {processor.py:156} INFO - Started process (PID=498) to work on /home/airflow/.local/lib/python3.7/site-packages/airflow/example_dags/tutorial_taskflow_api_virtualenv.py
[2022-09-20T17:48:17.516+0000] {processor.py:758} INFO - Processing file /home/airflow/.local/lib/python3.7/site-packages/airflow/example_dags/tutorial_taskflow_api_virtualenv.py for tasks to queue
[2022-09-20T17:48:17.517+0000] {logging_mixin.py:117} INFO - [2022-09-20T17:48:17.517+0000] {dagbag.py:525} INFO - Filling up the DagBag from /home/airflow/.local/lib/python3.7/site-packages/airflow/example_dags/tutorial_taskflow_api_virtualenv.py
[2022-09-20T17:48:17.650+0000] {processor.py:768} INFO - DAG(s) dict_keys(['tutorial_taskflow_api_virtualenv']) retrieved from /home/airflow/.local/lib/python3.7/site-packages/airflow/example_dags/tutorial_taskflow_api_virtualenv.py
[2022-09-20T17:48:17.877+0000] {logging_mixin.py:117} INFO - [2022-09-20T17:48:17.877+0000] {dag.py:2573} INFO - Sync 1 DAGs
[2022-09-20T17:48:18.671+0000] {logging_mixin.py:117} INFO - [2022-09-20T17:48:18.671+0000] {dag.py:3328} INFO - Setting next_dagrun for tutorial_taskflow_api_virtualenv to None, run_after=None
[2022-09-20T17:48:18.721+0000] {processor.py:178} INFO - Processing /home/airflow/.local/lib/python3.7/site-packages/airflow/example_dags/tutorial_taskflow_api_virtualenv.py took 1.232 seconds
[2022-09-20T17:48:53.356+0000] {processor.py:156} INFO - Started process (PID=706) to work on /home/airflow/.local/lib/python3.7/site-packages/airflow/example_dags/tutorial_taskflow_api_virtualenv.py
[2022-09-20T17:48:53.385+0000] {processor.py:758} INFO - Processing file /home/airflow/.local/lib/python3.7/site-packages/airflow/example_dags/tutorial_taskflow_api_virtualenv.py for tasks to queue
[2022-09-20T17:48:53.388+0000] {logging_mixin.py:117} INFO - [2022-09-20T17:48:53.388+0000] {dagbag.py:525} INFO - Filling up the DagBag from /home/airflow/.local/lib/python3.7/site-packages/airflow/example_dags/tutorial_taskflow_api_virtualenv.py
[2022-09-20T17:48:53.486+0000] {processor.py:768} INFO - DAG(s) dict_keys(['tutorial_taskflow_api_virtualenv']) retrieved from /home/airflow/.local/lib/python3.7/site-packages/airflow/example_dags/tutorial_taskflow_api_virtualenv.py
[2022-09-20T17:48:54.133+0000] {logging_mixin.py:117} INFO - [2022-09-20T17:48:54.133+0000] {dag.py:2573} INFO - Sync 1 DAGs
[2022-09-20T17:48:54.197+0000] {logging_mixin.py:117} INFO - [2022-09-20T17:48:54.197+0000] {dag.py:3328} INFO - Setting next_dagrun for tutorial_taskflow_api_virtualenv to None, run_after=None
[2022-09-20T17:48:54.241+0000] {processor.py:178} INFO - Processing /home/airflow/.local/lib/python3.7/site-packages/airflow/example_dags/tutorial_taskflow_api_virtualenv.py took 0.888 seconds
[2022-09-20T17:49:40.002+0000] {processor.py:156} INFO - Started process (PID=912) to work on /home/airflow/.local/lib/python3.7/site-packages/airflow/example_dags/tutorial_taskflow_api_virtualenv.py
[2022-09-20T17:49:40.021+0000] {processor.py:758} INFO - Processing file /home/airflow/.local/lib/python3.7/site-packages/airflow/example_dags/tutorial_taskflow_api_virtualenv.py for tasks to queue
[2022-09-20T17:49:40.022+0000] {logging_mixin.py:117} INFO - [2022-09-20T17:49:40.022+0000] {dagbag.py:525} INFO - Filling up the DagBag from /home/airflow/.local/lib/python3.7/site-packages/airflow/example_dags/tutorial_taskflow_api_virtualenv.py
[2022-09-20T17:49:40.149+0000] {processor.py:768} INFO - DAG(s) dict_keys(['tutorial_taskflow_api_virtualenv']) retrieved from /home/airflow/.local/lib/python3.7/site-packages/airflow/example_dags/tutorial_taskflow_api_virtualenv.py
[2022-09-20T17:49:41.393+0000] {logging_mixin.py:117} INFO - [2022-09-20T17:49:41.393+0000] {dag.py:2573} INFO - Sync 1 DAGs
[2022-09-20T17:49:41.611+0000] {logging_mixin.py:117} INFO - [2022-09-20T17:49:41.611+0000] {dag.py:3328} INFO - Setting next_dagrun for tutorial_taskflow_api_virtualenv to None, run_after=None
[2022-09-20T17:49:41.750+0000] {processor.py:178} INFO - Processing /home/airflow/.local/lib/python3.7/site-packages/airflow/example_dags/tutorial_taskflow_api_virtualenv.py took 1.752 seconds
[2022-09-20T17:51:37.833+0000] {processor.py:156} INFO - Started process (PID=1133) to work on /home/airflow/.local/lib/python3.7/site-packages/airflow/example_dags/tutorial_taskflow_api_virtualenv.py
[2022-09-20T17:51:37.837+0000] {processor.py:758} INFO - Processing file /home/airflow/.local/lib/python3.7/site-packages/airflow/example_dags/tutorial_taskflow_api_virtualenv.py for tasks to queue
[2022-09-20T17:51:37.838+0000] {logging_mixin.py:117} INFO - [2022-09-20T17:51:37.838+0000] {dagbag.py:525} INFO - Filling up the DagBag from /home/airflow/.local/lib/python3.7/site-packages/airflow/example_dags/tutorial_taskflow_api_virtualenv.py
[2022-09-20T17:51:38.191+0000] {processor.py:768} INFO - DAG(s) dict_keys(['tutorial_taskflow_api_virtualenv']) retrieved from /home/airflow/.local/lib/python3.7/site-packages/airflow/example_dags/tutorial_taskflow_api_virtualenv.py
[2022-09-20T17:51:39.125+0000] {logging_mixin.py:117} INFO - [2022-09-20T17:51:39.124+0000] {dag.py:2573} INFO - Sync 1 DAGs
[2022-09-20T17:51:39.607+0000] {logging_mixin.py:117} INFO - [2022-09-20T17:51:39.607+0000] {dag.py:3328} INFO - Setting next_dagrun for tutorial_taskflow_api_virtualenv to None, run_after=None
[2022-09-20T17:51:39.833+0000] {processor.py:178} INFO - Processing /home/airflow/.local/lib/python3.7/site-packages/airflow/example_dags/tutorial_taskflow_api_virtualenv.py took 2.135 seconds
