[2022-09-21T11:21:18.852+0000] {processor.py:156} INFO - Started process (PID=180) to work on /opt/airflow/dags/example_dag.py
[2022-09-21T11:21:18.876+0000] {processor.py:758} INFO - Processing file /opt/airflow/dags/example_dag.py for tasks to queue
[2022-09-21T11:21:18.890+0000] {logging_mixin.py:117} INFO - [2022-09-21T11:21:18.890+0000] {dagbag.py:525} INFO - Filling up the DagBag from /opt/airflow/dags/example_dag.py
[2022-09-21T11:21:20.091+0000] {processor.py:768} INFO - DAG(s) dict_keys(['exemplo-dag-docker']) retrieved from /opt/airflow/dags/example_dag.py
[2022-09-21T11:21:20.552+0000] {logging_mixin.py:117} INFO - [2022-09-21T11:21:20.551+0000] {dag.py:2573} INFO - Sync 1 DAGs
[2022-09-21T11:21:20.797+0000] {logging_mixin.py:117} INFO - [2022-09-21T11:21:20.797+0000] {dag.py:3328} INFO - Setting next_dagrun for exemplo-dag-docker to None, run_after=None
[2022-09-21T11:21:20.967+0000] {processor.py:178} INFO - Processing /opt/airflow/dags/example_dag.py took 2.173 seconds
[2022-09-21T11:21:51.495+0000] {processor.py:156} INFO - Started process (PID=204) to work on /opt/airflow/dags/example_dag.py
[2022-09-21T11:21:51.514+0000] {processor.py:758} INFO - Processing file /opt/airflow/dags/example_dag.py for tasks to queue
[2022-09-21T11:21:51.515+0000] {logging_mixin.py:117} INFO - [2022-09-21T11:21:51.514+0000] {dagbag.py:525} INFO - Filling up the DagBag from /opt/airflow/dags/example_dag.py
[2022-09-21T11:21:51.759+0000] {processor.py:768} INFO - DAG(s) dict_keys(['exemplo-dag-docker']) retrieved from /opt/airflow/dags/example_dag.py
[2022-09-21T11:21:51.883+0000] {logging_mixin.py:117} INFO - [2022-09-21T11:21:51.883+0000] {dag.py:2573} INFO - Sync 1 DAGs
[2022-09-21T11:21:52.399+0000] {logging_mixin.py:117} INFO - [2022-09-21T11:21:52.399+0000] {dag.py:3328} INFO - Setting next_dagrun for exemplo-dag-docker to None, run_after=None
[2022-09-21T11:21:52.447+0000] {processor.py:178} INFO - Processing /opt/airflow/dags/example_dag.py took 0.957 seconds
[2022-09-21T11:22:23.416+0000] {processor.py:156} INFO - Started process (PID=228) to work on /opt/airflow/dags/example_dag.py
[2022-09-21T11:22:23.418+0000] {processor.py:758} INFO - Processing file /opt/airflow/dags/example_dag.py for tasks to queue
[2022-09-21T11:22:23.420+0000] {logging_mixin.py:117} INFO - [2022-09-21T11:22:23.419+0000] {dagbag.py:525} INFO - Filling up the DagBag from /opt/airflow/dags/example_dag.py
[2022-09-21T11:22:23.579+0000] {processor.py:768} INFO - DAG(s) dict_keys(['exemplo-dag-docker']) retrieved from /opt/airflow/dags/example_dag.py
[2022-09-21T11:22:24.098+0000] {logging_mixin.py:117} INFO - [2022-09-21T11:22:24.098+0000] {dag.py:2573} INFO - Sync 1 DAGs
[2022-09-21T11:22:26.452+0000] {logging_mixin.py:117} INFO - [2022-09-21T11:22:26.452+0000] {dag.py:3328} INFO - Setting next_dagrun for exemplo-dag-docker to None, run_after=None
